==============  Start =========================================
Date: 01-Apr-2025 08:50:08
siteID = LP1
============== First  stage cleaning LP1 2020 ==============
Reading first stage ini file: 
   C:\Users\Marcella Cross\Desktop\HeatDome_Ameriflux_Cleaning\MicroMet\Projects\My_Micromet\Database\Calculation_Procedures\TraceAnalysis_ini\LP1\LP1_FirstStage.ini 
   34 traces read from the ini file. 
   34 traces exist in the year 2020.
   34 unique traces are kept for processing
Created \Users\Marcella Cross\Desktop\HeatDome_Ameriflux_Cleaning\MicroMet\Projects\My_Micromet\Database\2020\LP1\Flux\Clean
Reading first stage ini file: 
   C:\Users\Marcella Cross\Desktop\HeatDome_Ameriflux_Cleaning\MicroMet\Projects\My_Micromet\Database\Calculation_Procedures\TraceAnalysis_ini\LP1\LP1_FirstStage.ini 
   34 traces read from the ini file. 
   34 traces exist in the year 2020.
   34 unique traces are kept for processing
Reading traces from database...
   Done reading traces.
Cleaning traces....
Automated cleaning ....
Exporting data ...
============== End of cleaning stage 1 =============
==============  Start =========================================
Date: 01-Apr-2025 08:50:29
siteID = LP1
============== Second stage cleaning LP1 2020 ==============
Created \Users\Marcella Cross\Desktop\HeatDome_Ameriflux_Cleaning\MicroMet\Projects\My_Micromet\Database\2020\LP1\Clean\SecondStage
Reading second stage ini file: 
   C:\Users\Marcella Cross\Desktop\HeatDome_Ameriflux_Cleaning\MicroMet\Projects\My_Micromet\Database\Calculation_Procedures\TraceAnalysis_ini\LP1\LP1_SecondStage.ini 
   29 traces read from the ini file. 
   29 traces exist in the year 2020.
   29 unique traces are kept for processing
Reading first stage ini file: 
   C:\Users\Marcella Cross\Desktop\HeatDome_Ameriflux_Cleaning\MicroMet\Projects\My_Micromet\Database\Calculation_Procedures\TraceAnalysis_ini\LP1\LP1_FirstStage.ini 
   34 traces read from the ini file. 
   34 traces exist in the year 2020.
   34 unique traces are kept for processing
Reading data from: 
    \Users\Marcella Cross\Desktop\HeatDome_Ameriflux_Cleaning\MicroMet\Projects\My_Micromet\Database\2020\LP1\Flux\Clean
Reading traces from database...
   Done reading traces.
Exporting data ...
============== End of cleaning stage 2 =============
==============  Start =========================================
Date: 01-Apr-2025 08:50:52
siteID = LP1
============== 7-th stage cleaning LP1 2020 ==============
Created \Users\Marcella Cross\Desktop\HeatDome_Ameriflux_Cleaning\MicroMet\Projects\My_Micromet\Database\2020\LP1\Clean\ThirdStage

============================ YML error check ============================
    {'FYI ------> Processing: ThirdStage: Fluxes: FCH4 set to NULL in site_config.yaml'                                                                                   }
    {'FYI ------> Processing: ThirdStage: Fluxes: FNO2 set to NULL in site_config.yaml'                                                                                   }
    {'Error ----> File not present.     [\Users\Marcella Cross\Desktop\HeatDome_Ameriflux_Cleaning\MicroMet\Projects\My_Micromet\Database\2020\LP1\Clean\SecondStage\SH]' }
    {'Error ----> File not present.     [\Users\Marcella Cross\Desktop\HeatDome_Ameriflux_Cleaning\MicroMet\Projects\My_Micromet\Database\2020\LP1\Clean\SecondStage\SLE]'}


    Third Stage processing cannot proceed!!! [see error(s) above]
========================= End of YML error check ==========================
Retrieving critical messages from Third Stage R log:
============== End of cleaning stage 7 =============
============== 8-th stage. Exporting AmeriFlux csv file for: LP1 2020 ==============
============== End of cleaning stage 9 =============
==============  Start =========================================
Date: 01-Apr-2025 08:51:31
siteID = LP1
============== 7-th stage cleaning LP1 2020 ==============
Deleted contents of \Users\Marcella Cross\Desktop\HeatDome_Ameriflux_Cleaning\MicroMet\Projects\My_Micromet\Database\2020\LP1\Clean\ThirdStage

============================ YML error check ============================
    {'FYI ------> Processing: ThirdStage: Fluxes: FCH4 set to NULL in site_config.yaml'}
    {'FYI ------> Processing: ThirdStage: Fluxes: FNO2 set to NULL in site_config.yaml'}

========================= End of YML error check ==========================
Running the following command: "C:\Program Files\R\R-4.4.3\bin\Rscript.exe" --vanilla "C:\Users\Marcella Cross\Desktop\HeatDome_Ameriflux_Cleaning\MicroMet\Projects\Biomet.net\R\database_functions\ThirdStage.R" "/Users/Marcella Cross/Desktop/HeatDome_Ameriflux_Cleaning/MicroMet/Projects/My_Micromet/Database" LP1 2020 2020 2> "\Users\Marcella Cross\Desktop\HeatDome_Ameriflux_Cleaning\MicroMet\Projects\My_Micromet\Database\Calculation_Procedures\TraceAnalysis_ini\LP1\log\LP1_ThirdStageCleaning.log" 1>&2
Start time: 01-Apr-2025 08:51:31

End time: 01-Apr-2025 08:57:23

Retrieving critical messages from Third Stage R log:
Daytime flux partitioning failed!!!
Skipping daytime flux partitioning!!!
============== End of cleaning stage 7 =============
============== 8-th stage. Exporting AmeriFlux csv file for: LP1 2020 ==============
============== End of cleaning stage 9 =============
==============  Start =========================================
Date: 26-May-2025 13:51:46
siteID = LP1
============== First  stage cleaning LP1 2020 ==============
Reading first stage ini file: 
   C:\Users\Marcella Cross\Desktop\HeatDome_Ameriflux_Cleaning\MicroMet\Projects\My_Micromet\Database\Calculation_Procedures\TraceAnalysis_ini\LP1\LP1_FirstStage.ini 
   35 traces read from the ini file. 
   35 traces exist in the year 2020.
   35 unique traces are kept for processing
Deleted contents of \Users\Marcella Cross\Desktop\HeatDome_Ameriflux_Cleaning\MicroMet\Projects\My_Micromet\Database\2020\LP1\Flux\Clean
Reading first stage ini file: 
   C:\Users\Marcella Cross\Desktop\HeatDome_Ameriflux_Cleaning\MicroMet\Projects\My_Micromet\Database\Calculation_Procedures\TraceAnalysis_ini\LP1\LP1_FirstStage.ini 
   35 traces read from the ini file. 
   35 traces exist in the year 2020.
   35 unique traces are kept for processing
Reading traces from database...
Could not find CO2_1_3_1
Error using read_bor (line 127)
*** Error! File: "\Users\Marcella Cross\Desktop\HeatDome_Ameriflux_Cleaning\MicroMet\Projects\My_Micromet\Database\2020\LP1\Flux\CO2_1_3_1" does not exist!

*** Read Error: CO2 not loaded
   Done reading traces.
Cleaning traces....
Automated cleaning ....
Exporting data ...
============== End of cleaning stage 1 =============
==============  Start =========================================
Date: 26-May-2025 13:53:06
siteID = LP1
============== First  stage cleaning LP1 2020 ==============
Reading first stage ini file: 
   C:\Users\Marcella Cross\Desktop\HeatDome_Ameriflux_Cleaning\MicroMet\Projects\My_Micromet\Database\Calculation_Procedures\TraceAnalysis_ini\LP1\LP1_FirstStage.ini 
   35 traces read from the ini file. 
   35 traces exist in the year 2020.
   35 unique traces are kept for processing
Deleted contents of \Users\Marcella Cross\Desktop\HeatDome_Ameriflux_Cleaning\MicroMet\Projects\My_Micromet\Database\2020\LP1\Flux\Clean
Reading first stage ini file: 
   C:\Users\Marcella Cross\Desktop\HeatDome_Ameriflux_Cleaning\MicroMet\Projects\My_Micromet\Database\Calculation_Procedures\TraceAnalysis_ini\LP1\LP1_FirstStage.ini 
   35 traces read from the ini file. 
   35 traces exist in the year 2020.
   35 unique traces are kept for processing
Reading traces from database...
Could not find CO2_1_3_1
Error using read_bor (line 127)
*** Error! File: "\Users\Marcella Cross\Desktop\HeatDome_Ameriflux_Cleaning\MicroMet\Projects\My_Micromet\Database\2020\LP1\Flux\CO2_1_3_1" does not exist!

*** Read Error: CO2 not loaded
   Done reading traces.
Cleaning traces....
Automated cleaning ....
Exporting data ...
============== End of cleaning stage 1 =============
==============  Start =========================================
Date: 26-May-2025 13:53:36
siteID = LP1
============== First  stage cleaning LP1 2020 ==============
Reading first stage ini file: 
   C:\Users\Marcella Cross\Desktop\HeatDome_Ameriflux_Cleaning\MicroMet\Projects\My_Micromet\Database\Calculation_Procedures\TraceAnalysis_ini\LP1\LP1_FirstStage.ini 
   35 traces read from the ini file. 
   35 traces exist in the year 2020.
   35 unique traces are kept for processing
Deleted contents of \Users\Marcella Cross\Desktop\HeatDome_Ameriflux_Cleaning\MicroMet\Projects\My_Micromet\Database\2020\LP1\Flux\Clean
Reading first stage ini file: 
   C:\Users\Marcella Cross\Desktop\HeatDome_Ameriflux_Cleaning\MicroMet\Projects\My_Micromet\Database\Calculation_Procedures\TraceAnalysis_ini\LP1\LP1_FirstStage.ini 
   35 traces read from the ini file. 
   35 traces exist in the year 2020.
   35 unique traces are kept for processing
Reading traces from database...
Could not find CO2
Error using read_bor (line 127)
*** Error! File: "\Users\Marcella Cross\Desktop\HeatDome_Ameriflux_Cleaning\MicroMet\Projects\My_Micromet\Database\2020\LP1\Flux\CO2" does not exist!

*** Read Error: CO2 not loaded
   Done reading traces.
Cleaning traces....
Automated cleaning ....
Exporting data ...
============== End of cleaning stage 1 =============
==============  Start =========================================
Date: 26-May-2025 13:54:04
siteID = LP1
============== First  stage cleaning LP1 2020 ==============
Reading first stage ini file: 
   C:\Users\Marcella Cross\Desktop\HeatDome_Ameriflux_Cleaning\MicroMet\Projects\My_Micromet\Database\Calculation_Procedures\TraceAnalysis_ini\LP1\LP1_FirstStage.ini 
   35 traces read from the ini file. 
   35 traces exist in the year 2020.
   35 unique traces are kept for processing
Deleted contents of \Users\Marcella Cross\Desktop\HeatDome_Ameriflux_Cleaning\MicroMet\Projects\My_Micromet\Database\2020\LP1\Flux\Clean
Reading first stage ini file: 
   C:\Users\Marcella Cross\Desktop\HeatDome_Ameriflux_Cleaning\MicroMet\Projects\My_Micromet\Database\Calculation_Procedures\TraceAnalysis_ini\LP1\LP1_FirstStage.ini 
   35 traces read from the ini file. 
   35 traces exist in the year 2020.
   35 unique traces are kept for processing
Reading traces from database...
Could not find CO2_1_1_1
Error using read_bor (line 127)
*** Error! File: "\Users\Marcella Cross\Desktop\HeatDome_Ameriflux_Cleaning\MicroMet\Projects\My_Micromet\Database\2020\LP1\Flux\CO2_1_1_1" does not exist!

*** Read Error: CO2 not loaded
   Done reading traces.
Cleaning traces....
Automated cleaning ....
Exporting data ...
============== End of cleaning stage 1 =============
==============  Start =========================================
Date: 27-May-2025 11:44:13
siteID = LP1
============== First  stage cleaning LP1 2020 ==============
Reading first stage ini file: 
   C:\Users\Marcella Cross\Desktop\HeatDome_Ameriflux_Cleaning\MicroMet\Projects\My_Micromet\Database\Calculation_Procedures\TraceAnalysis_ini\LP1\LP1_FirstStage.ini 
   35 traces read from the ini file. 
   35 traces exist in the year 2020.
   35 unique traces are kept for processing
Deleted contents of \Users\Marcella Cross\Desktop\HeatDome_Ameriflux_Cleaning\MicroMet\Projects\My_Micromet\Database\2020\LP1\Flux\Clean
Reading first stage ini file: 
   C:\Users\Marcella Cross\Desktop\HeatDome_Ameriflux_Cleaning\MicroMet\Projects\My_Micromet\Database\Calculation_Procedures\TraceAnalysis_ini\LP1\LP1_FirstStage.ini 
   35 traces read from the ini file. 
   35 traces exist in the year 2020.
   35 unique traces are kept for processing
Reading traces from database...
Could not find CO2_1_1_1
Error using read_bor (line 127)
*** Error! File: "\Users\Marcella Cross\Desktop\HeatDome_Ameriflux_Cleaning\MicroMet\Projects\My_Micromet\Database\2020\LP1\Flux\CO2_1_1_1" does not exist!

*** Read Error: CO2 not loaded
   Done reading traces.
Cleaning traces....
Automated cleaning ....
Exporting data ...
============== End of cleaning stage 1 =============
==============  Start =========================================
Date: 27-May-2025 11:44:31
siteID = LP1
============== Second stage cleaning LP1 2020 ==============
Deleted contents of \Users\Marcella Cross\Desktop\HeatDome_Ameriflux_Cleaning\MicroMet\Projects\My_Micromet\Database\2020\LP1\Clean\SecondStage
Reading second stage ini file: 
   C:\Users\Marcella Cross\Desktop\HeatDome_Ameriflux_Cleaning\MicroMet\Projects\My_Micromet\Database\Calculation_Procedures\TraceAnalysis_ini\LP1\LP1_SecondStage.ini 
   30 traces read from the ini file. 
   30 traces exist in the year 2020.
   30 unique traces are kept for processing
Reading first stage ini file: 
   C:\Users\Marcella Cross\Desktop\HeatDome_Ameriflux_Cleaning\MicroMet\Projects\My_Micromet\Database\Calculation_Procedures\TraceAnalysis_ini\LP1\LP1_FirstStage.ini 
   35 traces read from the ini file. 
   35 traces exist in the year 2020.
   35 unique traces are kept for processing
Reading data from: 
    \Users\Marcella Cross\Desktop\HeatDome_Ameriflux_Cleaning\MicroMet\Projects\My_Micromet\Database\2020\LP1\Flux\Clean
Reading traces from database...
Error processing trace.variableName: CO2
Unable to evaluate: CO2=CO2;
Matlab error message: Unrecognized function or variable 'CO2'.
*** Read Error: CO2 not loaded
{Error using <a href="matlab:matlab.lang.internal.introspective.errorDocCallback('datevecmx')" style="font-weight:bold">datevecmx</a>
Date number out of range.

Error in <a href="matlab:matlab.lang.internal.introspective.errorDocCallback('datevec', 'C:\Program Files\MATLAB\R2024b\toolbox\matlab\timefun\datevec.m', 320)" style="font-weight:bold">datevec</a> (<a href="matlab: opentoline('C:\Program Files\MATLAB\R2024b\toolbox\matlab\timefun\datevec.m',320,0)">line 320</a>)
    [y,mo,d,h,mi,s] = datevecmx(t);

Error in <a href="matlab:matlab.lang.internal.introspective.errorDocCallback('convert_tv', 'C:\Users\Marcella Cross\Desktop\HeatDome_Ameriflux_Cleaning\MicroMet\Projects\Biomet.net\matlab\NEW_MET\convert_tv.m', 144)" style="font-weight:bold">convert_tv</a> (<a href="matlab: opentoline('C:\Users\Marcella Cross\Desktop\HeatDome_Ameriflux_Cleaning\MicroMet\Projects\Biomet.net\matlab\NEW_MET\convert_tv.m',144,0)">line 144</a>)
[year_beginning,~]  = datevec(tv(1));       % ~ is there to make sure year is a scalar

Error in <a href="matlab:matlab.lang.internal.introspective.errorDocCallback('read_data', 'C:\Users\Marcella Cross\Desktop\HeatDome_Ameriflux_Cleaning\MicroMet\Projects\Biomet.net\matlab\TRACEANALYSIS_SECONDSTAGE\read_data.m', 286)" style="font-weight:bold">read_data</a> (<a href="matlab: opentoline('C:\Users\Marcella Cross\Desktop\HeatDome_Ameriflux_Cleaning\MicroMet\Projects\Biomet.net\matlab\TRACEANALYSIS_SECONDSTAGE\read_data.m',286,0)">line 286</a>)
         trace_str(countTraces).DOY = convert_tv( clean_tv,'doy' );

Error in <a href="matlab:matlab.lang.internal.introspective.errorDocCallback('fr_cleaning_siteyear', 'C:\Users\Marcella Cross\Desktop\HeatDome_Ameriflux_Cleaning\MicroMet\Projects\Biomet.net\matlab\NEW_MET\fr_cleaning_siteyear.m', 152)" style="font-weight:bold">fr_cleaning_siteyear</a> (<a href="matlab: opentoline('C:\Users\Marcella Cross\Desktop\HeatDome_Ameriflux_Cleaning\MicroMet\Projects\Biomet.net\matlab\NEW_MET\fr_cleaning_siteyear.m',152,0)">line 152</a>)
    data_cleaned = read_data(Year(1),SiteId,ini_file_second);

Error in <a href="matlab:matlab.lang.internal.introspective.errorDocCallback('fr_automated_cleaning', 'C:\Users\Marcella Cross\Desktop\HeatDome_Ameriflux_Cleaning\MicroMet\Projects\Biomet.net\matlab\BIOMET\fr_automated_cleaning.m', 264)" style="font-weight:bold">fr_automated_cleaning</a> (<a href="matlab: opentoline('C:\Users\Marcella Cross\Desktop\HeatDome_Ameriflux_Cleaning\MicroMet\Projects\Biomet.net\matlab\BIOMET\fr_automated_cleaning.m',264,0)">line 264</a>)
            data_second = fr_cleaning_siteyear(yy(1),siteID,2,db_ini);

Error in <a href="matlab:matlab.lang.internal.introspective.errorDocCallback('LP1_formatDatabase', 'C:\Users\Marcella Cross\Desktop\HeatDome_Ameriflux_Cleaning\MicroMet\Projects\My_Micromet\Matlab\LP1_formatDatabase.m', 84)" style="font-weight:bold">LP1_formatDatabase</a> (<a href="matlab: opentoline('C:\Users\Marcella Cross\Desktop\HeatDome_Ameriflux_Cleaning\MicroMet\Projects\My_Micromet\Matlab\LP1_formatDatabase.m',84,0)">line 84</a>)
fr_automated_cleaning([2020, 2021, 2022], 'LP1', 2);
}
==============  Start =========================================
Date: 27-May-2025 11:46:45
siteID = LP1
============== First  stage cleaning LP1 2020 ==============
Reading first stage ini file: 
   C:\Users\Marcella Cross\Desktop\HeatDome_Ameriflux_Cleaning\MicroMet\Projects\My_Micromet\Database\Calculation_Procedures\TraceAnalysis_ini\LP1\LP1_FirstStage.ini 
   35 traces read from the ini file. 
   35 traces exist in the year 2020.
   35 unique traces are kept for processing
Deleted contents of \Users\Marcella Cross\Desktop\HeatDome_Ameriflux_Cleaning\MicroMet\Projects\My_Micromet\Database\2020\LP1\Flux\Clean
Reading first stage ini file: 
   C:\Users\Marcella Cross\Desktop\HeatDome_Ameriflux_Cleaning\MicroMet\Projects\My_Micromet\Database\Calculation_Procedures\TraceAnalysis_ini\LP1\LP1_FirstStage.ini 
   35 traces read from the ini file. 
   35 traces exist in the year 2020.
   35 unique traces are kept for processing
Reading traces from database...
   Done reading traces.
Cleaning traces....
Automated cleaning ....
Exporting data ...
============== End of cleaning stage 1 =============
==============  Start =========================================
Date: 27-May-2025 11:49:34
siteID = LP1
============== Second stage cleaning LP1 2020 ==============
Deleted contents of \Users\Marcella Cross\Desktop\HeatDome_Ameriflux_Cleaning\MicroMet\Projects\My_Micromet\Database\2020\LP1\Clean\SecondStage
Reading second stage ini file: 
   C:\Users\Marcella Cross\Desktop\HeatDome_Ameriflux_Cleaning\MicroMet\Projects\My_Micromet\Database\Calculation_Procedures\TraceAnalysis_ini\LP1\LP1_SecondStage.ini 
   30 traces read from the ini file. 
   30 traces exist in the year 2020.
   30 unique traces are kept for processing
Reading first stage ini file: 
   C:\Users\Marcella Cross\Desktop\HeatDome_Ameriflux_Cleaning\MicroMet\Projects\My_Micromet\Database\Calculation_Procedures\TraceAnalysis_ini\LP1\LP1_FirstStage.ini 
   35 traces read from the ini file. 
   35 traces exist in the year 2020.
   35 unique traces are kept for processing
Reading data from: 
    \Users\Marcella Cross\Desktop\HeatDome_Ameriflux_Cleaning\MicroMet\Projects\My_Micromet\Database\2020\LP1\Flux\Clean
Reading traces from database...
   Done reading traces.
Exporting data ...
============== End of cleaning stage 2 =============
==============  Start =========================================
Date: 27-May-2025 11:51:47
siteID = LP1
============== 7-th stage cleaning LP1 2020 ==============
Deleted contents of \Users\Marcella Cross\Desktop\HeatDome_Ameriflux_Cleaning\MicroMet\Projects\My_Micromet\Database\2020\LP1\Clean\ThirdStage

============================ YML error check ============================
    {'FYI ------> Processing: ThirdStage: Fluxes: FCH4 set to NULL in site_config.yaml'}
    {'FYI ------> Processing: ThirdStage: Fluxes: FNO2 set to NULL in site_config.yaml'}

========================= End of YML error check ==========================
Running the following command: "C:\Program Files\R\R-4.4.3\bin\Rscript.exe" --vanilla "C:\Users\Marcella Cross\Desktop\HeatDome_Ameriflux_Cleaning\MicroMet\Projects\Biomet.net\R\database_functions\ThirdStage.R" "/Users/Marcella Cross/Desktop/HeatDome_Ameriflux_Cleaning/MicroMet/Projects/My_Micromet/Database" LP1 2020 2020 2> "\Users\Marcella Cross\Desktop\HeatDome_Ameriflux_Cleaning\MicroMet\Projects\My_Micromet\Database\Calculation_Procedures\TraceAnalysis_ini\LP1\log\LP1_ThirdStageCleaning.log" 1>&2
Start time: 27-May-2025 11:51:48

End time: 27-May-2025 11:56:31

Retrieving critical messages from Third Stage R log:
Daytime flux partitioning failed!!!
Skipping daytime flux partitioning!!!
============== End of cleaning stage 7 =============
============== 8-th stage. Exporting AmeriFlux csv file for: LP1 2020 ==============
============== End of cleaning stage 9 =============
