==============  Start =========================================
Date: 31-Mar-2025 09:40:05
siteID = CA3
============== First  stage cleaning CA3 2022 ==============
Reading first stage ini file: 
   C:\Users\Marcella Cross\Desktop\HeatDome_Ameriflux_Cleaning\MicroMet\Projects\My_Micromet\Database\Calculation_Procedures\TraceAnalysis_ini\CA3\CA3_FirstStage.ini 
   55 traces read from the ini file. 
   55 traces exist in the year 2022.
   55 unique traces are kept for processing
Created \Users\Marcella Cross\Desktop\HeatDome_Ameriflux_Cleaning\MicroMet\Projects\My_Micromet\Database\2022\CA3\Flux\Clean
Reading first stage ini file: 
   C:\Users\Marcella Cross\Desktop\HeatDome_Ameriflux_Cleaning\MicroMet\Projects\My_Micromet\Database\Calculation_Procedures\TraceAnalysis_ini\CA3\CA3_FirstStage.ini 
   55 traces read from the ini file. 
   55 traces exist in the year 2022.
   55 unique traces are kept for processing
Reading traces from database...
   Done reading traces.
Cleaning traces....
Automated cleaning ....
Exporting data ...
============== End of cleaning stage 1 =============
============== End of cleaning Site: CA3, year: 2022 ===========
==============  Start =========================================
Date: 31-Mar-2025 09:40:20
siteID = CA3
============== Second stage cleaning CA3 2022 ==============
Created \Users\Marcella Cross\Desktop\HeatDome_Ameriflux_Cleaning\MicroMet\Projects\My_Micromet\Database\2022\CA3\Clean\SecondStage
Reading second stage ini file: 
   C:\Users\Marcella Cross\Desktop\HeatDome_Ameriflux_Cleaning\MicroMet\Projects\My_Micromet\Database\Calculation_Procedures\TraceAnalysis_ini\CA3\CA3_SecondStage.ini 
   39 traces read from the ini file. 
   39 traces exist in the year 2022.
   39 unique traces are kept for processing
Reading first stage ini file: 
   C:\Users\Marcella Cross\Desktop\HeatDome_Ameriflux_Cleaning\MicroMet\Projects\My_Micromet\Database\Calculation_Procedures\TraceAnalysis_ini\CA3\CA3_FirstStage.ini 
   55 traces read from the ini file. 
   55 traces exist in the year 2022.
   55 unique traces are kept for processing
Reading data from: 
    \Users\Marcella Cross\Desktop\HeatDome_Ameriflux_Cleaning\MicroMet\Projects\My_Micromet\Database\2022\CA3\Flux\Clean
Reading traces from database...
Error processing trace.variableName: P_RAIN_1_2_1
Unable to evaluate: P_RAIN_1_2_1=P_RAIN_1_2_1;
Matlab error message: Unrecognized function or variable 'P_RAIN_1_2_1'.
*** Read Error: P_RAIN_1_2_1 not loaded
   Done reading traces.
Exporting data ...
============== End of cleaning stage 2 =============
============== End of cleaning Site: CA3, year: 2022 ===========
clc
==============  Start =========================================
Date: 31-Mar-2025 09:43:39
siteID = CA3
============== Second stage cleaning CA3 2022 ==============
Deleted contents of \Users\Marcella Cross\Desktop\HeatDome_Ameriflux_Cleaning\MicroMet\Projects\My_Micromet\Database\2022\CA3\Clean\SecondStage
Reading second stage ini file: 
   C:\Users\Marcella Cross\Desktop\HeatDome_Ameriflux_Cleaning\MicroMet\Projects\My_Micromet\Database\Calculation_Procedures\TraceAnalysis_ini\CA3\CA3_SecondStage.ini 
   38 traces read from the ini file. 
   38 traces exist in the year 2022.
   38 unique traces are kept for processing
Reading first stage ini file: 
   C:\Users\Marcella Cross\Desktop\HeatDome_Ameriflux_Cleaning\MicroMet\Projects\My_Micromet\Database\Calculation_Procedures\TraceAnalysis_ini\CA3\CA3_FirstStage.ini 
   55 traces read from the ini file. 
   55 traces exist in the year 2022.
   55 unique traces are kept for processing
Reading data from: 
    \Users\Marcella Cross\Desktop\HeatDome_Ameriflux_Cleaning\MicroMet\Projects\My_Micromet\Database\2022\CA3\Flux\Clean
Reading traces from database...
   Done reading traces.
Exporting data ...
============== End of cleaning stage 2 =============
============== End of cleaning Site: CA3, year: 2022 ===========
==============  Start =========================================
Date: 31-Mar-2025 09:43:59
siteID = CA3
============== 7-th stage cleaning CA3 2022 ==============
Created \Users\Marcella Cross\Desktop\HeatDome_Ameriflux_Cleaning\MicroMet\Projects\My_Micromet\Database\2022\CA3\Clean\ThirdStage

============================ YML error check ============================
    {'FYI ------> File not present.     [\Users\Marcella Cross\Desktop\HeatDome_Ameriflux_Cleaning\MicroMet\Projects\My_Micromet\Database\2022\CA3\Clean\SecondStage\season]' }
    {'Warning --> File not present.     [\Users\Marcella Cross\Desktop\HeatDome_Ameriflux_Cleaning\MicroMet\Projects\My_Micromet\Database\2022\CA3\Clean\SecondStage\FCH4]'   }
    {'Warning --> File not present.     [\Users\Marcella Cross\Desktop\HeatDome_Ameriflux_Cleaning\MicroMet\Projects\My_Micromet\Database\2022\CA3\Clean\SecondStage\P_1_2_1]'}

========================= End of YML error check ==========================
Running the following command: "C:\Program Files\R\R-4.4.3\bin\Rscript.exe" --vanilla "C:\Users\Marcella Cross\Desktop\HeatDome_Ameriflux_Cleaning\MicroMet\Projects\Biomet.net\R\database_functions\ThirdStage.R" "/Users/Marcella Cross/Desktop/HeatDome_Ameriflux_Cleaning/MicroMet/Projects/My_Micromet/Database" CA3 2022 2022 2> "\Users\Marcella Cross\Desktop\HeatDome_Ameriflux_Cleaning\MicroMet\Projects\My_Micromet\Database\Calculation_Procedures\TraceAnalysis_ini\CA3\log\CA3_ThirdStageCleaning.log" 1>&2
Start time: 31-Mar-2025 09:43:59

End time: 31-Mar-2025 09:44:00

Failed running Third Stage Rscript
Retrieving critical messages from Third Stage R log:
============== End of cleaning stage 7 =============
============== End of cleaning Site: CA3, year: 2022 ===========
==============  Start =========================================
Date: 31-Mar-2025 09:51:33
siteID = CA3
============== 7-th stage cleaning CA3 2022 ==============
Deleted contents of \Users\Marcella Cross\Desktop\HeatDome_Ameriflux_Cleaning\MicroMet\Projects\My_Micromet\Database\2022\CA3\Clean\ThirdStage

============================ YML error check ============================
    {'FYI ------> File not present.     [\Users\Marcella Cross\Desktop\HeatDome_Ameriflux_Cleaning\MicroMet\Projects\My_Micromet\Database\2022\CA3\Clean\SecondStage\season]' }
    {'Warning --> File not present.     [\Users\Marcella Cross\Desktop\HeatDome_Ameriflux_Cleaning\MicroMet\Projects\My_Micromet\Database\2022\CA3\Clean\SecondStage\FCH4]'   }
    {'Warning --> File not present.     [\Users\Marcella Cross\Desktop\HeatDome_Ameriflux_Cleaning\MicroMet\Projects\My_Micromet\Database\2022\CA3\Clean\SecondStage\P_1_2_1]'}

========================= End of YML error check ==========================
Running the following command: "C:\Program Files\R\R-4.4.3\bin\Rscript.exe" --vanilla "C:\Users\Marcella Cross\Desktop\HeatDome_Ameriflux_Cleaning\MicroMet\Projects\Biomet.net\R\database_functions\ThirdStage.R" "/Users/Marcella Cross/Desktop/HeatDome_Ameriflux_Cleaning/MicroMet/Projects/My_Micromet/Database" CA3 2022 2022 2> "\Users\Marcella Cross\Desktop\HeatDome_Ameriflux_Cleaning\MicroMet\Projects\My_Micromet\Database\Calculation_Procedures\TraceAnalysis_ini\CA3\log\CA3_ThirdStageCleaning.log" 1>&2
Start time: 31-Mar-2025 09:51:34

End time: 31-Mar-2025 09:51:34

Failed running Third Stage Rscript
Retrieving critical messages from Third Stage R log:
============== End of cleaning stage 7 =============
============== End of cleaning Site: CA3, year: 2022 ===========
==============  Start =========================================
Date: 31-Mar-2025 09:53:54
siteID = CA3
============== 7-th stage cleaning CA3 2022 ==============
Deleted contents of \Users\Marcella Cross\Desktop\HeatDome_Ameriflux_Cleaning\MicroMet\Projects\My_Micromet\Database\2022\CA3\Clean\ThirdStage

============================ YML error check ============================
    {'FYI ------> File not present.     [\Users\Marcella Cross\Desktop\HeatDome_Ameriflux_Cleaning\MicroMet\Projects\My_Micromet\Database\2022\CA3\Clean\SecondStage\season]' }
    {'Warning --> File not present.     [\Users\Marcella Cross\Desktop\HeatDome_Ameriflux_Cleaning\MicroMet\Projects\My_Micromet\Database\2022\CA3\Clean\SecondStage\FCH4]'   }
    {'Warning --> File not present.     [\Users\Marcella Cross\Desktop\HeatDome_Ameriflux_Cleaning\MicroMet\Projects\My_Micromet\Database\2022\CA3\Clean\SecondStage\P_1_2_1]'}

========================= End of YML error check ==========================
Running the following command: "C:\Program Files\R\R-4.4.3\bin\Rscript.exe" --vanilla "C:\Users\Marcella Cross\Desktop\HeatDome_Ameriflux_Cleaning\MicroMet\Projects\Biomet.net\R\database_functions\ThirdStage.R" "/Users/Marcella Cross/Desktop/HeatDome_Ameriflux_Cleaning/MicroMet/Projects/My_Micromet/Database" CA3 2022 2022 2> "\Users\Marcella Cross\Desktop\HeatDome_Ameriflux_Cleaning\MicroMet\Projects\My_Micromet\Database\Calculation_Procedures\TraceAnalysis_ini\CA3\log\CA3_ThirdStageCleaning.log" 1>&2
Start time: 31-Mar-2025 09:53:55

End time: 31-Mar-2025 09:53:55

Failed running Third Stage Rscript
Retrieving critical messages from Third Stage R log:
============== End of cleaning stage 7 =============
============== End of cleaning Site: CA3, year: 2022 ===========
==============  Start =========================================
Date: 31-Mar-2025 09:56:26
siteID = CA3
============== 7-th stage cleaning CA3 2022 ==============
Deleted contents of \Users\Marcella Cross\Desktop\HeatDome_Ameriflux_Cleaning\MicroMet\Projects\My_Micromet\Database\2022\CA3\Clean\ThirdStage

============================ YML error check ============================
    {'FYI ------> File not present.     [\Users\Marcella Cross\Desktop\HeatDome_Ameriflux_Cleaning\MicroMet\Projects\My_Micromet\Database\2022\CA3\Clean\SecondStage\season]' }
    {'Warning --> File not present.     [\Users\Marcella Cross\Desktop\HeatDome_Ameriflux_Cleaning\MicroMet\Projects\My_Micromet\Database\2022\CA3\Clean\SecondStage\FCH4]'   }
    {'Warning --> File not present.     [\Users\Marcella Cross\Desktop\HeatDome_Ameriflux_Cleaning\MicroMet\Projects\My_Micromet\Database\2022\CA3\Clean\SecondStage\P_1_2_1]'}

========================= End of YML error check ==========================
Running the following command: "C:\Program Files\R\R-4.4.3\bin\Rscript.exe" --vanilla "C:\Users\Marcella Cross\Desktop\HeatDome_Ameriflux_Cleaning\MicroMet\Projects\Biomet.net\R\database_functions\ThirdStage.R" "/Users/Marcella Cross/Desktop/HeatDome_Ameriflux_Cleaning/MicroMet/Projects/My_Micromet/Database" CA3 2022 2022 2> "\Users\Marcella Cross\Desktop\HeatDome_Ameriflux_Cleaning\MicroMet\Projects\My_Micromet\Database\Calculation_Procedures\TraceAnalysis_ini\CA3\log\CA3_ThirdStageCleaning.log" 1>&2
Start time: 31-Mar-2025 09:56:26

End time: 31-Mar-2025 09:56:27

Failed running Third Stage Rscript
Retrieving critical messages from Third Stage R log:
============== End of cleaning stage 7 =============
============== End of cleaning Site: CA3, year: 2022 ===========
==============  Start =========================================
Date: 31-Mar-2025 09:57:52
siteID = CA3
============== 7-th stage cleaning CA3 2022 ==============
Deleted contents of \Users\Marcella Cross\Desktop\HeatDome_Ameriflux_Cleaning\MicroMet\Projects\My_Micromet\Database\2022\CA3\Clean\ThirdStage

============================ YML error check ============================
    {'FYI ------> File not present.     [\Users\Marcella Cross\Desktop\HeatDome_Ameriflux_Cleaning\MicroMet\Projects\My_Micromet\Database\2022\CA3\Clean\SecondStage\season]' }
    {'Warning --> File not present.     [\Users\Marcella Cross\Desktop\HeatDome_Ameriflux_Cleaning\MicroMet\Projects\My_Micromet\Database\2022\CA3\Clean\SecondStage\FCH4]'   }
    {'Warning --> File not present.     [\Users\Marcella Cross\Desktop\HeatDome_Ameriflux_Cleaning\MicroMet\Projects\My_Micromet\Database\2022\CA3\Clean\SecondStage\P_1_2_1]'}

========================= End of YML error check ==========================
Running the following command: "C:\Program Files\R\R-4.4.3\bin\Rscript.exe" --vanilla "C:\Users\Marcella Cross\Desktop\HeatDome_Ameriflux_Cleaning\MicroMet\Projects\Biomet.net\R\database_functions\ThirdStage.R" "/Users/Marcella Cross/Desktop/HeatDome_Ameriflux_Cleaning/MicroMet/Projects/My_Micromet/Database" CA3 2022 2022 2> "\Users\Marcella Cross\Desktop\HeatDome_Ameriflux_Cleaning\MicroMet\Projects\My_Micromet\Database\Calculation_Procedures\TraceAnalysis_ini\CA3\log\CA3_ThirdStageCleaning.log" 1>&2
Start time: 31-Mar-2025 09:57:52

End time: 31-Mar-2025 09:57:53

Failed running Third Stage Rscript
Retrieving critical messages from Third Stage R log:
============== End of cleaning stage 7 =============
============== End of cleaning Site: CA3, year: 2022 ===========
clc
==============  Start =========================================
Date: 31-Mar-2025 10:01:36
siteID = CA3
============== 7-th stage cleaning CA3 2022 ==============
Deleted contents of \Users\Marcella Cross\Desktop\HeatDome_Ameriflux_Cleaning\MicroMet\Projects\My_Micromet\Database\2022\CA3\Clean\ThirdStage

============================ YML error check ============================
    {'FYI ------> File not present.     [\Users\Marcella Cross\Desktop\HeatDome_Ameriflux_Cleaning\MicroMet\Projects\My_Micromet\Database\2022\CA3\Clean\SecondStage\season]' }
    {'Warning --> File not present.     [\Users\Marcella Cross\Desktop\HeatDome_Ameriflux_Cleaning\MicroMet\Projects\My_Micromet\Database\2022\CA3\Clean\SecondStage\FCH4]'   }
    {'Warning --> File not present.     [\Users\Marcella Cross\Desktop\HeatDome_Ameriflux_Cleaning\MicroMet\Projects\My_Micromet\Database\2022\CA3\Clean\SecondStage\P_1_2_1]'}

========================= End of YML error check ==========================
Running the following command: "C:\Program Files\R\R-4.4.3\bin\Rscript.exe" --vanilla "C:\Users\Marcella Cross\Desktop\HeatDome_Ameriflux_Cleaning\MicroMet\Projects\Biomet.net\R\database_functions\ThirdStage.R" "/Users/Marcella Cross/Desktop/HeatDome_Ameriflux_Cleaning/MicroMet/Projects/My_Micromet/Database" CA3 2022 2022 2> "\Users\Marcella Cross\Desktop\HeatDome_Ameriflux_Cleaning\MicroMet\Projects\My_Micromet\Database\Calculation_Procedures\TraceAnalysis_ini\CA3\log\CA3_ThirdStageCleaning.log" 1>&2
Start time: 31-Mar-2025 10:01:37

End time: 31-Mar-2025 10:01:37

Failed running Third Stage Rscript
Retrieving critical messages from Third Stage R log:
============== End of cleaning stage 7 =============
============== End of cleaning Site: CA3, year: 2022 ===========
==============  Start =========================================
Date: 31-Mar-2025 10:04:12
siteID = CA3
============== 7-th stage cleaning CA3 2022 ==============
Deleted contents of \Users\Marcella Cross\Desktop\HeatDome_Ameriflux_Cleaning\MicroMet\Projects\My_Micromet\Database\2022\CA3\Clean\ThirdStage

============================ YML error check ============================
    {'FYI ------> File not present.     [\Users\Marcella Cross\Desktop\HeatDome_Ameriflux_Cleaning\MicroMet\Projects\My_Micromet\Database\2022\CA3\Clean\SecondStage\season]' }
    {'Warning --> File not present.     [\Users\Marcella Cross\Desktop\HeatDome_Ameriflux_Cleaning\MicroMet\Projects\My_Micromet\Database\2022\CA3\Clean\SecondStage\FCH4]'   }
    {'Warning --> File not present.     [\Users\Marcella Cross\Desktop\HeatDome_Ameriflux_Cleaning\MicroMet\Projects\My_Micromet\Database\2022\CA3\Clean\SecondStage\P_1_2_1]'}

========================= End of YML error check ==========================
Running the following command: "C:\Program Files\R\R-4.4.3\bin\Rscript.exe" --vanilla "C:\Users\Marcella Cross\Desktop\HeatDome_Ameriflux_Cleaning\MicroMet\Projects\Biomet.net\R\database_functions\ThirdStage.R" "/Users/Marcella Cross/Desktop/HeatDome_Ameriflux_Cleaning/MicroMet/Projects/My_Micromet/Database" CA3 2022 2022 2> "\Users\Marcella Cross\Desktop\HeatDome_Ameriflux_Cleaning\MicroMet\Projects\My_Micromet\Database\Calculation_Procedures\TraceAnalysis_ini\CA3\log\CA3_ThirdStageCleaning.log" 1>&2
Start time: 31-Mar-2025 10:04:12

End time: 31-Mar-2025 10:04:13

Failed running Third Stage Rscript
Retrieving critical messages from Third Stage R log:
============== End of cleaning stage 7 =============
============== End of cleaning Site: CA3, year: 2022 ===========
==============  Start =========================================
Date: 31-Mar-2025 10:10:14
siteID = CA3
============== First  stage cleaning CA3 2022 ==============
Reading first stage ini file: 
   C:\Users\Marcella Cross\Desktop\HeatDome_Ameriflux_Cleaning\MicroMet\Projects\My_Micromet\Database\Calculation_Procedures\TraceAnalysis_ini\CA3\CA3_FirstStage.ini 
   55 traces read from the ini file. 
   55 traces exist in the year 2022.
   55 unique traces are kept for processing
Deleted contents of \Users\Marcella Cross\Desktop\HeatDome_Ameriflux_Cleaning\MicroMet\Projects\My_Micromet\Database\2022\CA3\Flux\Clean
Reading first stage ini file: 
   C:\Users\Marcella Cross\Desktop\HeatDome_Ameriflux_Cleaning\MicroMet\Projects\My_Micromet\Database\Calculation_Procedures\TraceAnalysis_ini\CA3\CA3_FirstStage.ini 
   55 traces read from the ini file. 
   55 traces exist in the year 2022.
   55 unique traces are kept for processing
Reading traces from database...
   Done reading traces.
Cleaning traces....
Automated cleaning ....
Exporting data ...
============== End of cleaning stage 1 =============
============== Second stage cleaning CA3 2022 ==============
Deleted contents of \Users\Marcella Cross\Desktop\HeatDome_Ameriflux_Cleaning\MicroMet\Projects\My_Micromet\Database\2022\CA3\Clean\SecondStage
Reading second stage ini file: 
   C:\Users\Marcella Cross\Desktop\HeatDome_Ameriflux_Cleaning\MicroMet\Projects\My_Micromet\Database\Calculation_Procedures\TraceAnalysis_ini\CA3\CA3_SecondStage.ini 
   38 traces read from the ini file. 
   38 traces exist in the year 2022.
   38 unique traces are kept for processing
Reading first stage ini file: 
   C:\Users\Marcella Cross\Desktop\HeatDome_Ameriflux_Cleaning\MicroMet\Projects\My_Micromet\Database\Calculation_Procedures\TraceAnalysis_ini\CA3\CA3_FirstStage.ini 
   55 traces read from the ini file. 
   55 traces exist in the year 2022.
   55 unique traces are kept for processing
Reading data from: 
    \Users\Marcella Cross\Desktop\HeatDome_Ameriflux_Cleaning\MicroMet\Projects\My_Micromet\Database\2022\CA3\Flux\Clean
Reading traces from database...
   Done reading traces.
Exporting data ...
============== End of cleaning stage 2 =============
============== 7-th stage cleaning CA3 2022 ==============
Deleted contents of \Users\Marcella Cross\Desktop\HeatDome_Ameriflux_Cleaning\MicroMet\Projects\My_Micromet\Database\2022\CA3\Clean\ThirdStage

============================ YML error check ============================
    {'FYI ------> File not present.     [\Users\Marcella Cross\Desktop\HeatDome_Ameriflux_Cleaning\MicroMet\Projects\My_Micromet\Database\2022\CA3\Clean\SecondStage\season]' }
    {'Warning --> File not present.     [\Users\Marcella Cross\Desktop\HeatDome_Ameriflux_Cleaning\MicroMet\Projects\My_Micromet\Database\2022\CA3\Clean\SecondStage\FCH4]'   }
    {'Warning --> File not present.     [\Users\Marcella Cross\Desktop\HeatDome_Ameriflux_Cleaning\MicroMet\Projects\My_Micromet\Database\2022\CA3\Clean\SecondStage\P_1_2_1]'}

========================= End of YML error check ==========================
Running the following command: "C:\Program Files\R\R-4.4.3\bin\Rscript.exe" --vanilla "C:\Users\Marcella Cross\Desktop\HeatDome_Ameriflux_Cleaning\MicroMet\Projects\Biomet.net\R\database_functions\ThirdStage.R" "/Users/Marcella Cross/Desktop/HeatDome_Ameriflux_Cleaning/MicroMet/Projects/My_Micromet/Database" CA3 2022 2022 2> "\Users\Marcella Cross\Desktop\HeatDome_Ameriflux_Cleaning\MicroMet\Projects\My_Micromet\Database\Calculation_Procedures\TraceAnalysis_ini\CA3\log\CA3_ThirdStageCleaning.log" 1>&2
Start time: 31-Mar-2025 10:10:21

End time: 31-Mar-2025 10:10:22

Failed running Third Stage Rscript
Retrieving critical messages from Third Stage R log:
============== End of cleaning stage 7 =============
============== 8-th stage. Exporting AmeriFlux csv file for: CA3 2022 ==============
============== End of cleaning stage 9 =============
============== End of cleaning Site: CA3, year: 2022 ===========
==============  Start =========================================
Date: 31-Mar-2025 10:34:10
siteID = CA3
============== 7-th stage cleaning CA3 2022 ==============
Deleted contents of \Users\Marcella Cross\Desktop\HeatDome_Ameriflux_Cleaning\MicroMet\Projects\My_Micromet\Database\2022\CA3\Clean\ThirdStage

============================ YML error check ============================
    {'FYI ------> File not present.     [\Users\Marcella Cross\Desktop\HeatDome_Ameriflux_Cleaning\MicroMet\Projects\My_Micromet\Database\2022\CA3\Clean\SecondStage\season]' }
    {'Warning --> File not present.     [\Users\Marcella Cross\Desktop\HeatDome_Ameriflux_Cleaning\MicroMet\Projects\My_Micromet\Database\2022\CA3\Clean\SecondStage\FCH4]'   }
    {'Warning --> File not present.     [\Users\Marcella Cross\Desktop\HeatDome_Ameriflux_Cleaning\MicroMet\Projects\My_Micromet\Database\2022\CA3\Clean\SecondStage\P_1_2_1]'}

========================= End of YML error check ==========================
Running the following command: "C:\Program Files\R\R-4.4.3\bin\Rscript.exe" --vanilla "C:\Users\Marcella Cross\Desktop\HeatDome_Ameriflux_Cleaning\MicroMet\Projects\Biomet.net\R\database_functions\ThirdStage.R" "/Users/Marcella Cross/Desktop/HeatDome_Ameriflux_Cleaning/MicroMet/Projects/My_Micromet/Database" CA3 2022 2022 2> "\Users\Marcella Cross\Desktop\HeatDome_Ameriflux_Cleaning\MicroMet\Projects\My_Micromet\Database\Calculation_Procedures\TraceAnalysis_ini\CA3\log\CA3_ThirdStageCleaning.log" 1>&2
Start time: 31-Mar-2025 10:34:11

End time: 31-Mar-2025 10:34:11

Failed running Third Stage Rscript
Retrieving critical messages from Third Stage R log:
============== End of cleaning stage 7 =============
============== 8-th stage. Exporting AmeriFlux csv file for: CA3 2022 ==============
============== End of cleaning stage 9 =============
============== End of cleaning Site: CA3, year: 2022 ===========
==============  Start =========================================
Date: 31-Mar-2025 10:37:35
siteID = CA3
============== 7-th stage cleaning CA3 2022 ==============
Deleted contents of \Users\Marcella Cross\Desktop\HeatDome_Ameriflux_Cleaning\MicroMet\Projects\My_Micromet\Database\2022\CA3\Clean\ThirdStage

============================ YML error check ============================
    {'FYI ------> File not present.     [\Users\Marcella Cross\Desktop\HeatDome_Ameriflux_Cleaning\MicroMet\Projects\My_Micromet\Database\2022\CA3\Clean\SecondStage\season]' }
    {'Warning --> File not present.     [\Users\Marcella Cross\Desktop\HeatDome_Ameriflux_Cleaning\MicroMet\Projects\My_Micromet\Database\2022\CA3\Clean\SecondStage\FCH4]'   }
    {'Warning --> File not present.     [\Users\Marcella Cross\Desktop\HeatDome_Ameriflux_Cleaning\MicroMet\Projects\My_Micromet\Database\2022\CA3\Clean\SecondStage\P_1_2_1]'}

========================= End of YML error check ==========================
Running the following command: "C:\Program Files\R\R-4.4.3\bin\Rscript.exe" --vanilla "C:\Users\Marcella Cross\Desktop\HeatDome_Ameriflux_Cleaning\MicroMet\Projects\Biomet.net\R\database_functions\ThirdStage.R" "/Users/Marcella Cross/Desktop/HeatDome_Ameriflux_Cleaning/MicroMet/Projects/My_Micromet/Database" CA3 2022 2022 2> "\Users\Marcella Cross\Desktop\HeatDome_Ameriflux_Cleaning\MicroMet\Projects\My_Micromet\Database\Calculation_Procedures\TraceAnalysis_ini\CA3\log\CA3_ThirdStageCleaning.log" 1>&2
Start time: 31-Mar-2025 10:37:36

End time: 31-Mar-2025 10:37:36

Failed running Third Stage Rscript
Retrieving critical messages from Third Stage R log:
============== End of cleaning stage 7 =============
============== 8-th stage. Exporting AmeriFlux csv file for: CA3 2022 ==============
============== End of cleaning stage 9 =============
============== End of cleaning Site: CA3, year: 2022 ===========
==============  Start =========================================
Date: 31-Mar-2025 10:41:55
siteID = CA3
============== 7-th stage cleaning CA3 2022 ==============
Deleted contents of \Users\Marcella Cross\Desktop\HeatDome_Ameriflux_Cleaning\MicroMet\Projects\My_Micromet\Database\2022\CA3\Clean\ThirdStage

============================ YML error check ============================
    {'FYI ------> File not present.     [\Users\Marcella Cross\Desktop\HeatDome_Ameriflux_Cleaning\MicroMet\Projects\My_Micromet\Database\2022\CA3\Clean\SecondStage\season]' }
    {'Warning --> File not present.     [\Users\Marcella Cross\Desktop\HeatDome_Ameriflux_Cleaning\MicroMet\Projects\My_Micromet\Database\2022\CA3\Clean\SecondStage\FCH4]'   }
    {'Warning --> File not present.     [\Users\Marcella Cross\Desktop\HeatDome_Ameriflux_Cleaning\MicroMet\Projects\My_Micromet\Database\2022\CA3\Clean\SecondStage\P_1_2_1]'}

========================= End of YML error check ==========================
Running the following command: "C:\Program Files\R\R-4.4.3\bin\Rscript.exe" --vanilla "C:\Users\Marcella Cross\Desktop\HeatDome_Ameriflux_Cleaning\MicroMet\Projects\Biomet.net\R\database_functions\ThirdStage.R" "/Users/Marcella Cross/Desktop/HeatDome_Ameriflux_Cleaning/MicroMet/Projects/My_Micromet/Database" CA3 2022 2022 2> "\Users\Marcella Cross\Desktop\HeatDome_Ameriflux_Cleaning\MicroMet\Projects\My_Micromet\Database\Calculation_Procedures\TraceAnalysis_ini\CA3\log\CA3_ThirdStageCleaning.log" 1>&2
Start time: 31-Mar-2025 10:41:55

End time: 31-Mar-2025 10:41:56

Failed running Third Stage Rscript
Retrieving critical messages from Third Stage R log:
============== End of cleaning stage 7 =============
============== 8-th stage. Exporting AmeriFlux csv file for: CA3 2022 ==============
============== End of cleaning stage 9 =============
============== End of cleaning Site: CA3, year: 2022 ===========
==============  Start =========================================
Date: 31-Mar-2025 10:46:56
siteID = CA3
============== 7-th stage cleaning CA3 2022 ==============
Deleted contents of \Users\Marcella Cross\Desktop\HeatDome_Ameriflux_Cleaning\MicroMet\Projects\My_Micromet\Database\2022\CA3\Clean\ThirdStage

============================ YML error check ============================
    {'FYI ------> File not present.     [\Users\Marcella Cross\Desktop\HeatDome_Ameriflux_Cleaning\MicroMet\Projects\My_Micromet\Database\2022\CA3\Clean\SecondStage\season]' }
    {'Warning --> File not present.     [\Users\Marcella Cross\Desktop\HeatDome_Ameriflux_Cleaning\MicroMet\Projects\My_Micromet\Database\2022\CA3\Clean\SecondStage\FCH4]'   }
    {'Warning --> File not present.     [\Users\Marcella Cross\Desktop\HeatDome_Ameriflux_Cleaning\MicroMet\Projects\My_Micromet\Database\2022\CA3\Clean\SecondStage\P_1_2_1]'}

========================= End of YML error check ==========================
Running the following command: "C:\Program Files\R\R-4.4.3\bin\Rscript.exe" --vanilla "C:\Users\Marcella Cross\Desktop\HeatDome_Ameriflux_Cleaning\MicroMet\Projects\Biomet.net\R\database_functions\ThirdStage.R" "/Users/Marcella Cross/Desktop/HeatDome_Ameriflux_Cleaning/MicroMet/Projects/My_Micromet/Database" CA3 2022 2022 2> "\Users\Marcella Cross\Desktop\HeatDome_Ameriflux_Cleaning\MicroMet\Projects\My_Micromet\Database\Calculation_Procedures\TraceAnalysis_ini\CA3\log\CA3_ThirdStageCleaning.log" 1>&2
Start time: 31-Mar-2025 10:46:57

End time: 31-Mar-2025 10:46:57

Failed running Third Stage Rscript
Retrieving critical messages from Third Stage R log:
============== End of cleaning stage 7 =============
============== 8-th stage. Exporting AmeriFlux csv file for: CA3 2022 ==============
============== End of cleaning stage 9 =============
============== End of cleaning Site: CA3, year: 2022 ===========
==============  Start =========================================
Date: 31-Mar-2025 10:51:04
siteID = CA3
============== 7-th stage cleaning CA3 2022 ==============
Deleted contents of \Users\Marcella Cross\Desktop\HeatDome_Ameriflux_Cleaning\MicroMet\Projects\My_Micromet\Database\2022\CA3\Clean\ThirdStage

============================ YML error check ============================
    {'FYI ------> File not present.     [\Users\Marcella Cross\Desktop\HeatDome_Ameriflux_Cleaning\MicroMet\Projects\My_Micromet\Database\2022\CA3\Clean\SecondStage\season]' }
    {'Warning --> File not present.     [\Users\Marcella Cross\Desktop\HeatDome_Ameriflux_Cleaning\MicroMet\Projects\My_Micromet\Database\2022\CA3\Clean\SecondStage\FCH4]'   }
    {'Warning --> File not present.     [\Users\Marcella Cross\Desktop\HeatDome_Ameriflux_Cleaning\MicroMet\Projects\My_Micromet\Database\2022\CA3\Clean\SecondStage\P_1_2_1]'}

========================= End of YML error check ==========================
Running the following command: "C:\Program Files\R\R-4.4.3\bin\Rscript.exe" --vanilla "C:\Users\Marcella Cross\Desktop\HeatDome_Ameriflux_Cleaning\MicroMet\Projects\Biomet.net\R\database_functions\ThirdStage.R" "/Users/Marcella Cross/Desktop/HeatDome_Ameriflux_Cleaning/MicroMet/Projects/My_Micromet/Database" CA3 2022 2022 2> "\Users\Marcella Cross\Desktop\HeatDome_Ameriflux_Cleaning\MicroMet\Projects\My_Micromet\Database\Calculation_Procedures\TraceAnalysis_ini\CA3\log\CA3_ThirdStageCleaning.log" 1>&2
Start time: 31-Mar-2025 10:51:05

End time: 31-Mar-2025 10:51:05

Failed running Third Stage Rscript
Retrieving critical messages from Third Stage R log:
============== End of cleaning stage 7 =============
============== 8-th stage. Exporting AmeriFlux csv file for: CA3 2022 ==============
============== End of cleaning stage 9 =============
============== End of cleaning Site: CA3, year: 2022 ===========
==============  Start =========================================
Date: 31-Mar-2025 10:52:26
siteID = CA3
============== 7-th stage cleaning CA3 2022 ==============
Deleted contents of \Users\Marcella Cross\Desktop\HeatDome_Ameriflux_Cleaning\MicroMet\Projects\My_Micromet\Database\2022\CA3\Clean\ThirdStage

============================ YML error check ============================
    {'FYI ------> File not present.     [\Users\Marcella Cross\Desktop\HeatDome_Ameriflux_Cleaning\MicroMet\Projects\My_Micromet\Database\2022\CA3\Clean\SecondStage\season]' }
    {'Warning --> File not present.     [\Users\Marcella Cross\Desktop\HeatDome_Ameriflux_Cleaning\MicroMet\Projects\My_Micromet\Database\2022\CA3\Clean\SecondStage\FCH4]'   }
    {'Warning --> File not present.     [\Users\Marcella Cross\Desktop\HeatDome_Ameriflux_Cleaning\MicroMet\Projects\My_Micromet\Database\2022\CA3\Clean\SecondStage\P_1_2_1]'}

========================= End of YML error check ==========================
Running the following command: "C:\Program Files\R\R-4.4.3\bin\Rscript.exe" --vanilla "C:\Users\Marcella Cross\Desktop\HeatDome_Ameriflux_Cleaning\MicroMet\Projects\Biomet.net\R\database_functions\ThirdStage.R" "/Users/Marcella Cross/Desktop/HeatDome_Ameriflux_Cleaning/MicroMet/Projects/My_Micromet/Database" CA3 2022 2022 2> "\Users\Marcella Cross\Desktop\HeatDome_Ameriflux_Cleaning\MicroMet\Projects\My_Micromet\Database\Calculation_Procedures\TraceAnalysis_ini\CA3\log\CA3_ThirdStageCleaning.log" 1>&2
Start time: 31-Mar-2025 10:52:27

End time: 31-Mar-2025 10:52:27

Failed running Third Stage Rscript
Retrieving critical messages from Third Stage R log:
============== End of cleaning stage 7 =============
============== End of cleaning Site: CA3, year: 2022 ===========
==============  Start =========================================
Date: 31-Mar-2025 11:04:08
siteID = CA3
============== 7-th stage cleaning CA3 2022 ==============
Deleted contents of \Users\Marcella Cross\Desktop\HeatDome_Ameriflux_Cleaning\MicroMet\Projects\My_Micromet\Database\2022\CA3\Clean\ThirdStage

============================ YML error check ============================
    {'FYI ------> File not present.     [\Users\Marcella Cross\Desktop\HeatDome_Ameriflux_Cleaning\MicroMet\Projects\My_Micromet\Database\2022\CA3\Clean\SecondStage\season]' }
    {'Warning --> File not present.     [\Users\Marcella Cross\Desktop\HeatDome_Ameriflux_Cleaning\MicroMet\Projects\My_Micromet\Database\2022\CA3\Clean\SecondStage\FCH4]'   }
    {'Warning --> File not present.     [\Users\Marcella Cross\Desktop\HeatDome_Ameriflux_Cleaning\MicroMet\Projects\My_Micromet\Database\2022\CA3\Clean\SecondStage\P_1_2_1]'}

========================= End of YML error check ==========================
Running the following command: "C:\Program Files\R\R-4.4.3\bin\Rscript.exe" --vanilla "C:\Users\Marcella Cross\Desktop\HeatDome_Ameriflux_Cleaning\MicroMet\Projects\Biomet.net\R\database_functions\ThirdStage.R" "/Users/Marcella Cross/Desktop/HeatDome_Ameriflux_Cleaning/MicroMet/Projects/My_Micromet/Database" CA3 2022 2022 2> "\Users\Marcella Cross\Desktop\HeatDome_Ameriflux_Cleaning\MicroMet\Projects\My_Micromet\Database\Calculation_Procedures\TraceAnalysis_ini\CA3\log\CA3_ThirdStageCleaning.log" 1>&2
Start time: 31-Mar-2025 11:04:08

End time: 31-Mar-2025 11:04:09

Failed running Third Stage Rscript
Retrieving critical messages from Third Stage R log:
============== End of cleaning stage 7 =============
============== 8-th stage. Exporting AmeriFlux csv file for: CA3 2022 ==============
============== End of cleaning stage 9 =============
============== End of cleaning Site: CA3, year: 2022 ===========
==============  Start =========================================
Date: 31-Mar-2025 11:32:25
siteID = CA3
============== 7-th stage cleaning CA3 2022 ==============
Deleted contents of \Users\Marcella Cross\Desktop\HeatDome_Ameriflux_Cleaning\MicroMet\Projects\My_Micromet\Database\2022\CA3\Clean\ThirdStage

============================ YML error check ============================
    {'FYI ------> File not present.     [\Users\Marcella Cross\Desktop\HeatDome_Ameriflux_Cleaning\MicroMet\Projects\My_Micromet\Database\2022\CA3\Clean\SecondStage\season]' }
    {'Warning --> File not present.     [\Users\Marcella Cross\Desktop\HeatDome_Ameriflux_Cleaning\MicroMet\Projects\My_Micromet\Database\2022\CA3\Clean\SecondStage\FCH4]'   }
    {'Warning --> File not present.     [\Users\Marcella Cross\Desktop\HeatDome_Ameriflux_Cleaning\MicroMet\Projects\My_Micromet\Database\2022\CA3\Clean\SecondStage\P_1_2_1]'}

========================= End of YML error check ==========================
Running the following command: "C:\Program Files\R\R-4.4.3\bin\Rscript.exe" --vanilla "C:\Users\Marcella Cross\Desktop\HeatDome_Ameriflux_Cleaning\MicroMet\Projects\Biomet.net\R\database_functions\ThirdStage.R" "/Users/Marcella Cross/Desktop/HeatDome_Ameriflux_Cleaning/MicroMet/Projects/My_Micromet/Database" CA3 2022 2022 2> "\Users\Marcella Cross\Desktop\HeatDome_Ameriflux_Cleaning\MicroMet\Projects\My_Micromet\Database\Calculation_Procedures\TraceAnalysis_ini\CA3\log\CA3_ThirdStageCleaning.log" 1>&2
Start time: 31-Mar-2025 11:32:25

End time: 31-Mar-2025 11:37:30

Retrieving critical messages from Third Stage R log:
Daytime flux partitioning failed!!!
Skipping daytime flux partitioning!!!
============== End of cleaning stage 7 =============
============== End of cleaning Site: CA3, year: 2022 ===========
{Error using <a href="matlab:matlab.lang.internal.introspective.errorDocCallback('set_TAB_project', 'C:\Users\Marcella Cross\Desktop\HeatDome_Ameriflux_Cleaning\MicroMet\Projects\Biomet.net\matlab\Micromet\set_TAB_project.m', 60)" style="font-weight:bold">set_TAB_project</a> (<a href="matlab: opentoline('C:\Users\Marcella Cross\Desktop\HeatDome_Ameriflux_Cleaning\MicroMet\Projects\Biomet.net\matlab\Micromet\set_TAB_project.m',60,0)">line 60</a>)
Folder: \Users\mcross\Desktop\FluxProjectPipeline\MicroMet\Projects\My_Micromet\ does not exist!

Error in <a href="matlab:matlab.lang.internal.introspective.errorDocCallback('CF1_formatDatabase', 'C:\Users\Marcella Cross\Desktop\HeatDome_Ameriflux_Cleaning\MicroMet\Projects\My_Micromet\Matlab\CF1_formatDatabase.m', 6)" style="font-weight:bold">CF1_formatDatabase</a> (<a href="matlab: opentoline('C:\Users\Marcella Cross\Desktop\HeatDome_Ameriflux_Cleaning\MicroMet\Projects\My_Micromet\Matlab\CF1_formatDatabase.m',6,0)">line 6</a>)
structProject=set_TAB_project(projectPath);
}
clc
Directory \Users\Marcella Cross\Desktop\HeatDome_Ameriflux_Cleaning\MicroMet\Projects\My_Micromet\Database\2017\CF1\Flux does not exist!... Creating new folder!... New folder created!
Directory \Users\Marcella Cross\Desktop\HeatDome_Ameriflux_Cleaning\MicroMet\Projects\My_Micromet\Database\2018\CF1\Flux does not exist!... Creating new folder!... New folder created!
Directory \Users\Marcella Cross\Desktop\HeatDome_Ameriflux_Cleaning\MicroMet\Projects\My_Micromet\Database\2019\CF1\Flux does not exist!... Creating new folder!... New folder created!
Directory \Users\Marcella Cross\Desktop\HeatDome_Ameriflux_Cleaning\MicroMet\Projects\My_Micromet\Database\2020\CF1\Flux does not exist!... Creating new folder!... New folder created!
Directory \Users\Marcella Cross\Desktop\HeatDome_Ameriflux_Cleaning\MicroMet\Projects\My_Micromet\Database\2021\CF1\Flux does not exist!... Creating new folder!... New folder created!
==============  Start =========================================
Date: 31-Mar-2025 11:42:42
siteID = CA3
============== 8-th stage. Exporting AmeriFlux csv file for: CA3 2022 ==============
============== End of cleaning stage 9 =============
============== End of cleaning Site: CA3, year: 2022 ===========
==============  Start =========================================
Date: 22-May-2025 16:23:54
siteID = CA3
============== First  stage cleaning CA3 2022 ==============
Reading first stage ini file: 
   C:\Users\Marcella Cross\Desktop\HeatDome_Ameriflux_Cleaning\MicroMet\Projects\My_Micromet\Database\Calculation_Procedures\TraceAnalysis_ini\CA3\CA3_FirstStage.ini 
   57 traces read from the ini file. 
   57 traces exist in the year 2022.
   57 unique traces are kept for processing
Deleted contents of \Users\Marcella Cross\Desktop\HeatDome_Ameriflux_Cleaning\MicroMet\Projects\My_Micromet\Database\2022\CA3\Flux\Clean
Reading first stage ini file: 
   C:\Users\Marcella Cross\Desktop\HeatDome_Ameriflux_Cleaning\MicroMet\Projects\My_Micromet\Database\Calculation_Procedures\TraceAnalysis_ini\CA3\CA3_FirstStage.ini 
   57 traces read from the ini file. 
   57 traces exist in the year 2022.
   57 unique traces are kept for processing
Reading traces from database...
   Done reading traces.
Cleaning traces....
Automated cleaning ....
Exporting data ...
============== End of cleaning stage 1 =============
============== End of cleaning Site: CA3, year: 2022 ===========
==============  Start =========================================
Date: 22-May-2025 16:24:15
siteID = CA3
============== Second stage cleaning CA3 2022 ==============
Deleted contents of \Users\Marcella Cross\Desktop\HeatDome_Ameriflux_Cleaning\MicroMet\Projects\My_Micromet\Database\2022\CA3\Clean\SecondStage
Reading second stage ini file: 
   C:\Users\Marcella Cross\Desktop\HeatDome_Ameriflux_Cleaning\MicroMet\Projects\My_Micromet\Database\Calculation_Procedures\TraceAnalysis_ini\CA3\CA3_SecondStage.ini 
   38 traces read from the ini file. 
   38 traces exist in the year 2022.
   38 unique traces are kept for processing
Reading first stage ini file: 
   C:\Users\Marcella Cross\Desktop\HeatDome_Ameriflux_Cleaning\MicroMet\Projects\My_Micromet\Database\Calculation_Procedures\TraceAnalysis_ini\CA3\CA3_FirstStage.ini 
   57 traces read from the ini file. 
   57 traces exist in the year 2022.
   57 unique traces are kept for processing
Reading data from: 
    \Users\Marcella Cross\Desktop\HeatDome_Ameriflux_Cleaning\MicroMet\Projects\My_Micromet\Database\2022\CA3\Flux\Clean
Reading traces from database...
   Done reading traces.
Exporting data ...
============== End of cleaning stage 2 =============
============== End of cleaning Site: CA3, year: 2022 ===========
==============  Start =========================================
Date: 22-May-2025 16:37:57
siteID = CA3
============== 7-th stage cleaning CA3 2022 ==============
Deleted contents of \Users\Marcella Cross\Desktop\HeatDome_Ameriflux_Cleaning\MicroMet\Projects\My_Micromet\Database\2022\CA3\Clean\ThirdStage

============================ YML error check ============================
    {'FYI ------> File not present.     [\Users\Marcella Cross\Desktop\HeatDome_Ameriflux_Cleaning\MicroMet\Projects\My_Micromet\Database\2022\CA3\Clean\SecondStage\season]' }
    {'Warning --> File not present.     [\Users\Marcella Cross\Desktop\HeatDome_Ameriflux_Cleaning\MicroMet\Projects\My_Micromet\Database\2022\CA3\Clean\SecondStage\FCH4]'   }
    {'Warning --> File not present.     [\Users\Marcella Cross\Desktop\HeatDome_Ameriflux_Cleaning\MicroMet\Projects\My_Micromet\Database\2022\CA3\Clean\SecondStage\P_1_2_1]'}

========================= End of YML error check ==========================
Running the following command: "C:\Program Files\R\R-4.4.3\bin\Rscript.exe" --vanilla "C:\Users\Marcella Cross\Desktop\HeatDome_Ameriflux_Cleaning\MicroMet\Projects\Biomet.net\R\database_functions\ThirdStage.R" "/Users/Marcella Cross/Desktop/HeatDome_Ameriflux_Cleaning/MicroMet/Projects/My_Micromet/Database" CA3 2022 2022 2> "\Users\Marcella Cross\Desktop\HeatDome_Ameriflux_Cleaning\MicroMet\Projects\My_Micromet\Database\Calculation_Procedures\TraceAnalysis_ini\CA3\log\CA3_ThirdStageCleaning.log" 1>&2
Start time: 22-May-2025 16:37:58

End time: 22-May-2025 16:43:26

Retrieving critical messages from Third Stage R log:
Daytime flux partitioning failed!!!
Skipping daytime flux partitioning!!!
============== End of cleaning stage 7 =============
============== 8-th stage. Exporting AmeriFlux csv file for: CA3 2022 ==============
============== End of cleaning stage 9 =============
============== End of cleaning Site: CA3, year: 2022 ===========
==============  Start =========================================
Date: 22-May-2025 17:09:09
siteID = CA3
============== First  stage cleaning CA3 2022 ==============
Reading first stage ini file: 
   C:\Users\Marcella Cross\Desktop\HeatDome_Ameriflux_Cleaning\MicroMet\Projects\My_Micromet\Database\Calculation_Procedures\TraceAnalysis_ini\CA3\CA3_FirstStage.ini 
   57 traces read from the ini file. 
   57 traces exist in the year 2022.
   57 unique traces are kept for processing
Deleted contents of \Users\Marcella Cross\Desktop\HeatDome_Ameriflux_Cleaning\MicroMet\Projects\My_Micromet\Database\2022\CA3\Flux\Clean
Reading first stage ini file: 
   C:\Users\Marcella Cross\Desktop\HeatDome_Ameriflux_Cleaning\MicroMet\Projects\My_Micromet\Database\Calculation_Procedures\TraceAnalysis_ini\CA3\CA3_FirstStage.ini 
   57 traces read from the ini file. 
   57 traces exist in the year 2022.
   57 unique traces are kept for processing
Reading traces from database...
   Done reading traces.
Cleaning traces....
Automated cleaning ....
Exporting data ...
============== End of cleaning stage 1 =============
============== End of cleaning Site: CA3, year: 2022 ===========
==============  Start =========================================
Date: 22-May-2025 17:09:39
siteID = CA3
============== Second stage cleaning CA3 2022 ==============
Deleted contents of \Users\Marcella Cross\Desktop\HeatDome_Ameriflux_Cleaning\MicroMet\Projects\My_Micromet\Database\2022\CA3\Clean\SecondStage
Reading second stage ini file: 
   C:\Users\Marcella Cross\Desktop\HeatDome_Ameriflux_Cleaning\MicroMet\Projects\My_Micromet\Database\Calculation_Procedures\TraceAnalysis_ini\CA3\CA3_SecondStage.ini 
   39 traces read from the ini file. 
   39 traces exist in the year 2022.
   39 unique traces are kept for processing
Reading first stage ini file: 
   C:\Users\Marcella Cross\Desktop\HeatDome_Ameriflux_Cleaning\MicroMet\Projects\My_Micromet\Database\Calculation_Procedures\TraceAnalysis_ini\CA3\CA3_FirstStage.ini 
   57 traces read from the ini file. 
   57 traces exist in the year 2022.
   57 unique traces are kept for processing
Reading data from: 
    \Users\Marcella Cross\Desktop\HeatDome_Ameriflux_Cleaning\MicroMet\Projects\My_Micromet\Database\2022\CA3\Flux\Clean
Reading traces from database...
   Done reading traces.
Exporting data ...
============== End of cleaning stage 2 =============
============== End of cleaning Site: CA3, year: 2022 ===========
==============  Start =========================================
Date: 22-May-2025 17:20:51
siteID = CA3
============== 7-th stage cleaning CA3 2022 ==============
Deleted contents of \Users\Marcella Cross\Desktop\HeatDome_Ameriflux_Cleaning\MicroMet\Projects\My_Micromet\Database\2022\CA3\Clean\ThirdStage

============================ YML error check ============================
    {'FYI ------> File not present.     [\Users\Marcella Cross\Desktop\HeatDome_Ameriflux_Cleaning\MicroMet\Projects\My_Micromet\Database\2022\CA3\Clean\SecondStage\season]' }
    {'Warning --> File not present.     [\Users\Marcella Cross\Desktop\HeatDome_Ameriflux_Cleaning\MicroMet\Projects\My_Micromet\Database\2022\CA3\Clean\SecondStage\FCH4]'   }
    {'Warning --> File not present.     [\Users\Marcella Cross\Desktop\HeatDome_Ameriflux_Cleaning\MicroMet\Projects\My_Micromet\Database\2022\CA3\Clean\SecondStage\P_1_2_1]'}

========================= End of YML error check ==========================
Running the following command: "C:\Program Files\R\R-4.4.3\bin\Rscript.exe" --vanilla "C:\Users\Marcella Cross\Desktop\HeatDome_Ameriflux_Cleaning\MicroMet\Projects\Biomet.net\R\database_functions\ThirdStage.R" "/Users/Marcella Cross/Desktop/HeatDome_Ameriflux_Cleaning/MicroMet/Projects/My_Micromet/Database" CA3 2022 2022 2> "\Users\Marcella Cross\Desktop\HeatDome_Ameriflux_Cleaning\MicroMet\Projects\My_Micromet\Database\Calculation_Procedures\TraceAnalysis_ini\CA3\log\CA3_ThirdStageCleaning.log" 1>&2
Start time: 22-May-2025 17:20:51

End time: 22-May-2025 17:25:44

Retrieving critical messages from Third Stage R log:
Daytime flux partitioning failed!!!
Skipping daytime flux partitioning!!!
============== End of cleaning stage 7 =============
============== 8-th stage. Exporting AmeriFlux csv file for: CA3 2022 ==============
============== End of cleaning stage 9 =============
============== End of cleaning Site: CA3, year: 2022 ===========
==============  Start =========================================
Date: 22-May-2025 17:38:34
siteID = CA3
============== 7-th stage cleaning CA3 2022 ==============
Deleted contents of \Users\Marcella Cross\Desktop\HeatDome_Ameriflux_Cleaning\MicroMet\Projects\My_Micromet\Database\2022\CA3\Clean\ThirdStage

============================ YML error check ============================
    {'FYI ------> File not present.     [\Users\Marcella Cross\Desktop\HeatDome_Ameriflux_Cleaning\MicroMet\Projects\My_Micromet\Database\2022\CA3\Clean\SecondStage\season]' }
    {'Warning --> File not present.     [\Users\Marcella Cross\Desktop\HeatDome_Ameriflux_Cleaning\MicroMet\Projects\My_Micromet\Database\2022\CA3\Clean\SecondStage\FCH4]'   }
    {'Warning --> File not present.     [\Users\Marcella Cross\Desktop\HeatDome_Ameriflux_Cleaning\MicroMet\Projects\My_Micromet\Database\2022\CA3\Clean\SecondStage\P_1_2_1]'}

========================= End of YML error check ==========================
Running the following command: "C:\Program Files\R\R-4.4.3\bin\Rscript.exe" --vanilla "C:\Users\Marcella Cross\Desktop\HeatDome_Ameriflux_Cleaning\MicroMet\Projects\Biomet.net\R\database_functions\ThirdStage.R" "/Users/Marcella Cross/Desktop/HeatDome_Ameriflux_Cleaning/MicroMet/Projects/My_Micromet/Database" CA3 2022 2022 2> "\Users\Marcella Cross\Desktop\HeatDome_Ameriflux_Cleaning\MicroMet\Projects\My_Micromet\Database\Calculation_Procedures\TraceAnalysis_ini\CA3\log\CA3_ThirdStageCleaning.log" 1>&2
Start time: 22-May-2025 17:38:35

End time: 22-May-2025 18:14:33

Retrieving critical messages from Third Stage R log:
Daytime flux partitioning failed!!!
Skipping daytime flux partitioning!!!
============== End of cleaning stage 7 =============
============== 8-th stage. Exporting AmeriFlux csv file for: CA3 2022 ==============
============== End of cleaning stage 9 =============
============== End of cleaning Site: CA3, year: 2022 ===========
==============  Start =========================================
Date: 23-May-2025 11:41:15
siteID = CA3
============== Second stage cleaning CA3 2022 ==============
Deleted contents of \Users\Marcella Cross\Desktop\HeatDome_Ameriflux_Cleaning\MicroMet\Projects\My_Micromet\Database\2022\CA3\Clean\SecondStage
Reading second stage ini file: 
   C:\Users\Marcella Cross\Desktop\HeatDome_Ameriflux_Cleaning\MicroMet\Projects\My_Micromet\Database\Calculation_Procedures\TraceAnalysis_ini\CA3\CA3_SecondStage.ini 
   39 traces read from the ini file. 
   39 traces exist in the year 2022.
   39 unique traces are kept for processing
Reading first stage ini file: 
   C:\Users\Marcella Cross\Desktop\HeatDome_Ameriflux_Cleaning\MicroMet\Projects\My_Micromet\Database\Calculation_Procedures\TraceAnalysis_ini\CA3\CA3_FirstStage.ini 
   57 traces read from the ini file. 
   57 traces exist in the year 2022.
   57 unique traces are kept for processing
Reading data from: 
    \Users\Marcella Cross\Desktop\HeatDome_Ameriflux_Cleaning\MicroMet\Projects\My_Micromet\Database\2022\CA3\Flux\Clean
Reading traces from database...
   Done reading traces.
Exporting data ...
============== End of cleaning stage 2 =============
============== End of cleaning Site: CA3, year: 2022 ===========
==============  Start =========================================
Date: 23-May-2025 11:52:33
siteID = CA3
============== 7-th stage cleaning CA3 2022 ==============
Deleted contents of \Users\Marcella Cross\Desktop\HeatDome_Ameriflux_Cleaning\MicroMet\Projects\My_Micromet\Database\2022\CA3\Clean\ThirdStage

============================ YML error check ============================
    {'FYI ------> File not present.     [\Users\Marcella Cross\Desktop\HeatDome_Ameriflux_Cleaning\MicroMet\Projects\My_Micromet\Database\2022\CA3\Clean\SecondStage\season]' }
    {'Warning --> File not present.     [\Users\Marcella Cross\Desktop\HeatDome_Ameriflux_Cleaning\MicroMet\Projects\My_Micromet\Database\2022\CA3\Clean\SecondStage\FCH4]'   }
    {'Warning --> File not present.     [\Users\Marcella Cross\Desktop\HeatDome_Ameriflux_Cleaning\MicroMet\Projects\My_Micromet\Database\2022\CA3\Clean\SecondStage\P_1_2_1]'}

========================= End of YML error check ==========================
Running the following command: "C:\Program Files\R\R-4.4.3\bin\Rscript.exe" --vanilla "C:\Users\Marcella Cross\Desktop\HeatDome_Ameriflux_Cleaning\MicroMet\Projects\Biomet.net\R\database_functions\ThirdStage.R" "/Users/Marcella Cross/Desktop/HeatDome_Ameriflux_Cleaning/MicroMet/Projects/My_Micromet/Database" CA3 2022 2022 2> "\Users\Marcella Cross\Desktop\HeatDome_Ameriflux_Cleaning\MicroMet\Projects\My_Micromet\Database\Calculation_Procedures\TraceAnalysis_ini\CA3\log\CA3_ThirdStageCleaning.log" 1>&2
Start time: 23-May-2025 11:52:33

End time: 23-May-2025 11:57:25

Retrieving critical messages from Third Stage R log:
Daytime flux partitioning failed!!!
Skipping daytime flux partitioning!!!
============== End of cleaning stage 7 =============
============== 8-th stage. Exporting AmeriFlux csv file for: CA3 2022 ==============
============== End of cleaning stage 9 =============
============== End of cleaning Site: CA3, year: 2022 ===========
==============  Start =========================================
Date: 26-May-2025 11:57:24
siteID = CA3
============== Second stage cleaning CA3 2022 ==============
Deleted contents of \Users\Marcella Cross\Desktop\HeatDome_Ameriflux_Cleaning\MicroMet\Projects\My_Micromet\Database\2022\CA3\Clean\SecondStage
Reading second stage ini file: 
   C:\Users\Marcella Cross\Desktop\HeatDome_Ameriflux_Cleaning\MicroMet\Projects\My_Micromet\Database\Calculation_Procedures\TraceAnalysis_ini\CA3\CA3_SecondStage.ini 
   39 traces read from the ini file. 
   39 traces exist in the year 2022.
   39 unique traces are kept for processing
Reading first stage ini file: 
   C:\Users\Marcella Cross\Desktop\HeatDome_Ameriflux_Cleaning\MicroMet\Projects\My_Micromet\Database\Calculation_Procedures\TraceAnalysis_ini\CA3\CA3_FirstStage.ini 
   57 traces read from the ini file. 
   57 traces exist in the year 2022.
   57 unique traces are kept for processing
Reading data from: 
    \Users\Marcella Cross\Desktop\HeatDome_Ameriflux_Cleaning\MicroMet\Projects\My_Micromet\Database\2022\CA3\Flux\Clean
Reading traces from database...
   Done reading traces.
Exporting data ...
============== End of cleaning stage 2 =============
============== End of cleaning Site: CA3, year: 2022 ===========
==============  Start =========================================
Date: 26-May-2025 12:08:57
siteID = CA3
============== 7-th stage cleaning CA3 2022 ==============
Deleted contents of \Users\Marcella Cross\Desktop\HeatDome_Ameriflux_Cleaning\MicroMet\Projects\My_Micromet\Database\2022\CA3\Clean\ThirdStage

============================ YML error check ============================
    {'FYI ------> File not present.     [\Users\Marcella Cross\Desktop\HeatDome_Ameriflux_Cleaning\MicroMet\Projects\My_Micromet\Database\2022\CA3\Clean\SecondStage\season]' }
    {'Warning --> File not present.     [\Users\Marcella Cross\Desktop\HeatDome_Ameriflux_Cleaning\MicroMet\Projects\My_Micromet\Database\2022\CA3\Clean\SecondStage\FCH4]'   }
    {'Warning --> File not present.     [\Users\Marcella Cross\Desktop\HeatDome_Ameriflux_Cleaning\MicroMet\Projects\My_Micromet\Database\2022\CA3\Clean\SecondStage\P_1_2_1]'}

========================= End of YML error check ==========================
Running the following command: "C:\Program Files\R\R-4.4.3\bin\Rscript.exe" --vanilla "C:\Users\Marcella Cross\Desktop\HeatDome_Ameriflux_Cleaning\MicroMet\Projects\Biomet.net\R\database_functions\ThirdStage.R" "/Users/Marcella Cross/Desktop/HeatDome_Ameriflux_Cleaning/MicroMet/Projects/My_Micromet/Database" CA3 2022 2022 2> "\Users\Marcella Cross\Desktop\HeatDome_Ameriflux_Cleaning\MicroMet\Projects\My_Micromet\Database\Calculation_Procedures\TraceAnalysis_ini\CA3\log\CA3_ThirdStageCleaning.log" 1>&2
Start time: 26-May-2025 12:08:58

End time: 26-May-2025 12:13:27

Retrieving critical messages from Third Stage R log:
Daytime flux partitioning failed!!!
Skipping daytime flux partitioning!!!
============== End of cleaning stage 7 =============
============== 8-th stage. Exporting AmeriFlux csv file for: CA3 2022 ==============
============== End of cleaning stage 9 =============
============== End of cleaning Site: CA3, year: 2022 ===========
==============  Start =========================================
Date: 26-May-2025 12:21:14
siteID = CA3
============== First  stage cleaning CA3 2022 ==============
Reading first stage ini file: 
   C:\Users\Marcella Cross\Desktop\HeatDome_Ameriflux_Cleaning\MicroMet\Projects\My_Micromet\Database\Calculation_Procedures\TraceAnalysis_ini\CA3\CA3_FirstStage.ini 
   56 traces read from the ini file. 
   56 traces exist in the year 2022.
   56 unique traces are kept for processing
Deleted contents of \Users\Marcella Cross\Desktop\HeatDome_Ameriflux_Cleaning\MicroMet\Projects\My_Micromet\Database\2022\CA3\Flux\Clean
Reading first stage ini file: 
   C:\Users\Marcella Cross\Desktop\HeatDome_Ameriflux_Cleaning\MicroMet\Projects\My_Micromet\Database\Calculation_Procedures\TraceAnalysis_ini\CA3\CA3_FirstStage.ini 
   56 traces read from the ini file. 
   56 traces exist in the year 2022.
   56 unique traces are kept for processing
Reading traces from database...
   Done reading traces.
Cleaning traces....
Automated cleaning ....
Exporting data ...
============== End of cleaning stage 1 =============
============== End of cleaning Site: CA3, year: 2022 ===========
==============  Start =========================================
Date: 26-May-2025 12:26:06
siteID = CA3
============== Second stage cleaning CA3 2022 ==============
Deleted contents of \Users\Marcella Cross\Desktop\HeatDome_Ameriflux_Cleaning\MicroMet\Projects\My_Micromet\Database\2022\CA3\Clean\SecondStage
Reading second stage ini file: 
   C:\Users\Marcella Cross\Desktop\HeatDome_Ameriflux_Cleaning\MicroMet\Projects\My_Micromet\Database\Calculation_Procedures\TraceAnalysis_ini\CA3\CA3_SecondStage.ini 
   39 traces read from the ini file. 
   39 traces exist in the year 2022.
   39 unique traces are kept for processing
Reading first stage ini file: 
   C:\Users\Marcella Cross\Desktop\HeatDome_Ameriflux_Cleaning\MicroMet\Projects\My_Micromet\Database\Calculation_Procedures\TraceAnalysis_ini\CA3\CA3_FirstStage.ini 
   56 traces read from the ini file. 
   56 traces exist in the year 2022.
   56 unique traces are kept for processing
Reading data from: 
    \Users\Marcella Cross\Desktop\HeatDome_Ameriflux_Cleaning\MicroMet\Projects\My_Micromet\Database\2022\CA3\Flux\Clean
Reading traces from database...
   Done reading traces.
Exporting data ...
============== End of cleaning stage 2 =============
============== End of cleaning Site: CA3, year: 2022 ===========
==============  Start =========================================
Date: 26-May-2025 12:45:11
siteID = CA3
============== 8-th stage. Exporting AmeriFlux csv file for: CA3 2022 ==============
============== End of cleaning stage 9 =============
============== End of cleaning Site: CA3, year: 2022 ===========
==============  Start =========================================
Date: 26-May-2025 13:02:22
siteID = CA3
============== First  stage cleaning CA3 2022 ==============
Reading first stage ini file: 
   C:\Users\Marcella Cross\Desktop\HeatDome_Ameriflux_Cleaning\MicroMet\Projects\My_Micromet\Database\Calculation_Procedures\TraceAnalysis_ini\CA3\CA3_FirstStage.ini 
   56 traces read from the ini file. 
   56 traces exist in the year 2022.
   56 unique traces are kept for processing
Deleted contents of \Users\Marcella Cross\Desktop\HeatDome_Ameriflux_Cleaning\MicroMet\Projects\My_Micromet\Database\2022\CA3\Flux\Clean
Reading first stage ini file: 
   C:\Users\Marcella Cross\Desktop\HeatDome_Ameriflux_Cleaning\MicroMet\Projects\My_Micromet\Database\Calculation_Procedures\TraceAnalysis_ini\CA3\CA3_FirstStage.ini 
   56 traces read from the ini file. 
   56 traces exist in the year 2022.
   56 unique traces are kept for processing
Reading traces from database...
   Done reading traces.
Cleaning traces....
Automated cleaning ....
Exporting data ...
============== End of cleaning stage 1 =============
============== End of cleaning Site: CA3, year: 2022 ===========
==============  Start =========================================
Date: 26-May-2025 13:02:38
siteID = CA3
============== Second stage cleaning CA3 2022 ==============
Deleted contents of \Users\Marcella Cross\Desktop\HeatDome_Ameriflux_Cleaning\MicroMet\Projects\My_Micromet\Database\2022\CA3\Clean\SecondStage
Reading second stage ini file: 
   C:\Users\Marcella Cross\Desktop\HeatDome_Ameriflux_Cleaning\MicroMet\Projects\My_Micromet\Database\Calculation_Procedures\TraceAnalysis_ini\CA3\CA3_SecondStage.ini 
   39 traces read from the ini file. 
   39 traces exist in the year 2022.
   39 unique traces are kept for processing
Reading first stage ini file: 
   C:\Users\Marcella Cross\Desktop\HeatDome_Ameriflux_Cleaning\MicroMet\Projects\My_Micromet\Database\Calculation_Procedures\TraceAnalysis_ini\CA3\CA3_FirstStage.ini 
   56 traces read from the ini file. 
   56 traces exist in the year 2022.
   56 unique traces are kept for processing
Reading data from: 
    \Users\Marcella Cross\Desktop\HeatDome_Ameriflux_Cleaning\MicroMet\Projects\My_Micromet\Database\2022\CA3\Flux\Clean
Reading traces from database...
   Done reading traces.
Exporting data ...
============== End of cleaning stage 2 =============
============== End of cleaning Site: CA3, year: 2022 ===========
==============  Start =========================================
Date: 26-May-2025 13:14:02
siteID = CA3
============== 7-th stage cleaning CA3 2022 ==============
Deleted contents of \Users\Marcella Cross\Desktop\HeatDome_Ameriflux_Cleaning\MicroMet\Projects\My_Micromet\Database\2022\CA3\Clean\ThirdStage

============================ YML error check ============================
    {'FYI ------> File not present.     [\Users\Marcella Cross\Desktop\HeatDome_Ameriflux_Cleaning\MicroMet\Projects\My_Micromet\Database\2022\CA3\Clean\SecondStage\season]' }
    {'Warning --> File not present.     [\Users\Marcella Cross\Desktop\HeatDome_Ameriflux_Cleaning\MicroMet\Projects\My_Micromet\Database\2022\CA3\Clean\SecondStage\FCH4]'   }
    {'Warning --> File not present.     [\Users\Marcella Cross\Desktop\HeatDome_Ameriflux_Cleaning\MicroMet\Projects\My_Micromet\Database\2022\CA3\Clean\SecondStage\P_1_2_1]'}

========================= End of YML error check ==========================
Running the following command: "C:\Program Files\R\R-4.4.3\bin\Rscript.exe" --vanilla "C:\Users\Marcella Cross\Desktop\HeatDome_Ameriflux_Cleaning\MicroMet\Projects\Biomet.net\R\database_functions\ThirdStage.R" "/Users/Marcella Cross/Desktop/HeatDome_Ameriflux_Cleaning/MicroMet/Projects/My_Micromet/Database" CA3 2022 2022 2> "\Users\Marcella Cross\Desktop\HeatDome_Ameriflux_Cleaning\MicroMet\Projects\My_Micromet\Database\Calculation_Procedures\TraceAnalysis_ini\CA3\log\CA3_ThirdStageCleaning.log" 1>&2
Start time: 26-May-2025 13:14:03

End time: 26-May-2025 13:18:45

Retrieving critical messages from Third Stage R log:
Daytime flux partitioning failed!!!
Skipping daytime flux partitioning!!!
============== End of cleaning stage 7 =============
============== 8-th stage. Exporting AmeriFlux csv file for: CA3 2022 ==============
============== End of cleaning stage 9 =============
============== End of cleaning Site: CA3, year: 2022 ===========
==============  Start =========================================
Date: 26-May-2025 13:30:11
siteID = CA3
============== 7-th stage cleaning CA3 2022 ==============
Deleted contents of \Users\Marcella Cross\Desktop\HeatDome_Ameriflux_Cleaning\MicroMet\Projects\My_Micromet\Database\2022\CA3\Clean\ThirdStage

============================ YML error check ============================
    {'FYI ------> File not present.     [\Users\Marcella Cross\Desktop\HeatDome_Ameriflux_Cleaning\MicroMet\Projects\My_Micromet\Database\2022\CA3\Clean\SecondStage\season]' }
    {'Warning --> File not present.     [\Users\Marcella Cross\Desktop\HeatDome_Ameriflux_Cleaning\MicroMet\Projects\My_Micromet\Database\2022\CA3\Clean\SecondStage\FCH4]'   }
    {'Warning --> File not present.     [\Users\Marcella Cross\Desktop\HeatDome_Ameriflux_Cleaning\MicroMet\Projects\My_Micromet\Database\2022\CA3\Clean\SecondStage\P_1_2_1]'}

========================= End of YML error check ==========================
Running the following command: "C:\Program Files\R\R-4.4.3\bin\Rscript.exe" --vanilla "C:\Users\Marcella Cross\Desktop\HeatDome_Ameriflux_Cleaning\MicroMet\Projects\Biomet.net\R\database_functions\ThirdStage.R" "/Users/Marcella Cross/Desktop/HeatDome_Ameriflux_Cleaning/MicroMet/Projects/My_Micromet/Database" CA3 2022 2022 2> "\Users\Marcella Cross\Desktop\HeatDome_Ameriflux_Cleaning\MicroMet\Projects\My_Micromet\Database\Calculation_Procedures\TraceAnalysis_ini\CA3\log\CA3_ThirdStageCleaning.log" 1>&2
Start time: 26-May-2025 13:30:11

End time: 26-May-2025 13:34:44

Retrieving critical messages from Third Stage R log:
Daytime flux partitioning failed!!!
Skipping daytime flux partitioning!!!
============== End of cleaning stage 7 =============
============== 8-th stage. Exporting AmeriFlux csv file for: CA3 2022 ==============
============== End of cleaning stage 9 =============
============== End of cleaning Site: CA3, year: 2022 ===========
==============  Start =========================================
Date: 27-May-2025 10:47:15
siteID = CA3
============== First  stage cleaning CA3 2022 ==============
Reading first stage ini file: 
   C:\Users\Marcella Cross\Desktop\HeatDome_Ameriflux_Cleaning\MicroMet\Projects\My_Micromet\Database\Calculation_Procedures\TraceAnalysis_ini\CA3\CA3_FirstStage.ini 
   57 traces read from the ini file. 
   57 traces exist in the year 2022.
   57 unique traces are kept for processing
Deleted contents of \Users\Marcella Cross\Desktop\HeatDome_Ameriflux_Cleaning\MicroMet\Projects\My_Micromet\Database\2022\CA3\Flux\Clean
Reading first stage ini file: 
   C:\Users\Marcella Cross\Desktop\HeatDome_Ameriflux_Cleaning\MicroMet\Projects\My_Micromet\Database\Calculation_Procedures\TraceAnalysis_ini\CA3\CA3_FirstStage.ini 
   57 traces read from the ini file. 
   57 traces exist in the year 2022.
   57 unique traces are kept for processing
Reading traces from database...
Could not find CO2
Error using read_bor (line 127)
*** Error! File: "\Users\Marcella Cross\Desktop\HeatDome_Ameriflux_Cleaning\MicroMet\Projects\My_Micromet\Database\2022\CA3\Flux\CO2" does not exist!

*** Read Error: CO2 not loaded
   Done reading traces.
Cleaning traces....
Automated cleaning ....
Exporting data ...
============== End of cleaning stage 1 =============
============== End of cleaning Site: CA3, year: 2022 ===========
clc
==============  Start =========================================
Date: 27-May-2025 10:49:33
siteID = CA3
============== First  stage cleaning CA3 2022 ==============
Reading first stage ini file: 
   C:\Users\Marcella Cross\Desktop\HeatDome_Ameriflux_Cleaning\MicroMet\Projects\My_Micromet\Database\Calculation_Procedures\TraceAnalysis_ini\CA3\CA3_FirstStage.ini 
   57 traces read from the ini file. 
   57 traces exist in the year 2022.
   57 unique traces are kept for processing
Deleted contents of \Users\Marcella Cross\Desktop\HeatDome_Ameriflux_Cleaning\MicroMet\Projects\My_Micromet\Database\2022\CA3\Flux\Clean
Reading first stage ini file: 
   C:\Users\Marcella Cross\Desktop\HeatDome_Ameriflux_Cleaning\MicroMet\Projects\My_Micromet\Database\Calculation_Procedures\TraceAnalysis_ini\CA3\CA3_FirstStage.ini 
   57 traces read from the ini file. 
   57 traces exist in the year 2022.
   57 unique traces are kept for processing
Reading traces from database...
   Done reading traces.
Cleaning traces....
Automated cleaning ....
Exporting data ...
============== End of cleaning stage 1 =============
============== End of cleaning Site: CA3, year: 2022 ===========
==============  Start =========================================
Date: 27-May-2025 10:49:43
siteID = CA3
============== Second stage cleaning CA3 2022 ==============
Deleted contents of \Users\Marcella Cross\Desktop\HeatDome_Ameriflux_Cleaning\MicroMet\Projects\My_Micromet\Database\2022\CA3\Clean\SecondStage
Reading second stage ini file: 
   C:\Users\Marcella Cross\Desktop\HeatDome_Ameriflux_Cleaning\MicroMet\Projects\My_Micromet\Database\Calculation_Procedures\TraceAnalysis_ini\CA3\CA3_SecondStage.ini 
   39 traces read from the ini file. 
   39 traces exist in the year 2022.
   39 unique traces are kept for processing
Reading first stage ini file: 
   C:\Users\Marcella Cross\Desktop\HeatDome_Ameriflux_Cleaning\MicroMet\Projects\My_Micromet\Database\Calculation_Procedures\TraceAnalysis_ini\CA3\CA3_FirstStage.ini 
   57 traces read from the ini file. 
   57 traces exist in the year 2022.
   57 unique traces are kept for processing
Reading data from: 
    \Users\Marcella Cross\Desktop\HeatDome_Ameriflux_Cleaning\MicroMet\Projects\My_Micromet\Database\2022\CA3\Flux\Clean
Reading traces from database...
   Done reading traces.
Exporting data ...
============== End of cleaning stage 2 =============
============== End of cleaning Site: CA3, year: 2022 ===========
==============  Start =========================================
Date: 27-May-2025 11:01:07
siteID = CA3
============== 7-th stage cleaning CA3 2022 ==============
Deleted contents of \Users\Marcella Cross\Desktop\HeatDome_Ameriflux_Cleaning\MicroMet\Projects\My_Micromet\Database\2022\CA3\Clean\ThirdStage

============================ YML error check ============================
    {'FYI ------> File not present.     [\Users\Marcella Cross\Desktop\HeatDome_Ameriflux_Cleaning\MicroMet\Projects\My_Micromet\Database\2022\CA3\Clean\SecondStage\season]' }
    {'Warning --> File not present.     [\Users\Marcella Cross\Desktop\HeatDome_Ameriflux_Cleaning\MicroMet\Projects\My_Micromet\Database\2022\CA3\Clean\SecondStage\FCH4]'   }
    {'Warning --> File not present.     [\Users\Marcella Cross\Desktop\HeatDome_Ameriflux_Cleaning\MicroMet\Projects\My_Micromet\Database\2022\CA3\Clean\SecondStage\P_1_2_1]'}

========================= End of YML error check ==========================
Running the following command: "C:\Program Files\R\R-4.4.3\bin\Rscript.exe" --vanilla "C:\Users\Marcella Cross\Desktop\HeatDome_Ameriflux_Cleaning\MicroMet\Projects\Biomet.net\R\database_functions\ThirdStage.R" "/Users/Marcella Cross/Desktop/HeatDome_Ameriflux_Cleaning/MicroMet/Projects/My_Micromet/Database" CA3 2022 2022 2> "\Users\Marcella Cross\Desktop\HeatDome_Ameriflux_Cleaning\MicroMet\Projects\My_Micromet\Database\Calculation_Procedures\TraceAnalysis_ini\CA3\log\CA3_ThirdStageCleaning.log" 1>&2
Start time: 27-May-2025 11:01:07

End time: 27-May-2025 11:05:48

Retrieving critical messages from Third Stage R log:
Daytime flux partitioning failed!!!
Skipping daytime flux partitioning!!!
============== End of cleaning stage 7 =============
============== 8-th stage. Exporting AmeriFlux csv file for: CA3 2022 ==============
============== End of cleaning stage 9 =============
============== End of cleaning Site: CA3, year: 2022 ===========
==============  Start =========================================
Date: 27-May-2025 12:32:31
siteID = CA3
============== First  stage cleaning CA3 2022 ==============
Reading first stage ini file: 
   C:\Users\Marcella Cross\Desktop\HeatDome_Ameriflux_Cleaning\MicroMet\Projects\My_Micromet\Database\Calculation_Procedures\TraceAnalysis_ini\CA3\CA3_FirstStage.ini 
   57 traces read from the ini file. 
   57 traces exist in the year 2022.
   57 unique traces are kept for processing
Deleted contents of \Users\Marcella Cross\Desktop\HeatDome_Ameriflux_Cleaning\MicroMet\Projects\My_Micromet\Database\2022\CA3\Flux\Clean
Reading first stage ini file: 
   C:\Users\Marcella Cross\Desktop\HeatDome_Ameriflux_Cleaning\MicroMet\Projects\My_Micromet\Database\Calculation_Procedures\TraceAnalysis_ini\CA3\CA3_FirstStage.ini 
   57 traces read from the ini file. 
   57 traces exist in the year 2022.
   57 unique traces are kept for processing
Reading traces from database...
   Done reading traces.
Cleaning traces....
Automated cleaning ....
Exporting data ...
============== End of cleaning stage 1 =============
============== End of cleaning Site: CA3, year: 2022 ===========
==============  Start =========================================
Date: 27-May-2025 12:32:37
siteID = CA3
============== Second stage cleaning CA3 2022 ==============
Deleted contents of \Users\Marcella Cross\Desktop\HeatDome_Ameriflux_Cleaning\MicroMet\Projects\My_Micromet\Database\2022\CA3\Clean\SecondStage
Reading second stage ini file: 
   C:\Users\Marcella Cross\Desktop\HeatDome_Ameriflux_Cleaning\MicroMet\Projects\My_Micromet\Database\Calculation_Procedures\TraceAnalysis_ini\CA3\CA3_SecondStage.ini 
   39 traces read from the ini file. 
   39 traces exist in the year 2022.
   39 unique traces are kept for processing
Reading first stage ini file: 
   C:\Users\Marcella Cross\Desktop\HeatDome_Ameriflux_Cleaning\MicroMet\Projects\My_Micromet\Database\Calculation_Procedures\TraceAnalysis_ini\CA3\CA3_FirstStage.ini 
   57 traces read from the ini file. 
   57 traces exist in the year 2022.
   57 unique traces are kept for processing
Reading data from: 
    \Users\Marcella Cross\Desktop\HeatDome_Ameriflux_Cleaning\MicroMet\Projects\My_Micromet\Database\2022\CA3\Flux\Clean
Reading traces from database...
   Done reading traces.
Exporting data ...
============== End of cleaning stage 2 =============
============== End of cleaning Site: CA3, year: 2022 ===========
==============  Start =========================================
Date: 27-May-2025 12:44:33
siteID = CA3
============== 7-th stage cleaning CA3 2022 ==============
Deleted contents of \Users\Marcella Cross\Desktop\HeatDome_Ameriflux_Cleaning\MicroMet\Projects\My_Micromet\Database\2022\CA3\Clean\ThirdStage

============================ YML error check ============================
    {'FYI ------> File not present.     [\Users\Marcella Cross\Desktop\HeatDome_Ameriflux_Cleaning\MicroMet\Projects\My_Micromet\Database\2022\CA3\Clean\SecondStage\season]' }
    {'Warning --> File not present.     [\Users\Marcella Cross\Desktop\HeatDome_Ameriflux_Cleaning\MicroMet\Projects\My_Micromet\Database\2022\CA3\Clean\SecondStage\FCH4]'   }
    {'Warning --> File not present.     [\Users\Marcella Cross\Desktop\HeatDome_Ameriflux_Cleaning\MicroMet\Projects\My_Micromet\Database\2022\CA3\Clean\SecondStage\P_1_2_1]'}

========================= End of YML error check ==========================
Running the following command: "C:\Program Files\R\R-4.4.3\bin\Rscript.exe" --vanilla "C:\Users\Marcella Cross\Desktop\HeatDome_Ameriflux_Cleaning\MicroMet\Projects\Biomet.net\R\database_functions\ThirdStage.R" "/Users/Marcella Cross/Desktop/HeatDome_Ameriflux_Cleaning/MicroMet/Projects/My_Micromet/Database" CA3 2022 2022 2> "\Users\Marcella Cross\Desktop\HeatDome_Ameriflux_Cleaning\MicroMet\Projects\My_Micromet\Database\Calculation_Procedures\TraceAnalysis_ini\CA3\log\CA3_ThirdStageCleaning.log" 1>&2
Start time: 27-May-2025 12:44:34

End time: 27-May-2025 12:49:07

Retrieving critical messages from Third Stage R log:
Daytime flux partitioning failed!!!
Skipping daytime flux partitioning!!!
============== End of cleaning stage 7 =============
============== 8-th stage. Exporting AmeriFlux csv file for: CA3 2022 ==============
============== End of cleaning stage 9 =============
============== End of cleaning Site: CA3, year: 2022 ===========
==============  Start =========================================
Date: 27-May-2025 14:06:00
siteID = CA3
============== First  stage cleaning CA3 2022 ==============
Reading first stage ini file: 
   C:\Users\Marcella Cross\Desktop\HeatDome_Ameriflux_Cleaning\MicroMet\Projects\My_Micromet\Database\Calculation_Procedures\TraceAnalysis_ini\CA3\CA3_FirstStage.ini 
   57 traces read from the ini file. 
   57 traces exist in the year 2022.
   57 unique traces are kept for processing
Deleted contents of \Users\Marcella Cross\Desktop\HeatDome_Ameriflux_Cleaning\MicroMet\Projects\My_Micromet\Database\2022\CA3\Flux\Clean
Reading first stage ini file: 
   C:\Users\Marcella Cross\Desktop\HeatDome_Ameriflux_Cleaning\MicroMet\Projects\My_Micromet\Database\Calculation_Procedures\TraceAnalysis_ini\CA3\CA3_FirstStage.ini 
   57 traces read from the ini file. 
   57 traces exist in the year 2022.
   57 unique traces are kept for processing
Reading traces from database...
   Done reading traces.
Cleaning traces....
Automated cleaning ....
Exporting data ...
============== End of cleaning stage 1 =============
============== End of cleaning Site: CA3, year: 2022 ===========
==============  Start =========================================
Date: 27-May-2025 14:06:07
siteID = CA3
============== Second stage cleaning CA3 2022 ==============
Deleted contents of \Users\Marcella Cross\Desktop\HeatDome_Ameriflux_Cleaning\MicroMet\Projects\My_Micromet\Database\2022\CA3\Clean\SecondStage
Reading second stage ini file: 
   C:\Users\Marcella Cross\Desktop\HeatDome_Ameriflux_Cleaning\MicroMet\Projects\My_Micromet\Database\Calculation_Procedures\TraceAnalysis_ini\CA3\CA3_SecondStage.ini 
   39 traces read from the ini file. 
   39 traces exist in the year 2022.
   39 unique traces are kept for processing
Reading first stage ini file: 
   C:\Users\Marcella Cross\Desktop\HeatDome_Ameriflux_Cleaning\MicroMet\Projects\My_Micromet\Database\Calculation_Procedures\TraceAnalysis_ini\CA3\CA3_FirstStage.ini 
   57 traces read from the ini file. 
   57 traces exist in the year 2022.
   57 unique traces are kept for processing
Reading data from: 
    \Users\Marcella Cross\Desktop\HeatDome_Ameriflux_Cleaning\MicroMet\Projects\My_Micromet\Database\2022\CA3\Flux\Clean
Reading traces from database...
   Done reading traces.
Exporting data ...
============== End of cleaning stage 2 =============
============== End of cleaning Site: CA3, year: 2022 ===========
==============  Start =========================================
Date: 27-May-2025 14:17:36
siteID = CA3
============== 7-th stage cleaning CA3 2022 ==============
Deleted contents of \Users\Marcella Cross\Desktop\HeatDome_Ameriflux_Cleaning\MicroMet\Projects\My_Micromet\Database\2022\CA3\Clean\ThirdStage

============================ YML error check ============================
    {'FYI ------> File not present.     [\Users\Marcella Cross\Desktop\HeatDome_Ameriflux_Cleaning\MicroMet\Projects\My_Micromet\Database\2022\CA3\Clean\SecondStage\season]' }
    {'Warning --> File not present.     [\Users\Marcella Cross\Desktop\HeatDome_Ameriflux_Cleaning\MicroMet\Projects\My_Micromet\Database\2022\CA3\Clean\SecondStage\FCH4]'   }
    {'Warning --> File not present.     [\Users\Marcella Cross\Desktop\HeatDome_Ameriflux_Cleaning\MicroMet\Projects\My_Micromet\Database\2022\CA3\Clean\SecondStage\P_1_2_1]'}

========================= End of YML error check ==========================
Running the following command: "C:\Program Files\R\R-4.4.3\bin\Rscript.exe" --vanilla "C:\Users\Marcella Cross\Desktop\HeatDome_Ameriflux_Cleaning\MicroMet\Projects\Biomet.net\R\database_functions\ThirdStage.R" "/Users/Marcella Cross/Desktop/HeatDome_Ameriflux_Cleaning/MicroMet/Projects/My_Micromet/Database" CA3 2022 2022 2> "\Users\Marcella Cross\Desktop\HeatDome_Ameriflux_Cleaning\MicroMet\Projects\My_Micromet\Database\Calculation_Procedures\TraceAnalysis_ini\CA3\log\CA3_ThirdStageCleaning.log" 1>&2
Start time: 27-May-2025 14:17:37

End time: 27-May-2025 14:22:13

Retrieving critical messages from Third Stage R log:
Daytime flux partitioning failed!!!
Skipping daytime flux partitioning!!!
============== End of cleaning stage 7 =============
============== 8-th stage. Exporting AmeriFlux csv file for: CA3 2022 ==============
============== End of cleaning stage 9 =============
============== End of cleaning Site: CA3, year: 2022 ===========
==============  Start =========================================
Date: 28-May-2025 09:40:34
siteID = CA3
============== First  stage cleaning CA3 2022 ==============
Reading first stage ini file: 
   C:\Users\Marcella Cross\Desktop\HeatDome_Ameriflux_Cleaning\MicroMet\Projects\My_Micromet\Database\Calculation_Procedures\TraceAnalysis_ini\CA3\CA3_FirstStage.ini 
   57 traces read from the ini file. 
   57 traces exist in the year 2022.
   57 unique traces are kept for processing
Deleted contents of \Users\Marcella Cross\Desktop\HeatDome_Ameriflux_Cleaning\MicroMet\Projects\My_Micromet\Database\2022\CA3\Flux\Clean
Reading first stage ini file: 
   C:\Users\Marcella Cross\Desktop\HeatDome_Ameriflux_Cleaning\MicroMet\Projects\My_Micromet\Database\Calculation_Procedures\TraceAnalysis_ini\CA3\CA3_FirstStage.ini 
   57 traces read from the ini file. 
   57 traces exist in the year 2022.
   57 unique traces are kept for processing
Reading traces from database...
   Done reading traces.
Cleaning traces....
Automated cleaning ....
Exporting data ...
============== End of cleaning stage 1 =============
============== End of cleaning Site: CA3, year: 2022 ===========
==============  Start =========================================
Date: 28-May-2025 09:41:09
siteID = CA3
============== Second stage cleaning CA3 2022 ==============
Deleted contents of \Users\Marcella Cross\Desktop\HeatDome_Ameriflux_Cleaning\MicroMet\Projects\My_Micromet\Database\2022\CA3\Clean\SecondStage
Reading second stage ini file: 
   C:\Users\Marcella Cross\Desktop\HeatDome_Ameriflux_Cleaning\MicroMet\Projects\My_Micromet\Database\Calculation_Procedures\TraceAnalysis_ini\CA3\CA3_SecondStage.ini 
   38 traces read from the ini file. 
   38 traces exist in the year 2022.
   38 unique traces are kept for processing
Reading first stage ini file: 
   C:\Users\Marcella Cross\Desktop\HeatDome_Ameriflux_Cleaning\MicroMet\Projects\My_Micromet\Database\Calculation_Procedures\TraceAnalysis_ini\CA3\CA3_FirstStage.ini 
   57 traces read from the ini file. 
   57 traces exist in the year 2022.
   57 unique traces are kept for processing
Reading data from: 
    \Users\Marcella Cross\Desktop\HeatDome_Ameriflux_Cleaning\MicroMet\Projects\My_Micromet\Database\2022\CA3\Flux\Clean
Reading traces from database...
   Done reading traces.
Exporting data ...
============== End of cleaning stage 2 =============
============== End of cleaning Site: CA3, year: 2022 ===========
==============  Start =========================================
Date: 28-May-2025 09:57:25
siteID = CA3
============== 7-th stage cleaning CA3 2022 ==============
Deleted contents of \Users\Marcella Cross\Desktop\HeatDome_Ameriflux_Cleaning\MicroMet\Projects\My_Micromet\Database\2022\CA3\Clean\ThirdStage

============================ YML error check ============================
    {'FYI ------> File not present.     [\Users\Marcella Cross\Desktop\HeatDome_Ameriflux_Cleaning\MicroMet\Projects\My_Micromet\Database\2022\CA3\Clean\SecondStage\season]' }
    {'Warning --> File not present.     [\Users\Marcella Cross\Desktop\HeatDome_Ameriflux_Cleaning\MicroMet\Projects\My_Micromet\Database\2022\CA3\Clean\SecondStage\FCH4]'   }
    {'Warning --> File not present.     [\Users\Marcella Cross\Desktop\HeatDome_Ameriflux_Cleaning\MicroMet\Projects\My_Micromet\Database\2022\CA3\Clean\SecondStage\P_1_2_1]'}

========================= End of YML error check ==========================
Running the following command: "C:\Program Files\R\R-4.4.3\bin\Rscript.exe" --vanilla "C:\Users\Marcella Cross\Desktop\HeatDome_Ameriflux_Cleaning\MicroMet\Projects\Biomet.net\R\database_functions\ThirdStage.R" "/Users/Marcella Cross/Desktop/HeatDome_Ameriflux_Cleaning/MicroMet/Projects/My_Micromet/Database" CA3 2022 2022 2> "\Users\Marcella Cross\Desktop\HeatDome_Ameriflux_Cleaning\MicroMet\Projects\My_Micromet\Database\Calculation_Procedures\TraceAnalysis_ini\CA3\log\CA3_ThirdStageCleaning.log" 1>&2
Start time: 28-May-2025 09:57:26

End time: 28-May-2025 10:02:33

Retrieving critical messages from Third Stage R log:
Daytime flux partitioning failed!!!
Skipping daytime flux partitioning!!!
============== End of cleaning stage 7 =============
============== 8-th stage. Exporting AmeriFlux csv file for: CA3 2022 ==============
============== End of cleaning stage 9 =============
============== End of cleaning Site: CA3, year: 2022 ===========
==============  Start =========================================
Date: 28-May-2025 11:27:10
siteID = CA3
============== First  stage cleaning CA3 2022 ==============
Reading first stage ini file: 
   C:\Users\Marcella Cross\Desktop\HeatDome_Ameriflux_Cleaning\MicroMet\Projects\My_Micromet\Database\Calculation_Procedures\TraceAnalysis_ini\CA3\CA3_FirstStage.ini 
   59 traces read from the ini file. 
   59 traces exist in the year 2022.
   59 unique traces are kept for processing
Deleted contents of \Users\Marcella Cross\Desktop\HeatDome_Ameriflux_Cleaning\MicroMet\Projects\My_Micromet\Database\2022\CA3\Flux\Clean
Reading first stage ini file: 
   C:\Users\Marcella Cross\Desktop\HeatDome_Ameriflux_Cleaning\MicroMet\Projects\My_Micromet\Database\Calculation_Procedures\TraceAnalysis_ini\CA3\CA3_FirstStage.ini 
   59 traces read from the ini file. 
   59 traces exist in the year 2022.
   59 unique traces are kept for processing
Reading traces from database...
   Done reading traces.
Cleaning traces....
Automated cleaning ....
Exporting data ...
============== End of cleaning stage 1 =============
============== Second stage cleaning CA3 2022 ==============
Deleted contents of \Users\Marcella Cross\Desktop\HeatDome_Ameriflux_Cleaning\MicroMet\Projects\My_Micromet\Database\2022\CA3\Clean\SecondStage
Reading second stage ini file: 
   C:\Users\Marcella Cross\Desktop\HeatDome_Ameriflux_Cleaning\MicroMet\Projects\My_Micromet\Database\Calculation_Procedures\TraceAnalysis_ini\CA3\CA3_SecondStage.ini 
   38 traces read from the ini file. 
   38 traces exist in the year 2022.
   38 unique traces are kept for processing
Reading first stage ini file: 
   C:\Users\Marcella Cross\Desktop\HeatDome_Ameriflux_Cleaning\MicroMet\Projects\My_Micromet\Database\Calculation_Procedures\TraceAnalysis_ini\CA3\CA3_FirstStage.ini 
   59 traces read from the ini file. 
   59 traces exist in the year 2022.
   59 unique traces are kept for processing
Reading data from: 
    \Users\Marcella Cross\Desktop\HeatDome_Ameriflux_Cleaning\MicroMet\Projects\My_Micromet\Database\2022\CA3\Flux\Clean
Reading traces from database...
   Done reading traces.
Exporting data ...
============== End of cleaning stage 2 =============
============== 7-th stage cleaning CA3 2022 ==============
Deleted contents of \Users\Marcella Cross\Desktop\HeatDome_Ameriflux_Cleaning\MicroMet\Projects\My_Micromet\Database\2022\CA3\Clean\ThirdStage

============================ YML error check ============================
    {'FYI ------> File not present.     [\Users\Marcella Cross\Desktop\HeatDome_Ameriflux_Cleaning\MicroMet\Projects\My_Micromet\Database\2022\CA3\Clean\SecondStage\season]' }
    {'Warning --> File not present.     [\Users\Marcella Cross\Desktop\HeatDome_Ameriflux_Cleaning\MicroMet\Projects\My_Micromet\Database\2022\CA3\Clean\SecondStage\FCH4]'   }
    {'Warning --> File not present.     [\Users\Marcella Cross\Desktop\HeatDome_Ameriflux_Cleaning\MicroMet\Projects\My_Micromet\Database\2022\CA3\Clean\SecondStage\P_1_2_1]'}

========================= End of YML error check ==========================
Running the following command: "C:\Program Files\R\R-4.4.3\bin\Rscript.exe" --vanilla "C:\Users\Marcella Cross\Desktop\HeatDome_Ameriflux_Cleaning\MicroMet\Projects\Biomet.net\R\database_functions\ThirdStage.R" "/Users/Marcella Cross/Desktop/HeatDome_Ameriflux_Cleaning/MicroMet/Projects/My_Micromet/Database" CA3 2022 2022 2> "\Users\Marcella Cross\Desktop\HeatDome_Ameriflux_Cleaning\MicroMet\Projects\My_Micromet\Database\Calculation_Procedures\TraceAnalysis_ini\CA3\log\CA3_ThirdStageCleaning.log" 1>&2
Start time: 28-May-2025 11:27:22

End time: 28-May-2025 11:31:54

Retrieving critical messages from Third Stage R log:
Daytime flux partitioning failed!!!
Skipping daytime flux partitioning!!!
============== End of cleaning stage 7 =============
============== 8-th stage. Exporting AmeriFlux csv file for: CA3 2022 ==============
============== End of cleaning stage 9 =============
============== End of cleaning Site: CA3, year: 2022 ===========
render process terminated: TS_PROCESS_WAS_KILLED
==============  Start =========================================
Date: 22-Aug-2025 15:59:06
siteID = CA3
============== First  stage cleaning CA3 2022 ==============
Reading first stage ini file: 
   C:\Users\Marcella Cross\Desktop\HeatDome_Ameriflux_Cleaning\MicroMet\Projects\My_Micromet\Database\Calculation_Procedures\TraceAnalysis_ini\CA3\CA3_FirstStage.ini 
   59 traces read from the ini file. 
   59 traces exist in the year 2022.
   59 unique traces are kept for processing
Deleted contents of \Users\Marcella Cross\Desktop\HeatDome_Ameriflux_Cleaning\MicroMet\Projects\My_Micromet\Database\2022\CA3\Flux\Clean
Reading first stage ini file: 
   C:\Users\Marcella Cross\Desktop\HeatDome_Ameriflux_Cleaning\MicroMet\Projects\My_Micromet\Database\Calculation_Procedures\TraceAnalysis_ini\CA3\CA3_FirstStage.ini 
   59 traces read from the ini file. 
   59 traces exist in the year 2022.
   59 unique traces are kept for processing
Reading traces from database...
   Done reading traces.
Cleaning traces....
Automated cleaning ....
Exporting data ...
============== End of cleaning stage 1 =============
============== Second stage cleaning CA3 2022 ==============
Deleted contents of \Users\Marcella Cross\Desktop\HeatDome_Ameriflux_Cleaning\MicroMet\Projects\My_Micromet\Database\2022\CA3\Clean\SecondStage
Reading second stage ini file: 
   C:\Users\Marcella Cross\Desktop\HeatDome_Ameriflux_Cleaning\MicroMet\Projects\My_Micromet\Database\Calculation_Procedures\TraceAnalysis_ini\CA3\CA3_SecondStage.ini 
   38 traces read from the ini file. 
   38 traces exist in the year 2022.
   38 unique traces are kept for processing
Reading first stage ini file: 
   C:\Users\Marcella Cross\Desktop\HeatDome_Ameriflux_Cleaning\MicroMet\Projects\My_Micromet\Database\Calculation_Procedures\TraceAnalysis_ini\CA3\CA3_FirstStage.ini 
   59 traces read from the ini file. 
   59 traces exist in the year 2022.
   59 unique traces are kept for processing
Reading data from: 
    \Users\Marcella Cross\Desktop\HeatDome_Ameriflux_Cleaning\MicroMet\Projects\My_Micromet\Database\2022\CA3\Flux\Clean
Reading traces from database...
   Done reading traces.
Exporting data ...
============== End of cleaning stage 2 =============
============== 7-th stage cleaning CA3 2022 ==============
Deleted contents of \Users\Marcella Cross\Desktop\HeatDome_Ameriflux_Cleaning\MicroMet\Projects\My_Micromet\Database\2022\CA3\Clean\ThirdStage

============================ YML error check ============================
    {'FYI ------> File not present.     [\Users\Marcella Cross\Desktop\HeatDome_Ameriflux_Cleaning\MicroMet\Projects\My_Micromet\Database\2022\CA3\Clean\SecondStage\season]' }
    {'Warning --> File not present.     [\Users\Marcella Cross\Desktop\HeatDome_Ameriflux_Cleaning\MicroMet\Projects\My_Micromet\Database\2022\CA3\Clean\SecondStage\FCH4]'   }
    {'Warning --> File not present.     [\Users\Marcella Cross\Desktop\HeatDome_Ameriflux_Cleaning\MicroMet\Projects\My_Micromet\Database\2022\CA3\Clean\SecondStage\P_1_2_1]'}

========================= End of YML error check ==========================
Running the following command: "C:\Program Files\R\R-4.4.3\bin\Rscript.exe" --vanilla "C:\Users\Marcella Cross\Desktop\HeatDome_Ameriflux_Cleaning\MicroMet\Projects\Biomet.net\R\database_functions\ThirdStage.R" "/Users/Marcella Cross/Desktop/HeatDome_Ameriflux_Cleaning/MicroMet/Projects/My_Micromet/Database" CA3 2022 2022 2> "\Users\Marcella Cross\Desktop\HeatDome_Ameriflux_Cleaning\MicroMet\Projects\My_Micromet\Database\Calculation_Procedures\TraceAnalysis_ini\CA3\log\CA3_ThirdStageCleaning.log" 1>&2
Start time: 22-Aug-2025 15:59:17

End time: 22-Aug-2025 16:04:51

Retrieving critical messages from Third Stage R log:
Daytime flux partitioning failed!!!
Skipping daytime flux partitioning!!!
============== End of cleaning stage 7 =============
============== 8-th stage. Exporting AmeriFlux csv file for: CA3 2022 ==============
============== End of cleaning stage 8 =============
============== End of cleaning Site: CA3, year: 2022 ===========
