
Attaching package: 'zoo'

The following objects are masked from 'package:base':

    as.Date, as.Date.numeric


Attaching package: 'dplyr'

The following objects are masked from 'package:stats':

    filter, lag

The following objects are masked from 'package:base':

    intersect, setdiff, setequal, union


Attaching package: 'lubridate'

The following objects are masked from 'package:base':

    date, intersect, setdiff, union


Attaching package: 'data.table'

The following objects are masked from 'package:lubridate':

    hour, isoweek, mday, minute, month, quarter, second, wday, week,
    yday, year

The following objects are masked from 'package:dplyr':

    between, first, last

The following objects are masked from 'package:zoo':

    yearmon, yearqtr


Attaching package: 'reshape2'

The following objects are masked from 'package:data.table':

    dcast, melt

── Attaching core tidyverse packages ──────────────────────── tidyverse 2.0.0 ──
✔ forcats 1.0.0     ✔ readr   2.1.5
✔ ggplot2 3.5.1     ✔ tibble  3.2.1
✔ purrr   1.0.4     ✔ tidyr   1.3.1
── Conflicts ────────────────────────────────────────── tidyverse_conflicts() ──
✖ data.table::between() masks dplyr::between()
✖ dplyr::filter()       masks stats::filter()
✖ data.table::first()   masks dplyr::first()
✖ data.table::hour()    masks lubridate::hour()
✖ data.table::isoweek() masks lubridate::isoweek()
✖ dplyr::lag()          masks stats::lag()
✖ data.table::last()    masks dplyr::last()
✖ data.table::mday()    masks lubridate::mday()
✖ data.table::minute()  masks lubridate::minute()
✖ data.table::month()   masks lubridate::month()
✖ data.table::quarter() masks lubridate::quarter()
✖ data.table::second()  masks lubridate::second()
✖ purrr::transpose()    masks data.table::transpose()
✖ data.table::wday()    masks lubridate::wday()
✖ data.table::week()    masks lubridate::week()
✖ data.table::yday()    masks lubridate::yday()
✖ data.table::year()    masks lubridate::year()
ℹ Use the conflicted package (<http://conflicted.r-lib.org/>) to force all conflicts to become errors
Loading required package: lattice

Attaching package: 'caret'

The following object is masked from 'package:purrr':

    lift

[1] "R version 4.4.3 (2025-02-28 ucrt)"
[1] "ReddyProc version: 1.3.3"
[1] "Third stage run initialized for CF2 data in /Users/Marcella Cross/Desktop/HeatDome_Ameriflux_Cleaning/MicroMet/Projects/My_Micromet/Database"
[1] "481 values in H were filtered by the wind sector filter"
[1] "0 values in H were filtered out by the rain filter"
[1] "448 values in LE were filtered by the wind sector filter"
[1] "0 values in LE were filtered out by the rain filter"
[1] "871 values in NEE were filtered by the wind sector filter"
[1] "0 values in NEE were filtered out by the rain filter"
[1] "Writing 2022"
[1] "Writing DateTime"
[1] "Writing H"
[1] "Writing LE"
[1] "Writing NEE"
[1] "Copying H from Clean/ThirdStage_Default_Ustar to Clean/ThirdStage"
[1] "Copying LE from Clean/ThirdStage_Default_Ustar to Clean/ThirdStage"
[1] "Copying NEE from Clean/ThirdStage_Default_Ustar to Clean/ThirdStage"
[1] "0 values in H were filtered out by moving Z score filter"
[1] "17 values in LE were filtered out by moving Z score filter"
[1] "24 values in NEE were filtered out by moving Z score filter"
[1] "Writing 2022"
[1] "Writing DateTime"
[1] "Writing H_PI_JSZ"
[1] "Writing LE_PI_JSZ"
[1] "Writing NEE_PI_JSZ"
[1] "Copying H_PI_JSZ from Clean/ThirdStage_Default_Ustar to Clean/ThirdStage"
[1] "Copying LE_PI_JSZ from Clean/ThirdStage_Default_Ustar to Clean/ThirdStage"
[1] "Copying NEE_PI_JSZ from Clean/ThirdStage_Default_Ustar to Clean/ThirdStage"
[1] "69 values in H were filtered out by Night-time MAD spike filter"
[1] "102 values in H were filtered out by Day-time MAD spike filter"
[1] "98 values in LE were filtered out by Night-time MAD spike filter"
[1] "130 values in LE were filtered out by Day-time MAD spike filter"
[1] "104 values in NEE were filtered out by Night-time MAD spike filter"
[1] "161 values in NEE were filtered out by Day-time MAD spike filter"
[1] "Writing 2022"
[1] "Writing DateTime"
[1] "Writing H_PI_JSZ_MAD"
[1] "Writing LE_PI_JSZ_MAD"
[1] "Writing NEE_PI_JSZ_MAD"
[1] "Copying H_PI_JSZ_MAD from Clean/ThirdStage_Default_Ustar to Clean/ThirdStage"
[1] "Copying LE_PI_JSZ_MAD from Clean/ThirdStage_Default_Ustar to Clean/ThirdStage"
[1] "Copying NEE_PI_JSZ_MAD from Clean/ThirdStage_Default_Ustar to Clean/ThirdStage"
[1] "<P2M> H is all NaN in 2022, REddyProc will ignore the flux </P2M>"
[1] "<P2M> LE is all NaN in 2022, REddyProc will ignore the flux </P2M>"
[1] "<P2M> NEE is all NaN in 2022, REddyProc will ignore the flux </P2M>"
[1] "Insufficient data available for specified site-years to run REddyProc"
Error in if (config$Processing$ThirdStage$RF_GapFilling$Run) { : 
  argument is of length zero
Execution halted
=============================================================
Failed running Third Stage Rscript: C:\Program Files\R\R-4.4.3\bin\Rscript.exe
=============================================================


Command output:





=============================================================
Rscript:      C:\Program Files\R\R-4.4.3\bin\Rscript.exe
Command line: "C:\Program Files\R\R-4.4.3\bin\Rscript.exe" --vanilla "C:\Users\Marcella Cross\Desktop\HeatDome_Ameriflux_Cleaning\MicroMet\Projects\Biomet.net\R\database_functions\ThirdStage.R" "/Users/Marcella Cross/Desktop/HeatDome_Ameriflux_Cleaning/MicroMet/Projects/My_Micromet/Database" CF2 2022 2022 2> "\Users\Marcella Cross\Desktop\HeatDome_Ameriflux_Cleaning\MicroMet\Projects\My_Micromet\Database\Calculation_Procedures\TraceAnalysis_ini\CF2\log\CF2_ThirdStageCleaning.log" 1>&2
Start:        31-Mar-2025 15:03:00
End:          31-Mar-2025 15:03:27
Elapsed time:    0.5 min
==============================================================
