
Attaching package: 'zoo'

The following objects are masked from 'package:base':

    as.Date, as.Date.numeric


Attaching package: 'dplyr'

The following objects are masked from 'package:stats':

    filter, lag

The following objects are masked from 'package:base':

    intersect, setdiff, setequal, union


Attaching package: 'lubridate'

The following objects are masked from 'package:base':

    date, intersect, setdiff, union


Attaching package: 'data.table'

The following objects are masked from 'package:lubridate':

    hour, isoweek, mday, minute, month, quarter, second, wday, week,
    yday, year

The following objects are masked from 'package:dplyr':

    between, first, last

The following objects are masked from 'package:zoo':

    yearmon, yearqtr


Attaching package: 'reshape2'

The following objects are masked from 'package:data.table':

    dcast, melt

── Attaching core tidyverse packages ──────────────────────── tidyverse 2.0.0 ──
✔ forcats 1.0.0     ✔ readr   2.1.5
✔ ggplot2 3.5.1     ✔ tibble  3.2.1
✔ purrr   1.0.4     ✔ tidyr   1.3.1
── Conflicts ────────────────────────────────────────── tidyverse_conflicts() ──
✖ data.table::between() masks dplyr::between()
✖ dplyr::filter()       masks stats::filter()
✖ data.table::first()   masks dplyr::first()
✖ data.table::hour()    masks lubridate::hour()
✖ data.table::isoweek() masks lubridate::isoweek()
✖ dplyr::lag()          masks stats::lag()
✖ data.table::last()    masks dplyr::last()
✖ data.table::mday()    masks lubridate::mday()
✖ data.table::minute()  masks lubridate::minute()
✖ data.table::month()   masks lubridate::month()
✖ data.table::quarter() masks lubridate::quarter()
✖ data.table::second()  masks lubridate::second()
✖ purrr::transpose()    masks data.table::transpose()
✖ data.table::wday()    masks lubridate::wday()
✖ data.table::week()    masks lubridate::week()
✖ data.table::yday()    masks lubridate::yday()
✖ data.table::year()    masks lubridate::year()
ℹ Use the conflicted package (<http://conflicted.r-lib.org/>) to force all conflicts to become errors
Loading required package: lattice

Attaching package: 'caret'

The following object is masked from 'package:purrr':

    lift

[1] "R version 4.4.3 (2025-02-28 ucrt)"
[1] "ReddyProc version: 1.3.3"
[1] "Third stage run initialized for ME6 data in /Users/Marcella Cross/Desktop/HeatDome_Ameriflux_Cleaning/MicroMet/Projects/My_Micromet/Database"
[1] "3434 values in H were filtered by the wind sector filter"
[1] "3323 values in LE were filtered by the wind sector filter"
[1] "0 values in NEE were filtered by the wind sector filter"
[1] "Writing 2022"
[1] "Writing DateTime"
[1] "Writing H"
[1] "Writing LE"
[1] "Writing NEE"
[1] "Copying H from Clean/ThirdStage_Default_Ustar to Clean/ThirdStage"
[1] "Copying LE from Clean/ThirdStage_Default_Ustar to Clean/ThirdStage"
[1] "Copying NEE from Clean/ThirdStage_Default_Ustar to Clean/ThirdStage"
Error in `[.data.frame`(input_data, interpolate_vars) : 
  undefined columns selected
Calls: Met_Gap_Filling -> na.approx -> [ -> [.data.frame
Execution halted
=============================================================
Failed running Third Stage Rscript: C:\Program Files\R\R-4.4.3\bin\Rscript.exe
=============================================================


Command output:





=============================================================
Rscript:      C:\Program Files\R\R-4.4.3\bin\Rscript.exe
Command line: "C:\Program Files\R\R-4.4.3\bin\Rscript.exe" --vanilla "C:\Users\Marcella Cross\Desktop\HeatDome_Ameriflux_Cleaning\MicroMet\Projects\Biomet.net\R\database_functions\ThirdStage.R" "/Users/Marcella Cross/Desktop/HeatDome_Ameriflux_Cleaning/MicroMet/Projects/My_Micromet/Database" ME6 2022 2022 2> "\Users\Marcella Cross\Desktop\HeatDome_Ameriflux_Cleaning\MicroMet\Projects\My_Micromet\Database\Calculation_Procedures\TraceAnalysis_ini\ME6\log\ME6_ThirdStageCleaning.log" 1>&2
Start:        25-Apr-2025 09:10:23
End:          25-Apr-2025 09:10:28
Elapsed time:    0.1 min
==============================================================
