==============  Start =========================================
Date: 31-Mar-2025 16:37:31
siteID = CF4
============== First  stage cleaning CF4 2021 ==============
Reading first stage ini file: 
   C:\Users\Marcella Cross\Desktop\HeatDome_Ameriflux_Cleaning\MicroMet\Projects\My_Micromet\Database\Calculation_Procedures\TraceAnalysis_ini\CF4\CF4_FirstStage.ini 
   29 traces read from the ini file. 
   29 traces exist in the year 2021.
   29 unique traces are kept for processing
Created \Users\Marcella Cross\Desktop\HeatDome_Ameriflux_Cleaning\MicroMet\Projects\My_Micromet\Database\2021\CF4\Flux\Clean
Reading first stage ini file: 
   C:\Users\Marcella Cross\Desktop\HeatDome_Ameriflux_Cleaning\MicroMet\Projects\My_Micromet\Database\Calculation_Procedures\TraceAnalysis_ini\CF4\CF4_FirstStage.ini 
   29 traces read from the ini file. 
   29 traces exist in the year 2021.
   29 unique traces are kept for processing
Reading traces from database...
   Done reading traces.
Cleaning traces....
Automated cleaning ....
Exporting data ...
============== End of cleaning stage 1 =============
============== End of cleaning Site: CF4, year: 2021 ===========
==============  Start =========================================
Date: 31-Mar-2025 16:37:45
siteID = CF4
============== Second stage cleaning CF4 2021 ==============
Created \Users\Marcella Cross\Desktop\HeatDome_Ameriflux_Cleaning\MicroMet\Projects\My_Micromet\Database\2021\CF4\Clean\SecondStage
Reading second stage ini file: 
   C:\Users\Marcella Cross\Desktop\HeatDome_Ameriflux_Cleaning\MicroMet\Projects\My_Micromet\Database\Calculation_Procedures\TraceAnalysis_ini\CF4\CF4_SecondStage.ini 
   18 traces read from the ini file. 
   18 traces exist in the year 2021.
   18 unique traces are kept for processing
Reading first stage ini file: 
   C:\Users\Marcella Cross\Desktop\HeatDome_Ameriflux_Cleaning\MicroMet\Projects\My_Micromet\Database\Calculation_Procedures\TraceAnalysis_ini\CF4\CF4_FirstStage.ini 
   29 traces read from the ini file. 
   29 traces exist in the year 2021.
   29 unique traces are kept for processing
Reading data from: 
    \Users\Marcella Cross\Desktop\HeatDome_Ameriflux_Cleaning\MicroMet\Projects\My_Micromet\Database\2021\CF4\Flux\Clean
Reading traces from database...
   Done reading traces.
Exporting data ...
============== End of cleaning stage 2 =============
============== End of cleaning Site: CF4, year: 2021 ===========
==============  Start =========================================
Date: 31-Mar-2025 16:47:57
siteID = CF4
============== 7-th stage cleaning CF4 2021 ==============
Created \Users\Marcella Cross\Desktop\HeatDome_Ameriflux_Cleaning\MicroMet\Projects\My_Micromet\Database\2021\CF4\Clean\ThirdStage

============================ YML error check ============================
    {'FYI ------> Processing: ThirdStage: Fluxes: FCH4 set to NULL in site_config.yaml'}
    {'FYI ------> Processing: ThirdStage: Fluxes: FNO2 set to NULL in site_config.yaml'}

========================= End of YML error check ==========================
Running the following command: "C:\Program Files\R\R-4.4.3\bin\Rscript.exe" --vanilla "C:\Users\Marcella Cross\Desktop\HeatDome_Ameriflux_Cleaning\MicroMet\Projects\Biomet.net\R\database_functions\ThirdStage.R" "/Users/Marcella Cross/Desktop/HeatDome_Ameriflux_Cleaning/MicroMet/Projects/My_Micromet/Database" CF4 2021 2021 2> "\Users\Marcella Cross\Desktop\HeatDome_Ameriflux_Cleaning\MicroMet\Projects\My_Micromet\Database\Calculation_Procedures\TraceAnalysis_ini\CF4\log\CF4_ThirdStageCleaning.log" 1>&2
Start time: 31-Mar-2025 16:47:57

End time: 31-Mar-2025 16:49:04

Retrieving critical messages from Third Stage R log:
Error!!! REddyProc crashed!
============== End of cleaning stage 7 =============
============== 8-th stage. Exporting AmeriFlux csv file for: CF4 2021 ==============
============== End of cleaning stage 9 =============
============== End of cleaning Site: CF4, year: 2021 ===========
Directory \Users\Marcella Cross\Desktop\HeatDome_Ameriflux_Cleaning\MicroMet\Projects\My_Micromet\Database\2007\LP1\Flux does not exist!... Creating new folder!... New folder created!
Directory \Users\Marcella Cross\Desktop\HeatDome_Ameriflux_Cleaning\MicroMet\Projects\My_Micromet\Database\2008\LP1\Flux does not exist!... Creating new folder!... New folder created!
Directory \Users\Marcella Cross\Desktop\HeatDome_Ameriflux_Cleaning\MicroMet\Projects\My_Micromet\Database\2009\LP1\Flux does not exist!... Creating new folder!... New folder created!
Directory \Users\Marcella Cross\Desktop\HeatDome_Ameriflux_Cleaning\MicroMet\Projects\My_Micromet\Database\2010\LP1\Flux does not exist!... Creating new folder!... New folder created!
Directory \Users\Marcella Cross\Desktop\HeatDome_Ameriflux_Cleaning\MicroMet\Projects\My_Micromet\Database\2011\LP1\Flux does not exist!... Creating new folder!... New folder created!
Directory \Users\Marcella Cross\Desktop\HeatDome_Ameriflux_Cleaning\MicroMet\Projects\My_Micromet\Database\2012\LP1\Flux does not exist!... Creating new folder!... New folder created!
Directory \Users\Marcella Cross\Desktop\HeatDome_Ameriflux_Cleaning\MicroMet\Projects\My_Micromet\Database\2013\LP1\Flux does not exist!... Creating new folder!... New folder created!
Directory \Users\Marcella Cross\Desktop\HeatDome_Ameriflux_Cleaning\MicroMet\Projects\My_Micromet\Database\2014\LP1\Flux does not exist!... Creating new folder!... New folder created!
Directory \Users\Marcella Cross\Desktop\HeatDome_Ameriflux_Cleaning\MicroMet\Projects\My_Micromet\Database\2015\LP1\Flux does not exist!... Creating new folder!... New folder created!
Directory \Users\Marcella Cross\Desktop\HeatDome_Ameriflux_Cleaning\MicroMet\Projects\My_Micromet\Database\2016\LP1\Flux does not exist!... Creating new folder!... New folder created!
Directory \Users\Marcella Cross\Desktop\HeatDome_Ameriflux_Cleaning\MicroMet\Projects\My_Micromet\Database\2017\LP1\Flux does not exist!... Creating new folder!... New folder created!
Directory \Users\Marcella Cross\Desktop\HeatDome_Ameriflux_Cleaning\MicroMet\Projects\My_Micromet\Database\2018\LP1\Flux does not exist!... Creating new folder!... New folder created!
Directory \Users\Marcella Cross\Desktop\HeatDome_Ameriflux_Cleaning\MicroMet\Projects\My_Micromet\Database\2019\LP1\Flux does not exist!... Creating new folder!... New folder created!
Directory \Users\Marcella Cross\Desktop\HeatDome_Ameriflux_Cleaning\MicroMet\Projects\My_Micromet\Database\2020\LP1\Flux does not exist!... Creating new folder!... New folder created!
Directory \Users\Marcella Cross\Desktop\HeatDome_Ameriflux_Cleaning\MicroMet\Projects\My_Micromet\Database\2021\LP1\Flux does not exist!... Creating new folder!... New folder created!
Directory \Users\Marcella Cross\Desktop\HeatDome_Ameriflux_Cleaning\MicroMet\Projects\My_Micromet\Database\2022\LP1\Flux does not exist!... Creating new folder!... New folder created!
