==============  Start =========================================
Date: 31-Mar-2025 11:41:54
siteID = CF1
============== First  stage cleaning CF1 2020 ==============
Reading first stage ini file: 
   C:\Users\Marcella Cross\Desktop\HeatDome_Ameriflux_Cleaning\MicroMet\Projects\My_Micromet\Database\Calculation_Procedures\TraceAnalysis_ini\CF1\CF1_FirstStage.ini 
   Reading included file: C:\Users\Marcella Cross\Desktop\HeatDome_Ameriflux_Cleaning\MicroMet\Projects\My_Micromet\Database\Calculation_Procedures\TraceAnalysis_ini\ECCC_FirstStage_include.ini. 
   6 traces read from the ini file. 
   6 traces exist in the year 2020.
   6 unique traces are kept for processing
   35 traces read from the ini file. 
   35 traces exist in the year 2020.
   35 unique traces are kept for processing
Created \Users\Marcella Cross\Desktop\HeatDome_Ameriflux_Cleaning\MicroMet\Projects\My_Micromet\Database\2020\CF1\Flux\Clean
Created \Users\Marcella Cross\Desktop\HeatDome_Ameriflux_Cleaning\MicroMet\Projects\My_Micromet\Database\2020\CF1\Met\Clean
Reading first stage ini file: 
   C:\Users\Marcella Cross\Desktop\HeatDome_Ameriflux_Cleaning\MicroMet\Projects\My_Micromet\Database\Calculation_Procedures\TraceAnalysis_ini\CF1\CF1_FirstStage.ini 
   Reading included file: C:\Users\Marcella Cross\Desktop\HeatDome_Ameriflux_Cleaning\MicroMet\Projects\My_Micromet\Database\Calculation_Procedures\TraceAnalysis_ini\ECCC_FirstStage_include.ini. 
   6 traces read from the ini file. 
   6 traces exist in the year 2020.
   6 unique traces are kept for processing
   35 traces read from the ini file. 
   35 traces exist in the year 2020.
   35 unique traces are kept for processing
Reading traces from database...
Could not find time vector for: ../../ECCC/72785794129/30min/Tair. Returning all NaNs
Could not find time vector for: ../../ECCC/72785794129/30min/RH. Returning all NaNs
Could not find time vector for: ../../ECCC/72785794129/30min/Pbar. Returning all NaNs
Could not find time vector for: ../../ECCC/72785794129/30min/Precip. Returning all NaNs
Could not find time vector for: ../../ECCC/72785794129/30min/WindSpeed. Returning all NaNs
Could not find time vector for: ../../ECCC/72785794129/30min/WindDir. Returning all NaNs
   Done reading traces.
Cleaning traces....
Automated cleaning ....
Exporting data ...
============== End of cleaning stage 1 =============
==============  Start =========================================
Date: 31-Mar-2025 11:42:17
siteID = CF1
============== Second stage cleaning CF1 2020 ==============
Created \Users\Marcella Cross\Desktop\HeatDome_Ameriflux_Cleaning\MicroMet\Projects\My_Micromet\Database\2020\CF1\Clean\SecondStage
Reading second stage ini file: 
   C:\Users\Marcella Cross\Desktop\HeatDome_Ameriflux_Cleaning\MicroMet\Projects\My_Micromet\Database\Calculation_Procedures\TraceAnalysis_ini\CF1\CF1_SecondStage.ini 
   18 traces read from the ini file. 
   18 traces exist in the year 2020.
   18 unique traces are kept for processing
Reading first stage ini file: 
   C:\Users\Marcella Cross\Desktop\HeatDome_Ameriflux_Cleaning\MicroMet\Projects\My_Micromet\Database\Calculation_Procedures\TraceAnalysis_ini\CF1\CF1_FirstStage.ini 
   Reading included file: C:\Users\Marcella Cross\Desktop\HeatDome_Ameriflux_Cleaning\MicroMet\Projects\My_Micromet\Database\Calculation_Procedures\TraceAnalysis_ini\ECCC_FirstStage_include.ini. 
   6 traces read from the ini file. 
   6 traces exist in the year 2020.
   6 unique traces are kept for processing
   35 traces read from the ini file. 
   35 traces exist in the year 2020.
   35 unique traces are kept for processing
Reading data from: 
    \Users\Marcella Cross\Desktop\HeatDome_Ameriflux_Cleaning\MicroMet\Projects\My_Micromet\Database\2020\CF1\Flux\Clean
Reading data from: 
    \Users\Marcella Cross\Desktop\HeatDome_Ameriflux_Cleaning\MicroMet\Projects\My_Micromet\Database\2020\CF1\Met\Clean
Reading traces from database...
   Done reading traces.
Exporting data ...
============== End of cleaning stage 2 =============
==============  Start =========================================
Date: 31-Mar-2025 11:42:58
siteID = CF1
============== Second stage cleaning CF1 2020 ==============
Deleted contents of \Users\Marcella Cross\Desktop\HeatDome_Ameriflux_Cleaning\MicroMet\Projects\My_Micromet\Database\2020\CF1\Clean\SecondStage
Reading second stage ini file: 
   C:\Users\Marcella Cross\Desktop\HeatDome_Ameriflux_Cleaning\MicroMet\Projects\My_Micromet\Database\Calculation_Procedures\TraceAnalysis_ini\CF1\CF1_SecondStage.ini 
   18 traces read from the ini file. 
   18 traces exist in the year 2020.
   18 unique traces are kept for processing
Reading first stage ini file: 
   C:\Users\Marcella Cross\Desktop\HeatDome_Ameriflux_Cleaning\MicroMet\Projects\My_Micromet\Database\Calculation_Procedures\TraceAnalysis_ini\CF1\CF1_FirstStage.ini 
   Reading included file: C:\Users\Marcella Cross\Desktop\HeatDome_Ameriflux_Cleaning\MicroMet\Projects\My_Micromet\Database\Calculation_Procedures\TraceAnalysis_ini\ECCC_FirstStage_include.ini. 
   6 traces read from the ini file. 
   6 traces exist in the year 2020.
   6 unique traces are kept for processing
   35 traces read from the ini file. 
   35 traces exist in the year 2020.
   35 unique traces are kept for processing
Reading data from: 
    \Users\Marcella Cross\Desktop\HeatDome_Ameriflux_Cleaning\MicroMet\Projects\My_Micromet\Database\2020\CF1\Flux\Clean
Reading data from: 
    \Users\Marcella Cross\Desktop\HeatDome_Ameriflux_Cleaning\MicroMet\Projects\My_Micromet\Database\2020\CF1\Met\Clean
Reading traces from database...
   Done reading traces.
Exporting data ...
============== End of cleaning stage 2 =============
==============  Start =========================================
Date: 31-Mar-2025 11:43:45
siteID = CF1
============== 7-th stage cleaning CF1 2020 ==============
Created \Users\Marcella Cross\Desktop\HeatDome_Ameriflux_Cleaning\MicroMet\Projects\My_Micromet\Database\2020\CF1\Clean\ThirdStage

============================ YML error check ============================
Improperly formatted site_config.yml
Missing -- Processing: ThirdStage: REddyProc: vars_in:
{Unrecognized function or variable 'vars_in'.

Error in <a href="matlab:matlab.lang.internal.introspective.errorDocCallback('basic_error_check_yml_site_config', 'C:\Users\Marcella Cross\Desktop\HeatDome_Ameriflux_Cleaning\MicroMet\Projects\Biomet.net\matlab\Micromet\basic_error_check_yml_site_config.m', 194)" style="font-weight:bold">basic_error_check_yml_site_config</a> (<a href="matlab: opentoline('C:\Users\Marcella Cross\Desktop\HeatDome_Ameriflux_Cleaning\MicroMet\Projects\Biomet.net\matlab\Micromet\basic_error_check_yml_site_config.m',194,0)">line 194</a>)
idx = strcmpi(vars_in,'NEE');

Error in <a href="matlab:matlab.lang.internal.introspective.errorDocCallback('runThirdStageCleaningREddyProc', 'C:\Users\Marcella Cross\Desktop\HeatDome_Ameriflux_Cleaning\MicroMet\Projects\Biomet.net\matlab\Micromet\runThirdStageCleaningREddyProc.m', 95)" style="font-weight:bold">runThirdStageCleaningREddyProc</a> (<a href="matlab: opentoline('C:\Users\Marcella Cross\Desktop\HeatDome_Ameriflux_Cleaning\MicroMet\Projects\Biomet.net\matlab\Micromet\runThirdStageCleaningREddyProc.m',95,0)">line 95</a>)
    kill_3rdstage = basic_error_check_yml_site_config(siteID,yearIn,pthIni,pthBiometR);

Error in <a href="matlab:matlab.lang.internal.introspective.errorDocCallback('fr_automated_cleaning', 'C:\Users\Marcella Cross\Desktop\HeatDome_Ameriflux_Cleaning\MicroMet\Projects\Biomet.net\matlab\BIOMET\fr_automated_cleaning.m', 330)" style="font-weight:bold">fr_automated_cleaning</a> (<a href="matlab: opentoline('C:\Users\Marcella Cross\Desktop\HeatDome_Ameriflux_Cleaning\MicroMet\Projects\Biomet.net\matlab\BIOMET\fr_automated_cleaning.m',330,0)">line 330</a>)
            Rstatus = runThirdStageCleaningREddyProc(yy(1),siteID,1);  % use only 1 year for gap filling

Error in <a href="matlab:matlab.lang.internal.introspective.errorDocCallback('CF1_formatDatabase', 'C:\Users\Marcella Cross\Desktop\HeatDome_Ameriflux_Cleaning\MicroMet\Projects\My_Micromet\Matlab\CF1_formatDatabase.m', 85)" style="font-weight:bold">CF1_formatDatabase</a> (<a href="matlab: opentoline('C:\Users\Marcella Cross\Desktop\HeatDome_Ameriflux_Cleaning\MicroMet\Projects\My_Micromet\Matlab\CF1_formatDatabase.m',85,0)">line 85</a>)
fr_automated_cleaning([2020, 2021, 2022], 'CF1', 7);
}
==============  Start =========================================
Date: 31-Mar-2025 11:46:35
siteID = CF1
============== 7-th stage cleaning CF1 2020 ==============
Deleted contents of \Users\Marcella Cross\Desktop\HeatDome_Ameriflux_Cleaning\MicroMet\Projects\My_Micromet\Database\2020\CF1\Clean\ThirdStage

============================ YML error check ============================
Improperly formatted site_config.yml
Missing -- Processing: ThirdStage: REddyProc: vars_in:
{Unrecognized function or variable 'vars_in'.

Error in <a href="matlab:matlab.lang.internal.introspective.errorDocCallback('basic_error_check_yml_site_config', 'C:\Users\Marcella Cross\Desktop\HeatDome_Ameriflux_Cleaning\MicroMet\Projects\Biomet.net\matlab\Micromet\basic_error_check_yml_site_config.m', 194)" style="font-weight:bold">basic_error_check_yml_site_config</a> (<a href="matlab: opentoline('C:\Users\Marcella Cross\Desktop\HeatDome_Ameriflux_Cleaning\MicroMet\Projects\Biomet.net\matlab\Micromet\basic_error_check_yml_site_config.m',194,0)">line 194</a>)
idx = strcmpi(vars_in,'NEE');

Error in <a href="matlab:matlab.lang.internal.introspective.errorDocCallback('runThirdStageCleaningREddyProc', 'C:\Users\Marcella Cross\Desktop\HeatDome_Ameriflux_Cleaning\MicroMet\Projects\Biomet.net\matlab\Micromet\runThirdStageCleaningREddyProc.m', 95)" style="font-weight:bold">runThirdStageCleaningREddyProc</a> (<a href="matlab: opentoline('C:\Users\Marcella Cross\Desktop\HeatDome_Ameriflux_Cleaning\MicroMet\Projects\Biomet.net\matlab\Micromet\runThirdStageCleaningREddyProc.m',95,0)">line 95</a>)
    kill_3rdstage = basic_error_check_yml_site_config(siteID,yearIn,pthIni,pthBiometR);

Error in <a href="matlab:matlab.lang.internal.introspective.errorDocCallback('fr_automated_cleaning', 'C:\Users\Marcella Cross\Desktop\HeatDome_Ameriflux_Cleaning\MicroMet\Projects\Biomet.net\matlab\BIOMET\fr_automated_cleaning.m', 330)" style="font-weight:bold">fr_automated_cleaning</a> (<a href="matlab: opentoline('C:\Users\Marcella Cross\Desktop\HeatDome_Ameriflux_Cleaning\MicroMet\Projects\Biomet.net\matlab\BIOMET\fr_automated_cleaning.m',330,0)">line 330</a>)
            Rstatus = runThirdStageCleaningREddyProc(yy(1),siteID,1);  % use only 1 year for gap filling

Error in <a href="matlab:matlab.lang.internal.introspective.errorDocCallback('CF1_formatDatabase', 'C:\Users\Marcella Cross\Desktop\HeatDome_Ameriflux_Cleaning\MicroMet\Projects\My_Micromet\Matlab\CF1_formatDatabase.m', 87)" style="font-weight:bold">CF1_formatDatabase</a> (<a href="matlab: opentoline('C:\Users\Marcella Cross\Desktop\HeatDome_Ameriflux_Cleaning\MicroMet\Projects\My_Micromet\Matlab\CF1_formatDatabase.m',87,0)">line 87</a>)
fr_automated_cleaning([2020, 2021, 2022], 'CF1', [7 8]);
}
==============  Start =========================================
Date: 31-Mar-2025 11:59:19
siteID = CF1
============== 7-th stage cleaning CF1 2020 ==============
Deleted contents of \Users\Marcella Cross\Desktop\HeatDome_Ameriflux_Cleaning\MicroMet\Projects\My_Micromet\Database\2020\CF1\Clean\ThirdStage

============================ YML error check ============================
    {'FYI ------> Processing: ThirdStage: Fluxes: FCH4 set to NULL in site_config.yaml'}
    {'FYI ------> Processing: ThirdStage: Fluxes: FNO2 set to NULL in site_config.yaml'}

========================= End of YML error check ==========================
Running the following command: "C:\Program Files\R\R-4.4.3\bin\Rscript.exe" --vanilla "C:\Users\Marcella Cross\Desktop\HeatDome_Ameriflux_Cleaning\MicroMet\Projects\Biomet.net\R\database_functions\ThirdStage.R" "/Users/Marcella Cross/Desktop/HeatDome_Ameriflux_Cleaning/MicroMet/Projects/My_Micromet/Database" CF1 2020 2020 2> "\Users\Marcella Cross\Desktop\HeatDome_Ameriflux_Cleaning\MicroMet\Projects\My_Micromet\Database\Calculation_Procedures\TraceAnalysis_ini\CF1\log\CF1_ThirdStageCleaning.log" 1>&2
Start time: 31-Mar-2025 11:59:19

End time: 31-Mar-2025 12:08:34

Retrieving critical messages from Third Stage R log:
============== End of cleaning stage 7 =============
============== 8-th stage. Exporting AmeriFlux csv file for: CF1 2020 ==============
============== End of cleaning stage 9 =============
