==============  Start =========================================
Date: 31-Mar-2025 11:42:07
siteID = CF1
============== First  stage cleaning CF1 2021 ==============
Reading first stage ini file: 
   C:\Users\Marcella Cross\Desktop\HeatDome_Ameriflux_Cleaning\MicroMet\Projects\My_Micromet\Database\Calculation_Procedures\TraceAnalysis_ini\CF1\CF1_FirstStage.ini 
   Reading included file: C:\Users\Marcella Cross\Desktop\HeatDome_Ameriflux_Cleaning\MicroMet\Projects\My_Micromet\Database\Calculation_Procedures\TraceAnalysis_ini\ECCC_FirstStage_include.ini. 
   6 traces read from the ini file. 
   6 traces exist in the year 2021.
   6 unique traces are kept for processing
   35 traces read from the ini file. 
   35 traces exist in the year 2021.
   35 unique traces are kept for processing
Created \Users\Marcella Cross\Desktop\HeatDome_Ameriflux_Cleaning\MicroMet\Projects\My_Micromet\Database\2021\CF1\Flux\Clean
Created \Users\Marcella Cross\Desktop\HeatDome_Ameriflux_Cleaning\MicroMet\Projects\My_Micromet\Database\2021\CF1\Met\Clean
Reading first stage ini file: 
   C:\Users\Marcella Cross\Desktop\HeatDome_Ameriflux_Cleaning\MicroMet\Projects\My_Micromet\Database\Calculation_Procedures\TraceAnalysis_ini\CF1\CF1_FirstStage.ini 
   Reading included file: C:\Users\Marcella Cross\Desktop\HeatDome_Ameriflux_Cleaning\MicroMet\Projects\My_Micromet\Database\Calculation_Procedures\TraceAnalysis_ini\ECCC_FirstStage_include.ini. 
   6 traces read from the ini file. 
   6 traces exist in the year 2021.
   6 unique traces are kept for processing
   35 traces read from the ini file. 
   35 traces exist in the year 2021.
   35 unique traces are kept for processing
Reading traces from database...
Could not find time vector for: ../../ECCC/72785794129/30min/Tair. Returning all NaNs
Could not find time vector for: ../../ECCC/72785794129/30min/RH. Returning all NaNs
Could not find time vector for: ../../ECCC/72785794129/30min/Pbar. Returning all NaNs
Could not find time vector for: ../../ECCC/72785794129/30min/Precip. Returning all NaNs
Could not find time vector for: ../../ECCC/72785794129/30min/WindSpeed. Returning all NaNs
Could not find time vector for: ../../ECCC/72785794129/30min/WindDir. Returning all NaNs
   Done reading traces.
Cleaning traces....
Automated cleaning ....
Exporting data ...
============== End of cleaning stage 1 =============
Write protected file: \Users\Marcella Cross\Desktop\HeatDome_Ameriflux_Cleaning\MicroMet\Projects\My_Micromet\Database\2022\CF1\automated_cleaning.log
==============  Start =========================================
Date: 31-Mar-2025 11:42:10
siteID = CF1
============== First  stage cleaning CF1 2022 ==============
Reading first stage ini file: 
   C:\Users\Marcella Cross\Desktop\HeatDome_Ameriflux_Cleaning\MicroMet\Projects\My_Micromet\Database\Calculation_Procedures\TraceAnalysis_ini\CF1\CF1_FirstStage.ini 
   Reading included file: C:\Users\Marcella Cross\Desktop\HeatDome_Ameriflux_Cleaning\MicroMet\Projects\My_Micromet\Database\Calculation_Procedures\TraceAnalysis_ini\ECCC_FirstStage_include.ini. 
   6 traces read from the ini file. 
   6 traces exist in the year 2022.
   6 unique traces are kept for processing
   35 traces read from the ini file. 
   35 traces exist in the year 2022.
   35 unique traces are kept for processing
Created \Users\Marcella Cross\Desktop\HeatDome_Ameriflux_Cleaning\MicroMet\Projects\My_Micromet\Database\2022\CF1\Flux\Clean
Created \Users\Marcella Cross\Desktop\HeatDome_Ameriflux_Cleaning\MicroMet\Projects\My_Micromet\Database\2022\CF1\Met\Clean
Reading first stage ini file: 
   C:\Users\Marcella Cross\Desktop\HeatDome_Ameriflux_Cleaning\MicroMet\Projects\My_Micromet\Database\Calculation_Procedures\TraceAnalysis_ini\CF1\CF1_FirstStage.ini 
   Reading included file: C:\Users\Marcella Cross\Desktop\HeatDome_Ameriflux_Cleaning\MicroMet\Projects\My_Micromet\Database\Calculation_Procedures\TraceAnalysis_ini\ECCC_FirstStage_include.ini. 
   6 traces read from the ini file. 
   6 traces exist in the year 2022.
   6 unique traces are kept for processing
   35 traces read from the ini file. 
   35 traces exist in the year 2022.
   35 unique traces are kept for processing
Reading traces from database...
Could not find time vector for: FC. Returning all NaNs
Could not find time vector for: FC_SSITC_TEST. Returning all NaNs
Could not find time vector for: FETCH_90. Returning all NaNs
Could not find time vector for: FETCH_MAX. Returning all NaNs
Could not find time vector for: H. Returning all NaNs
Could not find time vector for: H_SSITC_TEST. Returning all NaNs
Could not find time vector for: LE. Returning all NaNs
Could not find time vector for: LE_SSITC_TEST. Returning all NaNs
Could not find time vector for: MO_LENGTH. Returning all NaNs
Could not find time vector for: NETRAD. Returning all NaNs
Could not find time vector for: P. Returning all NaNs
Could not find time vector for: PA. Returning all NaNs
Could not find time vector for: PPFD_IN. Returning all NaNs
Could not find time vector for: RH. Returning all NaNs
Could not find time vector for: SWC. Returning all NaNs
Could not find time vector for: TA. Returning all NaNs
Could not find time vector for: TS. Returning all NaNs
Could not find time vector for: T_SONIC. Returning all NaNs
Could not find time vector for: T_SONIC_SIGMA. Returning all NaNs
*** Read Error: TimeVector not loaded
Could not find time vector for: USTAR. Returning all NaNs
Could not find time vector for: U_SIGMA. Returning all NaNs
Could not find time vector for: VPD_PI. Returning all NaNs
Could not find time vector for: V_SIGMA. Returning all NaNs
Could not find time vector for: WD. Returning all NaNs
Could not find time vector for: WS. Returning all NaNs
Could not find time vector for: W_SIGMA. Returning all NaNs
Could not find time vector for: ZL. Returning all NaNs
*** Read Error: clean_tv not loaded
Could not find time vector for: ../../ECCC/72785794129/30min/Tair. Returning all NaNs
Could not find time vector for: ../../ECCC/72785794129/30min/RH. Returning all NaNs
Could not find time vector for: ../../ECCC/72785794129/30min/Pbar. Returning all NaNs
Could not find time vector for: ../../ECCC/72785794129/30min/Precip. Returning all NaNs
Could not find time vector for: ../../ECCC/72785794129/30min/WindSpeed. Returning all NaNs
Could not find time vector for: ../../ECCC/72785794129/30min/WindDir. Returning all NaNs
   Done reading traces.
Cleaning traces....
Automated cleaning ....
Exporting data ...
============== End of cleaning stage 1 =============
============== End of cleaning Site: CF1, year: 2022 ===========
==============  Start =========================================
Date: 31-Mar-2025 11:42:19
siteID = CF1
============== Second stage cleaning CF1 2021 ==============
Created \Users\Marcella Cross\Desktop\HeatDome_Ameriflux_Cleaning\MicroMet\Projects\My_Micromet\Database\2021\CF1\Clean\SecondStage
Reading second stage ini file: 
   C:\Users\Marcella Cross\Desktop\HeatDome_Ameriflux_Cleaning\MicroMet\Projects\My_Micromet\Database\Calculation_Procedures\TraceAnalysis_ini\CF1\CF1_SecondStage.ini 
   18 traces read from the ini file. 
   18 traces exist in the year 2021.
   18 unique traces are kept for processing
Reading first stage ini file: 
   C:\Users\Marcella Cross\Desktop\HeatDome_Ameriflux_Cleaning\MicroMet\Projects\My_Micromet\Database\Calculation_Procedures\TraceAnalysis_ini\CF1\CF1_FirstStage.ini 
   Reading included file: C:\Users\Marcella Cross\Desktop\HeatDome_Ameriflux_Cleaning\MicroMet\Projects\My_Micromet\Database\Calculation_Procedures\TraceAnalysis_ini\ECCC_FirstStage_include.ini. 
   6 traces read from the ini file. 
   6 traces exist in the year 2021.
   6 unique traces are kept for processing
   35 traces read from the ini file. 
   35 traces exist in the year 2021.
   35 unique traces are kept for processing
Reading data from: 
    \Users\Marcella Cross\Desktop\HeatDome_Ameriflux_Cleaning\MicroMet\Projects\My_Micromet\Database\2021\CF1\Flux\Clean
Reading data from: 
    \Users\Marcella Cross\Desktop\HeatDome_Ameriflux_Cleaning\MicroMet\Projects\My_Micromet\Database\2021\CF1\Met\Clean
Reading traces from database...
   Done reading traces.
Exporting data ...
============== End of cleaning stage 2 =============
==============  Start =========================================
Date: 31-Mar-2025 11:43:02
siteID = CF1
============== Second stage cleaning CF1 2021 ==============
Deleted contents of \Users\Marcella Cross\Desktop\HeatDome_Ameriflux_Cleaning\MicroMet\Projects\My_Micromet\Database\2021\CF1\Clean\SecondStage
Reading second stage ini file: 
   C:\Users\Marcella Cross\Desktop\HeatDome_Ameriflux_Cleaning\MicroMet\Projects\My_Micromet\Database\Calculation_Procedures\TraceAnalysis_ini\CF1\CF1_SecondStage.ini 
   18 traces read from the ini file. 
   18 traces exist in the year 2021.
   18 unique traces are kept for processing
Reading first stage ini file: 
   C:\Users\Marcella Cross\Desktop\HeatDome_Ameriflux_Cleaning\MicroMet\Projects\My_Micromet\Database\Calculation_Procedures\TraceAnalysis_ini\CF1\CF1_FirstStage.ini 
   Reading included file: C:\Users\Marcella Cross\Desktop\HeatDome_Ameriflux_Cleaning\MicroMet\Projects\My_Micromet\Database\Calculation_Procedures\TraceAnalysis_ini\ECCC_FirstStage_include.ini. 
   6 traces read from the ini file. 
   6 traces exist in the year 2021.
   6 unique traces are kept for processing
   35 traces read from the ini file. 
   35 traces exist in the year 2021.
   35 unique traces are kept for processing
Reading data from: 
    \Users\Marcella Cross\Desktop\HeatDome_Ameriflux_Cleaning\MicroMet\Projects\My_Micromet\Database\2021\CF1\Flux\Clean
Reading data from: 
    \Users\Marcella Cross\Desktop\HeatDome_Ameriflux_Cleaning\MicroMet\Projects\My_Micromet\Database\2021\CF1\Met\Clean
Reading traces from database...
   Done reading traces.
Exporting data ...
============== End of cleaning stage 2 =============
==============  Start =========================================
Date: 31-Mar-2025 11:43:14
siteID = CF1
============== 7-th stage cleaning CF1 2021 ==============
Created \Users\Marcella Cross\Desktop\HeatDome_Ameriflux_Cleaning\MicroMet\Projects\My_Micromet\Database\2021\CF1\Clean\ThirdStage

============================ YML error check ============================
Improperly formatted site_config.yml
Missing -- Processing: ThirdStage: REddyProc: vars_in:
{Unrecognized function or variable 'vars_in'.

Error in <a href="matlab:matlab.lang.internal.introspective.errorDocCallback('basic_error_check_yml_site_config', 'C:\Users\Marcella Cross\Desktop\HeatDome_Ameriflux_Cleaning\MicroMet\Projects\Biomet.net\matlab\Micromet\basic_error_check_yml_site_config.m', 194)" style="font-weight:bold">basic_error_check_yml_site_config</a> (<a href="matlab: opentoline('C:\Users\Marcella Cross\Desktop\HeatDome_Ameriflux_Cleaning\MicroMet\Projects\Biomet.net\matlab\Micromet\basic_error_check_yml_site_config.m',194,0)">line 194</a>)
idx = strcmpi(vars_in,'NEE');

Error in <a href="matlab:matlab.lang.internal.introspective.errorDocCallback('runThirdStageCleaningREddyProc', 'C:\Users\Marcella Cross\Desktop\HeatDome_Ameriflux_Cleaning\MicroMet\Projects\Biomet.net\matlab\Micromet\runThirdStageCleaningREddyProc.m', 95)" style="font-weight:bold">runThirdStageCleaningREddyProc</a> (<a href="matlab: opentoline('C:\Users\Marcella Cross\Desktop\HeatDome_Ameriflux_Cleaning\MicroMet\Projects\Biomet.net\matlab\Micromet\runThirdStageCleaningREddyProc.m',95,0)">line 95</a>)
    kill_3rdstage = basic_error_check_yml_site_config(siteID,yearIn,pthIni,pthBiometR);

Error in <a href="matlab:matlab.lang.internal.introspective.errorDocCallback('fr_automated_cleaning', 'C:\Users\Marcella Cross\Desktop\HeatDome_Ameriflux_Cleaning\MicroMet\Projects\Biomet.net\matlab\BIOMET\fr_automated_cleaning.m', 330)" style="font-weight:bold">fr_automated_cleaning</a> (<a href="matlab: opentoline('C:\Users\Marcella Cross\Desktop\HeatDome_Ameriflux_Cleaning\MicroMet\Projects\Biomet.net\matlab\BIOMET\fr_automated_cleaning.m',330,0)">line 330</a>)
            Rstatus = runThirdStageCleaningREddyProc(yy(1),siteID,1);  % use only 1 year for gap filling

Error in <a href="matlab:matlab.lang.internal.introspective.errorDocCallback('CF1_formatDatabase', 'C:\Users\Marcella Cross\Desktop\HeatDome_Ameriflux_Cleaning\MicroMet\Projects\My_Micromet\Matlab\CF1_formatDatabase.m', 87)" style="font-weight:bold">CF1_formatDatabase</a> (<a href="matlab: opentoline('C:\Users\Marcella Cross\Desktop\HeatDome_Ameriflux_Cleaning\MicroMet\Projects\My_Micromet\Matlab\CF1_formatDatabase.m',87,0)">line 87</a>)
fr_automated_cleaning(2021, 'CF1', [7 8]);
}
==============  Start =========================================
Date: 31-Mar-2025 12:08:35
siteID = CF1
============== 7-th stage cleaning CF1 2021 ==============
Deleted contents of \Users\Marcella Cross\Desktop\HeatDome_Ameriflux_Cleaning\MicroMet\Projects\My_Micromet\Database\2021\CF1\Clean\ThirdStage

============================ YML error check ============================
    {'FYI ------> Processing: ThirdStage: Fluxes: FCH4 set to NULL in site_config.yaml'}
    {'FYI ------> Processing: ThirdStage: Fluxes: FNO2 set to NULL in site_config.yaml'}

========================= End of YML error check ==========================
Running the following command: "C:\Program Files\R\R-4.4.3\bin\Rscript.exe" --vanilla "C:\Users\Marcella Cross\Desktop\HeatDome_Ameriflux_Cleaning\MicroMet\Projects\Biomet.net\R\database_functions\ThirdStage.R" "/Users/Marcella Cross/Desktop/HeatDome_Ameriflux_Cleaning/MicroMet/Projects/My_Micromet/Database" CF1 2021 2021 2> "\Users\Marcella Cross\Desktop\HeatDome_Ameriflux_Cleaning\MicroMet\Projects\My_Micromet\Database\Calculation_Procedures\TraceAnalysis_ini\CF1\log\CF1_ThirdStageCleaning.log" 1>&2
Start time: 31-Mar-2025 12:08:36

End time: 31-Mar-2025 12:15:25

Retrieving critical messages from Third Stage R log:
============== End of cleaning stage 7 =============
============== 8-th stage. Exporting AmeriFlux csv file for: CF1 2021 ==============
============== End of cleaning stage 9 =============
==============  Start =========================================
Date: 27-May-2025 12:11:27
siteID = CF1
============== First  stage cleaning CF1 2021 ==============
Reading first stage ini file: 
   C:\Users\Marcella Cross\Desktop\HeatDome_Ameriflux_Cleaning\MicroMet\Projects\My_Micromet\Database\Calculation_Procedures\TraceAnalysis_ini\CF1\CF1_FirstStage.ini 
   Reading included file: C:\Users\Marcella Cross\Desktop\HeatDome_Ameriflux_Cleaning\MicroMet\Projects\My_Micromet\Database\Calculation_Procedures\TraceAnalysis_ini\ECCC_FirstStage_include.ini. 
   6 traces read from the ini file. 
   6 traces exist in the year 2021.
   6 unique traces are kept for processing
   35 traces read from the ini file. 
   35 traces exist in the year 2021.
   35 unique traces are kept for processing
Deleted contents of \Users\Marcella Cross\Desktop\HeatDome_Ameriflux_Cleaning\MicroMet\Projects\My_Micromet\Database\2021\CF1\Flux\Clean
Deleted contents of \Users\Marcella Cross\Desktop\HeatDome_Ameriflux_Cleaning\MicroMet\Projects\My_Micromet\Database\2021\CF1\Met\Clean
Reading first stage ini file: 
   C:\Users\Marcella Cross\Desktop\HeatDome_Ameriflux_Cleaning\MicroMet\Projects\My_Micromet\Database\Calculation_Procedures\TraceAnalysis_ini\CF1\CF1_FirstStage.ini 
   Reading included file: C:\Users\Marcella Cross\Desktop\HeatDome_Ameriflux_Cleaning\MicroMet\Projects\My_Micromet\Database\Calculation_Procedures\TraceAnalysis_ini\ECCC_FirstStage_include.ini. 
   6 traces read from the ini file. 
   6 traces exist in the year 2021.
   6 unique traces are kept for processing
   35 traces read from the ini file. 
   35 traces exist in the year 2021.
   35 unique traces are kept for processing
Reading traces from database...
Could not find time vector for: ../../ECCC/72785794129/30min/Tair. Returning all NaNs
Could not find time vector for: ../../ECCC/72785794129/30min/RH. Returning all NaNs
Could not find time vector for: ../../ECCC/72785794129/30min/Pbar. Returning all NaNs
Could not find time vector for: ../../ECCC/72785794129/30min/Precip. Returning all NaNs
Could not find time vector for: ../../ECCC/72785794129/30min/WindSpeed. Returning all NaNs
Could not find time vector for: ../../ECCC/72785794129/30min/WindDir. Returning all NaNs
   Done reading traces.
Cleaning traces....
Automated cleaning ....
Exporting data ...
============== End of cleaning stage 1 =============
==============  Start =========================================
Date: 27-May-2025 12:11:35
siteID = CF1
============== Second stage cleaning CF1 2021 ==============
Deleted contents of \Users\Marcella Cross\Desktop\HeatDome_Ameriflux_Cleaning\MicroMet\Projects\My_Micromet\Database\2021\CF1\Clean\SecondStage
Reading second stage ini file: 
   C:\Users\Marcella Cross\Desktop\HeatDome_Ameriflux_Cleaning\MicroMet\Projects\My_Micromet\Database\Calculation_Procedures\TraceAnalysis_ini\CF1\CF1_SecondStage.ini 
   18 traces read from the ini file. 
   18 traces exist in the year 2021.
   18 unique traces are kept for processing
Reading first stage ini file: 
   C:\Users\Marcella Cross\Desktop\HeatDome_Ameriflux_Cleaning\MicroMet\Projects\My_Micromet\Database\Calculation_Procedures\TraceAnalysis_ini\CF1\CF1_FirstStage.ini 
   Reading included file: C:\Users\Marcella Cross\Desktop\HeatDome_Ameriflux_Cleaning\MicroMet\Projects\My_Micromet\Database\Calculation_Procedures\TraceAnalysis_ini\ECCC_FirstStage_include.ini. 
   6 traces read from the ini file. 
   6 traces exist in the year 2021.
   6 unique traces are kept for processing
   35 traces read from the ini file. 
   35 traces exist in the year 2021.
   35 unique traces are kept for processing
Reading data from: 
    \Users\Marcella Cross\Desktop\HeatDome_Ameriflux_Cleaning\MicroMet\Projects\My_Micromet\Database\2021\CF1\Flux\Clean
Reading data from: 
    \Users\Marcella Cross\Desktop\HeatDome_Ameriflux_Cleaning\MicroMet\Projects\My_Micromet\Database\2021\CF1\Met\Clean
Reading traces from database...
   Done reading traces.
Exporting data ...
============== End of cleaning stage 2 =============
==============  Start =========================================
Date: 27-May-2025 12:21:26
siteID = CF1
============== 7-th stage cleaning CF1 2021 ==============
Deleted contents of \Users\Marcella Cross\Desktop\HeatDome_Ameriflux_Cleaning\MicroMet\Projects\My_Micromet\Database\2021\CF1\Clean\ThirdStage

============================ YML error check ============================
    {'FYI ------> Processing: ThirdStage: Fluxes: FCH4 set to NULL in site_config.yaml'}
    {'FYI ------> Processing: ThirdStage: Fluxes: FNO2 set to NULL in site_config.yaml'}

========================= End of YML error check ==========================
Running the following command: "C:\Program Files\R\R-4.4.3\bin\Rscript.exe" --vanilla "C:\Users\Marcella Cross\Desktop\HeatDome_Ameriflux_Cleaning\MicroMet\Projects\Biomet.net\R\database_functions\ThirdStage.R" "/Users/Marcella Cross/Desktop/HeatDome_Ameriflux_Cleaning/MicroMet/Projects/My_Micromet/Database" CF1 2021 2021 2> "\Users\Marcella Cross\Desktop\HeatDome_Ameriflux_Cleaning\MicroMet\Projects\My_Micromet\Database\Calculation_Procedures\TraceAnalysis_ini\CF1\log\CF1_ThirdStageCleaning.log" 1>&2
Start time: 27-May-2025 12:21:26

End time: 27-May-2025 12:27:48

Retrieving critical messages from Third Stage R log:
============== End of cleaning stage 7 =============
============== 8-th stage. Exporting AmeriFlux csv file for: CF1 2021 ==============
============== End of cleaning stage 9 =============
==============  Start =========================================
Date: 27-May-2025 14:46:35
siteID = CF1
============== First  stage cleaning CF1 2021 ==============
Reading first stage ini file: 
   C:\Users\Marcella Cross\Desktop\HeatDome_Ameriflux_Cleaning\MicroMet\Projects\My_Micromet\Database\Calculation_Procedures\TraceAnalysis_ini\CF1\CF1_FirstStage.ini 
   Reading included file: C:\Users\Marcella Cross\Desktop\HeatDome_Ameriflux_Cleaning\MicroMet\Projects\My_Micromet\Database\Calculation_Procedures\TraceAnalysis_ini\ECCC_FirstStage_include.ini. 
   6 traces read from the ini file. 
   6 traces exist in the year 2021.
   6 unique traces are kept for processing
   35 traces read from the ini file. 
   35 traces exist in the year 2021.
   35 unique traces are kept for processing
Deleted contents of \Users\Marcella Cross\Desktop\HeatDome_Ameriflux_Cleaning\MicroMet\Projects\My_Micromet\Database\2021\CF1\Flux\Clean
Deleted contents of \Users\Marcella Cross\Desktop\HeatDome_Ameriflux_Cleaning\MicroMet\Projects\My_Micromet\Database\2021\CF1\Met\Clean
Reading first stage ini file: 
   C:\Users\Marcella Cross\Desktop\HeatDome_Ameriflux_Cleaning\MicroMet\Projects\My_Micromet\Database\Calculation_Procedures\TraceAnalysis_ini\CF1\CF1_FirstStage.ini 
   Reading included file: C:\Users\Marcella Cross\Desktop\HeatDome_Ameriflux_Cleaning\MicroMet\Projects\My_Micromet\Database\Calculation_Procedures\TraceAnalysis_ini\ECCC_FirstStage_include.ini. 
   6 traces read from the ini file. 
   6 traces exist in the year 2021.
   6 unique traces are kept for processing
   35 traces read from the ini file. 
   35 traces exist in the year 2021.
   35 unique traces are kept for processing
Reading traces from database...
Could not find time vector for: ../../ECCC/72785794129/30min/Tair. Returning all NaNs
Could not find time vector for: ../../ECCC/72785794129/30min/RH. Returning all NaNs
Could not find time vector for: ../../ECCC/72785794129/30min/Pbar. Returning all NaNs
Could not find time vector for: ../../ECCC/72785794129/30min/Precip. Returning all NaNs
Could not find time vector for: ../../ECCC/72785794129/30min/WindSpeed. Returning all NaNs
Could not find time vector for: ../../ECCC/72785794129/30min/WindDir. Returning all NaNs
   Done reading traces.
Cleaning traces....
Automated cleaning ....
Exporting data ...
============== End of cleaning stage 1 =============
==============  Start =========================================
Date: 27-May-2025 14:46:41
siteID = CF1
============== Second stage cleaning CF1 2021 ==============
Deleted contents of \Users\Marcella Cross\Desktop\HeatDome_Ameriflux_Cleaning\MicroMet\Projects\My_Micromet\Database\2021\CF1\Clean\SecondStage
Reading second stage ini file: 
   C:\Users\Marcella Cross\Desktop\HeatDome_Ameriflux_Cleaning\MicroMet\Projects\My_Micromet\Database\Calculation_Procedures\TraceAnalysis_ini\CF1\CF1_SecondStage.ini 
   18 traces read from the ini file. 
   18 traces exist in the year 2021.
   18 unique traces are kept for processing
Reading first stage ini file: 
   C:\Users\Marcella Cross\Desktop\HeatDome_Ameriflux_Cleaning\MicroMet\Projects\My_Micromet\Database\Calculation_Procedures\TraceAnalysis_ini\CF1\CF1_FirstStage.ini 
   Reading included file: C:\Users\Marcella Cross\Desktop\HeatDome_Ameriflux_Cleaning\MicroMet\Projects\My_Micromet\Database\Calculation_Procedures\TraceAnalysis_ini\ECCC_FirstStage_include.ini. 
   6 traces read from the ini file. 
   6 traces exist in the year 2021.
   6 unique traces are kept for processing
   35 traces read from the ini file. 
   35 traces exist in the year 2021.
   35 unique traces are kept for processing
Reading data from: 
    \Users\Marcella Cross\Desktop\HeatDome_Ameriflux_Cleaning\MicroMet\Projects\My_Micromet\Database\2021\CF1\Flux\Clean
Reading data from: 
    \Users\Marcella Cross\Desktop\HeatDome_Ameriflux_Cleaning\MicroMet\Projects\My_Micromet\Database\2021\CF1\Met\Clean
Reading traces from database...
   Done reading traces.
Exporting data ...
============== End of cleaning stage 2 =============
==============  Start =========================================
Date: 27-May-2025 14:55:47
siteID = CF1
============== 7-th stage cleaning CF1 2021 ==============
Deleted contents of \Users\Marcella Cross\Desktop\HeatDome_Ameriflux_Cleaning\MicroMet\Projects\My_Micromet\Database\2021\CF1\Clean\ThirdStage

============================ YML error check ============================
    {'FYI ------> Processing: ThirdStage: Fluxes: FCH4 set to NULL in site_config.yaml'}
    {'FYI ------> Processing: ThirdStage: Fluxes: FNO2 set to NULL in site_config.yaml'}

========================= End of YML error check ==========================
Running the following command: "C:\Program Files\R\R-4.4.3\bin\Rscript.exe" --vanilla "C:\Users\Marcella Cross\Desktop\HeatDome_Ameriflux_Cleaning\MicroMet\Projects\Biomet.net\R\database_functions\ThirdStage.R" "/Users/Marcella Cross/Desktop/HeatDome_Ameriflux_Cleaning/MicroMet/Projects/My_Micromet/Database" CF1 2021 2021 2> "\Users\Marcella Cross\Desktop\HeatDome_Ameriflux_Cleaning\MicroMet\Projects\My_Micromet\Database\Calculation_Procedures\TraceAnalysis_ini\CF1\log\CF1_ThirdStageCleaning.log" 1>&2
Start time: 27-May-2025 14:55:48

End time: 27-May-2025 15:02:39

Retrieving critical messages from Third Stage R log:
============== End of cleaning stage 7 =============
============== 8-th stage. Exporting AmeriFlux csv file for: CF1 2021 ==============
============== End of cleaning stage 9 =============
==============  Start =========================================
Date: 27-May-2025 15:15:23
siteID = CF1
============== 7-th stage cleaning CF1 2021 ==============
Deleted contents of \Users\Marcella Cross\Desktop\HeatDome_Ameriflux_Cleaning\MicroMet\Projects\My_Micromet\Database\2021\CF1\Clean\ThirdStage

============================ YML error check ============================
    {'FYI ------> Processing: ThirdStage: Fluxes: FCH4 set to NULL in site_config.yaml'}
    {'FYI ------> Processing: ThirdStage: Fluxes: FNO2 set to NULL in site_config.yaml'}

========================= End of YML error check ==========================
Running the following command: "C:\Program Files\R\R-4.4.3\bin\Rscript.exe" --vanilla "C:\Users\Marcella Cross\Desktop\HeatDome_Ameriflux_Cleaning\MicroMet\Projects\Biomet.net\R\database_functions\ThirdStage.R" "/Users/Marcella Cross/Desktop/HeatDome_Ameriflux_Cleaning/MicroMet/Projects/My_Micromet/Database" CF1 2021 2021 2> "\Users\Marcella Cross\Desktop\HeatDome_Ameriflux_Cleaning\MicroMet\Projects\My_Micromet\Database\Calculation_Procedures\TraceAnalysis_ini\CF1\log\CF1_ThirdStageCleaning.log" 1>&2
Start time: 27-May-2025 15:15:24

End time: 27-May-2025 15:21:23

Retrieving critical messages from Third Stage R log:
============== End of cleaning stage 7 =============
============== 8-th stage. Exporting AmeriFlux csv file for: CF1 2021 ==============
============== End of cleaning stage 9 =============
============== End of cleaning Site: CF1, year: 2021 ===========
==============  Start =========================================
Date: 27-May-2025 15:32:11
siteID = CF1
============== First  stage cleaning CF1 2021 ==============
Reading first stage ini file: 
   C:\Users\Marcella Cross\Desktop\HeatDome_Ameriflux_Cleaning\MicroMet\Projects\My_Micromet\Database\Calculation_Procedures\TraceAnalysis_ini\CF1\CF1_FirstStage.ini 
   Reading included file: C:\Users\Marcella Cross\Desktop\HeatDome_Ameriflux_Cleaning\MicroMet\Projects\My_Micromet\Database\Calculation_Procedures\TraceAnalysis_ini\ECCC_FirstStage_include.ini. 
   6 traces read from the ini file. 
   6 traces exist in the year 2021.
   6 unique traces are kept for processing
   35 traces read from the ini file. 
   35 traces exist in the year 2021.
   35 unique traces are kept for processing
Deleted contents of \Users\Marcella Cross\Desktop\HeatDome_Ameriflux_Cleaning\MicroMet\Projects\My_Micromet\Database\2021\CF1\Flux\Clean
Deleted contents of \Users\Marcella Cross\Desktop\HeatDome_Ameriflux_Cleaning\MicroMet\Projects\My_Micromet\Database\2021\CF1\Met\Clean
Reading first stage ini file: 
   C:\Users\Marcella Cross\Desktop\HeatDome_Ameriflux_Cleaning\MicroMet\Projects\My_Micromet\Database\Calculation_Procedures\TraceAnalysis_ini\CF1\CF1_FirstStage.ini 
   Reading included file: C:\Users\Marcella Cross\Desktop\HeatDome_Ameriflux_Cleaning\MicroMet\Projects\My_Micromet\Database\Calculation_Procedures\TraceAnalysis_ini\ECCC_FirstStage_include.ini. 
   6 traces read from the ini file. 
   6 traces exist in the year 2021.
   6 unique traces are kept for processing
   35 traces read from the ini file. 
   35 traces exist in the year 2021.
   35 unique traces are kept for processing
Reading traces from database...
Could not find time vector for: ../../ECCC/72785794129/30min/Tair. Returning all NaNs
Could not find time vector for: ../../ECCC/72785794129/30min/RH. Returning all NaNs
Could not find time vector for: ../../ECCC/72785794129/30min/Pbar. Returning all NaNs
Could not find time vector for: ../../ECCC/72785794129/30min/Precip. Returning all NaNs
Could not find time vector for: ../../ECCC/72785794129/30min/WindSpeed. Returning all NaNs
Could not find time vector for: ../../ECCC/72785794129/30min/WindDir. Returning all NaNs
   Done reading traces.
Cleaning traces....
Automated cleaning ....
Exporting data ...
============== End of cleaning stage 1 =============
==============  Start =========================================
Date: 27-May-2025 15:32:24
siteID = CF1
============== Second stage cleaning CF1 2021 ==============
Deleted contents of \Users\Marcella Cross\Desktop\HeatDome_Ameriflux_Cleaning\MicroMet\Projects\My_Micromet\Database\2021\CF1\Clean\SecondStage
Reading second stage ini file: 
   C:\Users\Marcella Cross\Desktop\HeatDome_Ameriflux_Cleaning\MicroMet\Projects\My_Micromet\Database\Calculation_Procedures\TraceAnalysis_ini\CF1\CF1_SecondStage.ini 
   18 traces read from the ini file. 
   18 traces exist in the year 2021.
   18 unique traces are kept for processing
Reading first stage ini file: 
   C:\Users\Marcella Cross\Desktop\HeatDome_Ameriflux_Cleaning\MicroMet\Projects\My_Micromet\Database\Calculation_Procedures\TraceAnalysis_ini\CF1\CF1_FirstStage.ini 
   Reading included file: C:\Users\Marcella Cross\Desktop\HeatDome_Ameriflux_Cleaning\MicroMet\Projects\My_Micromet\Database\Calculation_Procedures\TraceAnalysis_ini\ECCC_FirstStage_include.ini. 
   6 traces read from the ini file. 
   6 traces exist in the year 2021.
   6 unique traces are kept for processing
   35 traces read from the ini file. 
   35 traces exist in the year 2021.
   35 unique traces are kept for processing
Reading data from: 
    \Users\Marcella Cross\Desktop\HeatDome_Ameriflux_Cleaning\MicroMet\Projects\My_Micromet\Database\2021\CF1\Flux\Clean
Reading data from: 
    \Users\Marcella Cross\Desktop\HeatDome_Ameriflux_Cleaning\MicroMet\Projects\My_Micromet\Database\2021\CF1\Met\Clean
Reading traces from database...
   Done reading traces.
Exporting data ...
============== End of cleaning stage 2 =============
==============  Start =========================================
Date: 27-May-2025 15:33:50
siteID = CF1
============== First  stage cleaning CF1 2021 ==============
Reading first stage ini file: 
   C:\Users\Marcella Cross\Desktop\HeatDome_Ameriflux_Cleaning\MicroMet\Projects\My_Micromet\Database\Calculation_Procedures\TraceAnalysis_ini\CF1\CF1_FirstStage.ini 
   Reading included file: C:\Users\Marcella Cross\Desktop\HeatDome_Ameriflux_Cleaning\MicroMet\Projects\My_Micromet\Database\Calculation_Procedures\TraceAnalysis_ini\ECCC_FirstStage_include.ini. 
   6 traces read from the ini file. 
   6 traces exist in the year 2021.
   6 unique traces are kept for processing
   35 traces read from the ini file. 
   35 traces exist in the year 2021.
   35 unique traces are kept for processing
Deleted contents of \Users\Marcella Cross\Desktop\HeatDome_Ameriflux_Cleaning\MicroMet\Projects\My_Micromet\Database\2021\CF1\Flux\Clean
Deleted contents of \Users\Marcella Cross\Desktop\HeatDome_Ameriflux_Cleaning\MicroMet\Projects\My_Micromet\Database\2021\CF1\Met\Clean
Reading first stage ini file: 
   C:\Users\Marcella Cross\Desktop\HeatDome_Ameriflux_Cleaning\MicroMet\Projects\My_Micromet\Database\Calculation_Procedures\TraceAnalysis_ini\CF1\CF1_FirstStage.ini 
   Reading included file: C:\Users\Marcella Cross\Desktop\HeatDome_Ameriflux_Cleaning\MicroMet\Projects\My_Micromet\Database\Calculation_Procedures\TraceAnalysis_ini\ECCC_FirstStage_include.ini. 
   6 traces read from the ini file. 
   6 traces exist in the year 2021.
   6 unique traces are kept for processing
   35 traces read from the ini file. 
   35 traces exist in the year 2021.
   35 unique traces are kept for processing
Reading traces from database...
Could not find time vector for: ../../ECCC/72785794129/30min/Tair. Returning all NaNs
Could not find time vector for: ../../ECCC/72785794129/30min/RH. Returning all NaNs
Could not find time vector for: ../../ECCC/72785794129/30min/Pbar. Returning all NaNs
Could not find time vector for: ../../ECCC/72785794129/30min/Precip. Returning all NaNs
Could not find time vector for: ../../ECCC/72785794129/30min/WindSpeed. Returning all NaNs
Could not find time vector for: ../../ECCC/72785794129/30min/WindDir. Returning all NaNs
   Done reading traces.
Cleaning traces....
Automated cleaning ....
Exporting data ...
============== End of cleaning stage 1 =============
==============  Start =========================================
Date: 27-May-2025 15:33:56
siteID = CF1
============== Second stage cleaning CF1 2021 ==============
Deleted contents of \Users\Marcella Cross\Desktop\HeatDome_Ameriflux_Cleaning\MicroMet\Projects\My_Micromet\Database\2021\CF1\Clean\SecondStage
Reading second stage ini file: 
   C:\Users\Marcella Cross\Desktop\HeatDome_Ameriflux_Cleaning\MicroMet\Projects\My_Micromet\Database\Calculation_Procedures\TraceAnalysis_ini\CF1\CF1_SecondStage.ini 
   18 traces read from the ini file. 
   18 traces exist in the year 2021.
   18 unique traces are kept for processing
Reading first stage ini file: 
   C:\Users\Marcella Cross\Desktop\HeatDome_Ameriflux_Cleaning\MicroMet\Projects\My_Micromet\Database\Calculation_Procedures\TraceAnalysis_ini\CF1\CF1_FirstStage.ini 
   Reading included file: C:\Users\Marcella Cross\Desktop\HeatDome_Ameriflux_Cleaning\MicroMet\Projects\My_Micromet\Database\Calculation_Procedures\TraceAnalysis_ini\ECCC_FirstStage_include.ini. 
   6 traces read from the ini file. 
   6 traces exist in the year 2021.
   6 unique traces are kept for processing
   35 traces read from the ini file. 
   35 traces exist in the year 2021.
   35 unique traces are kept for processing
Reading data from: 
    \Users\Marcella Cross\Desktop\HeatDome_Ameriflux_Cleaning\MicroMet\Projects\My_Micromet\Database\2021\CF1\Flux\Clean
Reading data from: 
    \Users\Marcella Cross\Desktop\HeatDome_Ameriflux_Cleaning\MicroMet\Projects\My_Micromet\Database\2021\CF1\Met\Clean
Reading traces from database...
   Done reading traces.
Exporting data ...
============== End of cleaning stage 2 =============
==============  Start =========================================
Date: 27-May-2025 15:42:45
siteID = CF1
============== 7-th stage cleaning CF1 2021 ==============
Deleted contents of \Users\Marcella Cross\Desktop\HeatDome_Ameriflux_Cleaning\MicroMet\Projects\My_Micromet\Database\2021\CF1\Clean\ThirdStage

============================ YML error check ============================
    {'FYI ------> Processing: ThirdStage: Fluxes: FCH4 set to NULL in site_config.yaml'}
    {'FYI ------> Processing: ThirdStage: Fluxes: FNO2 set to NULL in site_config.yaml'}

========================= End of YML error check ==========================
Running the following command: "C:\Program Files\R\R-4.4.3\bin\Rscript.exe" --vanilla "C:\Users\Marcella Cross\Desktop\HeatDome_Ameriflux_Cleaning\MicroMet\Projects\Biomet.net\R\database_functions\ThirdStage.R" "/Users/Marcella Cross/Desktop/HeatDome_Ameriflux_Cleaning/MicroMet/Projects/My_Micromet/Database" CF1 2021 2021 2> "\Users\Marcella Cross\Desktop\HeatDome_Ameriflux_Cleaning\MicroMet\Projects\My_Micromet\Database\Calculation_Procedures\TraceAnalysis_ini\CF1\log\CF1_ThirdStageCleaning.log" 1>&2
Start time: 27-May-2025 15:42:45

End time: 28-May-2025 09:27:47

Retrieving critical messages from Third Stage R log:
============== End of cleaning stage 7 =============
============== 8-th stage. Exporting AmeriFlux csv file for: CF1 2021 ==============
============== End of cleaning stage 9 =============
============== End of cleaning Site: CF1, year: 2021 ===========
