==============  Start =========================================
Date: 01-Apr-2025 09:40:26
siteID = ME6
============== First  stage cleaning ME6 2022 ==============
Reading first stage ini file: 
   C:\Users\Marcella Cross\Desktop\HeatDome_Ameriflux_Cleaning\MicroMet\Projects\My_Micromet\Database\Calculation_Procedures\TraceAnalysis_ini\ME6\ME6_FirstStage.ini 
   72 traces read from the ini file. 
   72 traces exist in the year 2022.
   72 unique traces are kept for processing
Created \Users\Marcella Cross\Desktop\HeatDome_Ameriflux_Cleaning\MicroMet\Projects\My_Micromet\Database\2022\ME6\Flux\Clean
Reading first stage ini file: 
   C:\Users\Marcella Cross\Desktop\HeatDome_Ameriflux_Cleaning\MicroMet\Projects\My_Micromet\Database\Calculation_Procedures\TraceAnalysis_ini\ME6\ME6_FirstStage.ini 
   72 traces read from the ini file. 
   72 traces exist in the year 2022.
   72 unique traces are kept for processing
Reading traces from database...
Could not find FC
Error using read_bor (line 127)
*** Error! File: "\Users\Marcella Cross\Desktop\HeatDome_Ameriflux_Cleaning\MicroMet\Projects\My_Micromet\Database\2022\ME6\Flux\FC" does not exist!

*** Read Error: FC not loaded
   Done reading traces.
Cleaning traces....
Automated cleaning ....
Exporting data ...
============== End of cleaning stage 1 =============
============== End of cleaning Site: ME6, year: 2022 ===========
==============  Start =========================================
Date: 01-Apr-2025 09:41:18
siteID = ME6
============== Second stage cleaning ME6 2022 ==============
Created \Users\Marcella Cross\Desktop\HeatDome_Ameriflux_Cleaning\MicroMet\Projects\My_Micromet\Database\2022\ME6\Clean\SecondStage
Reading second stage ini file: 
   C:\Users\Marcella Cross\Desktop\HeatDome_Ameriflux_Cleaning\MicroMet\Projects\My_Micromet\Database\Calculation_Procedures\TraceAnalysis_ini\ME6\ME6_SecondStage.ini 
   35 traces read from the ini file. 
   35 traces exist in the year 2022.
   35 unique traces are kept for processing
Reading first stage ini file: 
   C:\Users\Marcella Cross\Desktop\HeatDome_Ameriflux_Cleaning\MicroMet\Projects\My_Micromet\Database\Calculation_Procedures\TraceAnalysis_ini\ME6\ME6_FirstStage.ini 
   72 traces read from the ini file. 
   72 traces exist in the year 2022.
   72 unique traces are kept for processing
Reading data from: 
    \Users\Marcella Cross\Desktop\HeatDome_Ameriflux_Cleaning\MicroMet\Projects\My_Micromet\Database\2022\ME6\Flux\Clean
Reading traces from database...
Error processing trace.variableName: FC
Unable to evaluate: FC=FC;
Matlab error message: Unrecognized function or variable 'FC'.
*** Read Error: FC not loaded
   Done reading traces.
Exporting data ...
============== End of cleaning stage 2 =============
============== End of cleaning Site: ME6, year: 2022 ===========
==============  Start =========================================
Date: 01-Apr-2025 09:41:58
siteID = ME6
============== 7-th stage cleaning ME6 2022 ==============
Created \Users\Marcella Cross\Desktop\HeatDome_Ameriflux_Cleaning\MicroMet\Projects\My_Micromet\Database\2022\ME6\Clean\ThirdStage

============================ YML error check ============================
    {'FYI ------> Processing: ThirdStage: Fluxes: FCH4 set to NULL in site_config.yaml'                                                                                         }
    {'FYI ------> Processing: ThirdStage: Fluxes: FNO2 set to NULL in site_config.yaml'                                                                                         }
    {'Warning --> File not present.     [\Users\Marcella Cross\Desktop\HeatDome_Ameriflux_Cleaning\MicroMet\Projects\My_Micromet\Database\2022\ME6\Clean\SecondStage\FC]'       }
    {'Warning --> File not present.     [\Users\Marcella Cross\Desktop\HeatDome_Ameriflux_Cleaning\MicroMet\Projects\My_Micromet\Database\2022\ME6\Clean\SecondStage\VPD_1_1_1]'}
    {'Error ----> File not present.     [\Users\Marcella Cross\Desktop\HeatDome_Ameriflux_Cleaning\MicroMet\Projects\My_Micromet\Database\2022\ME6\Clean\SecondStage\FC]'       }


    Third Stage processing cannot proceed!!! [see error(s) above]
========================= End of YML error check ==========================
Retrieving critical messages from Third Stage R log:
============== End of cleaning stage 7 =============
============== 8-th stage. Exporting AmeriFlux csv file for: ME6 2022 ==============
============== End of cleaning stage 9 =============
============== End of cleaning Site: ME6, year: 2022 ===========
Directory \Users\Marcella Cross\Desktop\HeatDome_Ameriflux_Cleaning\MicroMet\Projects\My_Micromet\Database\2017\XAB\Flux does not exist!... Creating new folder!... New folder created!
Directory \Users\Marcella Cross\Desktop\HeatDome_Ameriflux_Cleaning\MicroMet\Projects\My_Micromet\Database\2018\XAB\Flux does not exist!... Creating new folder!... New folder created!
Directory \Users\Marcella Cross\Desktop\HeatDome_Ameriflux_Cleaning\MicroMet\Projects\My_Micromet\Database\2019\XAB\Flux does not exist!... Creating new folder!... New folder created!
Directory \Users\Marcella Cross\Desktop\HeatDome_Ameriflux_Cleaning\MicroMet\Projects\My_Micromet\Database\2020\XAB\Flux does not exist!... Creating new folder!... New folder created!
Directory \Users\Marcella Cross\Desktop\HeatDome_Ameriflux_Cleaning\MicroMet\Projects\My_Micromet\Database\2021\XAB\Flux does not exist!... Creating new folder!... New folder created!
Directory \Users\Marcella Cross\Desktop\HeatDome_Ameriflux_Cleaning\MicroMet\Projects\My_Micromet\Database\2022\XAB\Flux does not exist!... Creating new folder!... New folder created!
Directory \Users\Marcella Cross\Desktop\HeatDome_Ameriflux_Cleaning\MicroMet\Projects\My_Micromet\Database\2023\XAB\Flux does not exist!... Creating new folder!... New folder created!
==============  Start =========================================
Date: 25-Apr-2025 09:09:21
siteID = ME6
============== First  stage cleaning ME6 2022 ==============
Reading first stage ini file: 
   C:\Users\Marcella Cross\Desktop\HeatDome_Ameriflux_Cleaning\MicroMet\Projects\My_Micromet\Database\Calculation_Procedures\TraceAnalysis_ini\ME6\ME6_FirstStage.ini 
   71 traces read from the ini file. 
   71 traces exist in the year 2022.
   71 unique traces are kept for processing
Deleted contents of \Users\Marcella Cross\Desktop\HeatDome_Ameriflux_Cleaning\MicroMet\Projects\My_Micromet\Database\2022\ME6\Flux\Clean
Reading first stage ini file: 
   C:\Users\Marcella Cross\Desktop\HeatDome_Ameriflux_Cleaning\MicroMet\Projects\My_Micromet\Database\Calculation_Procedures\TraceAnalysis_ini\ME6\ME6_FirstStage.ini 
   71 traces read from the ini file. 
   71 traces exist in the year 2022.
   71 unique traces are kept for processing
Reading traces from database...
   Done reading traces.
Cleaning traces....
Automated cleaning ....
Exporting data ...
============== End of cleaning stage 1 =============
============== End of cleaning Site: ME6, year: 2022 ===========
==============  Start =========================================
Date: 25-Apr-2025 09:09:32
siteID = ME6
============== Second stage cleaning ME6 2022 ==============
Deleted contents of \Users\Marcella Cross\Desktop\HeatDome_Ameriflux_Cleaning\MicroMet\Projects\My_Micromet\Database\2022\ME6\Clean\SecondStage
Reading second stage ini file: 
   C:\Users\Marcella Cross\Desktop\HeatDome_Ameriflux_Cleaning\MicroMet\Projects\My_Micromet\Database\Calculation_Procedures\TraceAnalysis_ini\ME6\ME6_SecondStage.ini 
   34 traces read from the ini file. 
   34 traces exist in the year 2022.
   34 unique traces are kept for processing
Reading first stage ini file: 
   C:\Users\Marcella Cross\Desktop\HeatDome_Ameriflux_Cleaning\MicroMet\Projects\My_Micromet\Database\Calculation_Procedures\TraceAnalysis_ini\ME6\ME6_FirstStage.ini 
   71 traces read from the ini file. 
   71 traces exist in the year 2022.
   71 unique traces are kept for processing
Reading data from: 
    \Users\Marcella Cross\Desktop\HeatDome_Ameriflux_Cleaning\MicroMet\Projects\My_Micromet\Database\2022\ME6\Flux\Clean
Reading traces from database...
   Done reading traces.
Exporting data ...
============== End of cleaning stage 2 =============
============== End of cleaning Site: ME6, year: 2022 ===========
==============  Start =========================================
Date: 25-Apr-2025 09:10:23
siteID = ME6
============== 7-th stage cleaning ME6 2022 ==============
Deleted contents of \Users\Marcella Cross\Desktop\HeatDome_Ameriflux_Cleaning\MicroMet\Projects\My_Micromet\Database\2022\ME6\Clean\ThirdStage

============================ YML error check ============================
    {'FYI ------> Processing: ThirdStage: Fluxes: FCH4 set to NULL in site_config.yaml'                                                                                         }
    {'FYI ------> Processing: ThirdStage: Fluxes: FNO2 set to NULL in site_config.yaml'                                                                                         }
    {'Warning ----> No data in FC!        [\Users\Marcella Cross\Desktop\HeatDome_Ameriflux_Cleaning\MicroMet\Projects\My_Micromet\Database\2022\ME6\Clean\SecondStage\FC]'     }
    {'Warning --> File not present.     [\Users\Marcella Cross\Desktop\HeatDome_Ameriflux_Cleaning\MicroMet\Projects\My_Micromet\Database\2022\ME6\Clean\SecondStage\VPD_1_1_1]'}

========================= End of YML error check ==========================
Running the following command: "C:\Program Files\R\R-4.4.3\bin\Rscript.exe" --vanilla "C:\Users\Marcella Cross\Desktop\HeatDome_Ameriflux_Cleaning\MicroMet\Projects\Biomet.net\R\database_functions\ThirdStage.R" "/Users/Marcella Cross/Desktop/HeatDome_Ameriflux_Cleaning/MicroMet/Projects/My_Micromet/Database" ME6 2022 2022 2> "\Users\Marcella Cross\Desktop\HeatDome_Ameriflux_Cleaning\MicroMet\Projects\My_Micromet\Database\Calculation_Procedures\TraceAnalysis_ini\ME6\log\ME6_ThirdStageCleaning.log" 1>&2
Start time: 25-Apr-2025 09:10:23

End time: 25-Apr-2025 09:10:28

Failed running Third Stage Rscript
Retrieving critical messages from Third Stage R log:
============== End of cleaning stage 7 =============
============== 8-th stage. Exporting AmeriFlux csv file for: ME6 2022 ==============
============== End of cleaning stage 9 =============
============== End of cleaning Site: ME6, year: 2022 ===========
{Undefined function 'syms' for input arguments of type 'char'.

Error in <a href="matlab:matlab.lang.internal.introspective.errorDocCallback('untitled', 'untitled', 9)" style="font-weight:bold">untitled</a> (<a href="matlab: opentoline('untitled',9,0)">line 9</a>)
syms s t a
}
clc
syms s t a
{syms requires <a href="matlab:matlab.internal.addons.launchers.showExplorer('ErrorRecovery', 'identifier', 'SM', 'focused', 'syms');">Symbolic Math Toolbox</a>.
} 
matlab.internal.addons.launchers.showExplorer('ErrorRecovery', 'identifier', 'SM', 'focused', 'syms');
