==============  Start =========================================
Date: 31-Mar-2025 14:51:32
siteID = CF2
============== Second stage cleaning CF2 2022 ==============
Created \Users\Marcella Cross\Desktop\HeatDome_Ameriflux_Cleaning\MicroMet\Projects\My_Micromet\Database\2022\CF2\Clean\SecondStage
Reading second stage ini file: 
   C:\Users\Marcella Cross\Desktop\HeatDome_Ameriflux_Cleaning\MicroMet\Projects\My_Micromet\Database\Calculation_Procedures\TraceAnalysis_ini\CF2\CF2_SecondStage.ini 
   18 traces read from the ini file. 
   18 traces exist in the year 2022.
   18 unique traces are kept for processing
Reading first stage ini file: 
   C:\Users\Marcella Cross\Desktop\HeatDome_Ameriflux_Cleaning\MicroMet\Projects\My_Micromet\Database\Calculation_Procedures\TraceAnalysis_ini\CF2\CF2_FirstStage.ini 
   29 traces read from the ini file. 
   29 traces exist in the year 2022.
   29 unique traces are kept for processing
Reading data from: 
    \Users\Marcella Cross\Desktop\HeatDome_Ameriflux_Cleaning\MicroMet\Projects\My_Micromet\Database\2022\CF2\Flux\Clean
Reading traces from database...
   Done reading traces.
Exporting data ...
============== End of cleaning stage 2 =============
============== End of cleaning Site: CF2, year: 2022 ===========
==============  Start =========================================
Date: 31-Mar-2025 15:03:00
siteID = CF2
============== 7-th stage cleaning CF2 2022 ==============
Created \Users\Marcella Cross\Desktop\HeatDome_Ameriflux_Cleaning\MicroMet\Projects\My_Micromet\Database\2022\CF2\Clean\ThirdStage

============================ YML error check ============================
    {'FYI ------> Processing: ThirdStage: Fluxes: FCH4 set to NULL in site_config.yaml'                                                                                              }
    {'FYI ------> Processing: ThirdStage: Fluxes: FNO2 set to NULL in site_config.yaml'                                                                                              }
    {'Warning ----> No data in FC!        [\Users\Marcella Cross\Desktop\HeatDome_Ameriflux_Cleaning\MicroMet\Projects\My_Micromet\Database\2022\CF2\Clean\SecondStage\FC]'          }
    {'Warning ----> No data in H!         [\Users\Marcella Cross\Desktop\HeatDome_Ameriflux_Cleaning\MicroMet\Projects\My_Micromet\Database\2022\CF2\Clean\SecondStage\H]'           }
    {'Warning ----> No data in LE!        [\Users\Marcella Cross\Desktop\HeatDome_Ameriflux_Cleaning\MicroMet\Projects\My_Micromet\Database\2022\CF2\Clean\SecondStage\LE]'          }
    {'Warning ----> No data in RH_1_1_1!  [\Users\Marcella Cross\Desktop\HeatDome_Ameriflux_Cleaning\MicroMet\Projects\My_Micromet\Database\2022\CF2\Clean\SecondStage\RH_1_1_1]'    }
    {'Warning ----> No data in SW_IN_1_1_1![\Users\Marcella Cross\Desktop\HeatDome_Ameriflux_Cleaning\MicroMet\Projects\My_Micromet\Database\2022\CF2\Clean\SecondStage\SW_IN_1_1_1]'}
    {'Warning ----> No data in TA_1_1_1!  [\Users\Marcella Cross\Desktop\HeatDome_Ameriflux_Cleaning\MicroMet\Projects\My_Micromet\Database\2022\CF2\Clean\SecondStage\TA_1_1_1]'    }
    {'Warning ----> No data in USTAR!     [\Users\Marcella Cross\Desktop\HeatDome_Ameriflux_Cleaning\MicroMet\Projects\My_Micromet\Database\2022\CF2\Clean\SecondStage\USTAR]'       }
    {'Warning ----> No data in VPD_1_1_1! [\Users\Marcella Cross\Desktop\HeatDome_Ameriflux_Cleaning\MicroMet\Projects\My_Micromet\Database\2022\CF2\Clean\SecondStage\VPD_1_1_1]'   }

========================= End of YML error check ==========================
Running the following command: "C:\Program Files\R\R-4.4.3\bin\Rscript.exe" --vanilla "C:\Users\Marcella Cross\Desktop\HeatDome_Ameriflux_Cleaning\MicroMet\Projects\Biomet.net\R\database_functions\ThirdStage.R" "/Users/Marcella Cross/Desktop/HeatDome_Ameriflux_Cleaning/MicroMet/Projects/My_Micromet/Database" CF2 2022 2022 2> "\Users\Marcella Cross\Desktop\HeatDome_Ameriflux_Cleaning\MicroMet\Projects\My_Micromet\Database\Calculation_Procedures\TraceAnalysis_ini\CF2\log\CF2_ThirdStageCleaning.log" 1>&2
Start time: 31-Mar-2025 15:03:00

End time: 31-Mar-2025 15:03:27

Failed running Third Stage Rscript
Retrieving critical messages from Third Stage R log:
 H is all NaN in 2022, REddyProc will ignore the flux 
 LE is all NaN in 2022, REddyProc will ignore the flux 
 NEE is all NaN in 2022, REddyProc will ignore the flux 
============== End of cleaning stage 7 =============
============== 8-th stage. Exporting AmeriFlux csv file for: CF2 2022 ==============
============== End of cleaning stage 9 =============
============== End of cleaning Site: CF2, year: 2022 ===========
clc
Directory \Users\Marcella Cross\Desktop\HeatDome_Ameriflux_Cleaning\MicroMet\Projects\My_Micromet\Database\2017\CF3\Flux does not exist!... Creating new folder!... New folder created!
Directory \Users\Marcella Cross\Desktop\HeatDome_Ameriflux_Cleaning\MicroMet\Projects\My_Micromet\Database\2018\CF3\Flux does not exist!... Creating new folder!... New folder created!
Directory \Users\Marcella Cross\Desktop\HeatDome_Ameriflux_Cleaning\MicroMet\Projects\My_Micromet\Database\2019\CF3\Flux does not exist!... Creating new folder!... New folder created!
Directory \Users\Marcella Cross\Desktop\HeatDome_Ameriflux_Cleaning\MicroMet\Projects\My_Micromet\Database\2020\CF3\Flux does not exist!... Creating new folder!... New folder created!
Directory \Users\Marcella Cross\Desktop\HeatDome_Ameriflux_Cleaning\MicroMet\Projects\My_Micromet\Database\2021\CF3\Flux does not exist!... Creating new folder!... New folder created!
