
Attaching package: 'zoo'

The following objects are masked from 'package:base':

    as.Date, as.Date.numeric


Attaching package: 'dplyr'

The following objects are masked from 'package:stats':

    filter, lag

The following objects are masked from 'package:base':

    intersect, setdiff, setequal, union


Attaching package: 'lubridate'

The following objects are masked from 'package:base':

    date, intersect, setdiff, union


Attaching package: 'data.table'

The following objects are masked from 'package:lubridate':

    hour, isoweek, mday, minute, month, quarter, second, wday, week,
    yday, year

The following objects are masked from 'package:dplyr':

    between, first, last

The following objects are masked from 'package:zoo':

    yearmon, yearqtr


Attaching package: 'reshape2'

The following objects are masked from 'package:data.table':

    dcast, melt

── Attaching core tidyverse packages ──────────────────────── tidyverse 2.0.0 ──
✔ forcats 1.0.0     ✔ readr   2.1.5
✔ ggplot2 3.5.1     ✔ tibble  3.2.1
✔ purrr   1.0.4     ✔ tidyr   1.3.1
── Conflicts ────────────────────────────────────────── tidyverse_conflicts() ──
✖ data.table::between() masks dplyr::between()
✖ dplyr::filter()       masks stats::filter()
✖ data.table::first()   masks dplyr::first()
✖ data.table::hour()    masks lubridate::hour()
✖ data.table::isoweek() masks lubridate::isoweek()
✖ dplyr::lag()          masks stats::lag()
✖ data.table::last()    masks dplyr::last()
✖ data.table::mday()    masks lubridate::mday()
✖ data.table::minute()  masks lubridate::minute()
✖ data.table::month()   masks lubridate::month()
✖ data.table::quarter() masks lubridate::quarter()
✖ data.table::second()  masks lubridate::second()
✖ purrr::transpose()    masks data.table::transpose()
✖ data.table::wday()    masks lubridate::wday()
✖ data.table::week()    masks lubridate::week()
✖ data.table::yday()    masks lubridate::yday()
✖ data.table::year()    masks lubridate::year()
ℹ Use the conflicted package (<http://conflicted.r-lib.org/>) to force all conflicts to become errors
Loading required package: lattice

Attaching package: 'caret'

The following object is masked from 'package:purrr':

    lift

[1] "R version 4.4.3 (2025-02-28 ucrt)"
[1] "ReddyProc version: 1.3.3"
[1] "Third stage run initialized for CF3 data in /Users/Marcella Cross/Desktop/HeatDome_Ameriflux_Cleaning/MicroMet/Projects/My_Micromet/Database"
[1] "656 values in H were filtered by the wind sector filter"
[1] "0 values in H were filtered out by the rain filter"
[1] "586 values in LE were filtered by the wind sector filter"
[1] "0 values in LE were filtered out by the rain filter"
[1] "697 values in NEE were filtered by the wind sector filter"
[1] "0 values in NEE were filtered out by the rain filter"
[1] "Writing 2021"
[1] "Writing DateTime"
[1] "Writing H"
[1] "Writing LE"
[1] "Writing NEE"
[1] "Copying H from Clean/ThirdStage_Default_Ustar to Clean/ThirdStage"
[1] "Copying LE from Clean/ThirdStage_Default_Ustar to Clean/ThirdStage"
[1] "Copying NEE from Clean/ThirdStage_Default_Ustar to Clean/ThirdStage"
[1] "1 values in H were filtered out by moving Z score filter"
[1] "45 values in LE were filtered out by moving Z score filter"
[1] "65 values in NEE were filtered out by moving Z score filter"
[1] "Writing 2021"
[1] "Writing DateTime"
[1] "Writing H_PI_JSZ"
[1] "Writing LE_PI_JSZ"
[1] "Writing NEE_PI_JSZ"
[1] "Copying H_PI_JSZ from Clean/ThirdStage_Default_Ustar to Clean/ThirdStage"
[1] "Copying LE_PI_JSZ from Clean/ThirdStage_Default_Ustar to Clean/ThirdStage"
[1] "Copying NEE_PI_JSZ from Clean/ThirdStage_Default_Ustar to Clean/ThirdStage"
[1] "128 values in H were filtered out by Night-time MAD spike filter"
[1] "164 values in H were filtered out by Day-time MAD spike filter"
[1] "186 values in LE were filtered out by Night-time MAD spike filter"
[1] "218 values in LE were filtered out by Day-time MAD spike filter"
[1] "277 values in NEE were filtered out by Night-time MAD spike filter"
[1] "390 values in NEE were filtered out by Day-time MAD spike filter"
[1] "Writing 2021"
[1] "Writing DateTime"
[1] "Writing H_PI_JSZ_MAD"
[1] "Writing LE_PI_JSZ_MAD"
[1] "Writing NEE_PI_JSZ_MAD"
[1] "Copying H_PI_JSZ_MAD from Clean/ThirdStage_Default_Ustar to Clean/ThirdStage"
[1] "Copying LE_PI_JSZ_MAD from Clean/ThirdStage_Default_Ustar to Clean/ThirdStage"
[1] "Copying NEE_PI_JSZ_MAD from Clean/ThirdStage_Default_Ustar to Clean/ThirdStage"
New sEddyProc class for site 'CF3'

Estimated UStar distribution of:
       uStar        5%       50%       95%
1 0.1604862 0.1055761 0.1401648 0.1875747 
by using  200 bootstrap samples and controls:
                       taClasses                    UstarClasses 
                              7                              20 
                          swThr            minRecordsWithinTemp 
                             10                             100 
         minRecordsWithinSeason            minRecordsWithinYear 
                            160                            3000 
isUsingOneBigSeasonOnFewRecords 
                              1 
Initialized variable 'Rg' with 6102 real gaps for gap filling of all 11423 values (to estimate uncertainties).
Restriced MDS algorithm for gap filling of 'Rg' with no meteo conditions and hence only MDC.
Mean diurnal course with window size of 0 days: .
............................................................
.......................................................11419
Mean diurnal course with window size of 1 days: .
4
Finished gap filling of 'Rg' in 2 seconds. Artificial gaps filled: 11423, real gaps filled: 6102, unfilled (long) gaps: 6096.
Initialized variable 'Tair' with 11359 real gaps for gap filling of all 6160 values (to estimate uncertainties).
Limited MDS algorithm for gap filling of 'Tair' with LUT(Rg only) and MDC.
Look up table with window size of 7 days with Rg
............................................................
..6142
Mean diurnal course with window size of 0 days: .
18
Finished gap filling of 'Tair' in 1 seconds. Artificial gaps filled: 6160, real gaps filled: 11359, unfilled (long) gaps: 11359.
Initialized variable 'VPD' with 12062 real gaps for gap filling of all 6160 values (to estimate uncertainties).
Limited MDS algorithm for gap filling of 'VPD' with LUT(Rg only) and MDC.
Look up table with window size of 7 days with Rg
............................................................
..6142
Mean diurnal course with window size of 0 days: .
15
Mean diurnal course with window size of 1 days: .
3
Finished gap filling of 'VPD' in 1 seconds. Artificial gaps filled: 6160, real gaps filled: 12062, unfilled (long) gaps: 11359.
Initialized variable 'rH' with 12058 real gaps for gap filling of all 6160 values (to estimate uncertainties).
Full MDS algorithm for gap filling of 'rH' with LUT(Rg, VPD, Tair) and MDC.
Look up table with window size of 7 days with Rg VPD Tair
............................................................
..5442
Look up table with window size of 14 days with Rg VPD Tair
.......1
Look up table with window size of 7 days with Rg
.......699
Mean diurnal course with window size of 0 days: .
16
Mean diurnal course with window size of 1 days: .
2
Finished gap filling of 'rH' in 2 seconds. Artificial gaps filled: 6160, real gaps filled: 12058, unfilled (long) gaps: 11359.
Ustar filtering (u * Th_1 = 0.160486198465029), marked 58% of the data as gap
Initialized variable 'NEE' with 14486 real gaps for gap filling of all 6159 values (to estimate uncertainties).
Full MDS algorithm for gap filling of 'NEE.Ustar_uStar_fqc_0' with LUT(Rg, VPD, Tair) and MDC.
Look up table with window size of 7 days with Rg VPD Tair
............................................................
..5139
Look up table with window size of 14 days with Rg VPD Tair
..........241
Look up table with window size of 7 days with Rg
.......760
Mean diurnal course with window size of 0 days: .
13
Mean diurnal course with window size of 1 days: .
6
Finished gap filling of 'NEE' in 2 seconds. Artificial gaps filled: 6159, real gaps filled: 14486, unfilled (long) gaps: 11360.
Ustar filtering (u * Th_1 = 0.105576113178616), marked 55% of the data as gap
Initialized variable 'NEE' with 14209 real gaps for gap filling of all 6159 values (to estimate uncertainties).
Full MDS algorithm for gap filling of 'NEE.Ustar_U05_fqc_0' with LUT(Rg, VPD, Tair) and MDC.
Look up table with window size of 7 days with Rg VPD Tair
............................................................
..5180
Look up table with window size of 14 days with Rg VPD Tair
.........200
Look up table with window size of 7 days with Rg
.......760
Mean diurnal course with window size of 0 days: .
13
Mean diurnal course with window size of 1 days: .
6
Finished gap filling of 'NEE' in 2 seconds. Artificial gaps filled: 6159, real gaps filled: 14209, unfilled (long) gaps: 11360.
Ustar filtering (u * Th_1 = 0.140164834402856), marked 57% of the data as gap
Initialized variable 'NEE' with 14373 real gaps for gap filling of all 6159 values (to estimate uncertainties).
Full MDS algorithm for gap filling of 'NEE.Ustar_U50_fqc_0' with LUT(Rg, VPD, Tair) and MDC.
Look up table with window size of 7 days with Rg VPD Tair
............................................................
..5176
Look up table with window size of 14 days with Rg VPD Tair
.........204
Look up table with window size of 7 days with Rg
.......760
Mean diurnal course with window size of 0 days: .
13
Mean diurnal course with window size of 1 days: .
6
Finished gap filling of 'NEE' in 2 seconds. Artificial gaps filled: 6159, real gaps filled: 14373, unfilled (long) gaps: 11360.
Ustar filtering (u * Th_1 = 0.187574718979498), marked 60% of the data as gap
Initialized variable 'NEE' with 14645 real gaps for gap filling of all 6159 values (to estimate uncertainties).
Full MDS algorithm for gap filling of 'NEE.Ustar_U95_fqc_0' with LUT(Rg, VPD, Tair) and MDC.
Look up table with window size of 7 days with Rg VPD Tair
............................................................
..5120
Look up table with window size of 14 days with Rg VPD Tair
..........256
Look up table with window size of 7 days with Rg
.......764
Mean diurnal course with window size of 0 days: .
13
Mean diurnal course with window size of 1 days: .
6
Finished gap filling of 'NEE' in 2 seconds. Artificial gaps filled: 6159, real gaps filled: 14645, unfilled (long) gaps: 11360.
Ustar filtering (u * Th_1 = 0.160486198465029), marked 58% of the data as gap
Initialized variable 'LE' with 14396 real gaps for gap filling of all 6158 values (to estimate uncertainties).
Full MDS algorithm for gap filling of 'LE.Ustar_uStar_fqc_0' with LUT(Rg, VPD, Tair) and MDC.
Look up table with window size of 7 days with Rg VPD Tair
............................................................
..5368
Look up table with window size of 14 days with Rg VPD Tair
.......44
Look up table with window size of 7 days with Rg
.......730
Mean diurnal course with window size of 0 days: .
9
Mean diurnal course with window size of 1 days: .
7
Finished gap filling of 'LE' in 2 seconds. Artificial gaps filled: 6158, real gaps filled: 14396, unfilled (long) gaps: 11361.
Ustar filtering (u * Th_1 = 0.105576113178616), marked 55% of the data as gap
Initialized variable 'LE' with 14231 real gaps for gap filling of all 6158 values (to estimate uncertainties).
Full MDS algorithm for gap filling of 'LE.Ustar_U05_fqc_0' with LUT(Rg, VPD, Tair) and MDC.
Look up table with window size of 7 days with Rg VPD Tair
............................................................
..5373
Look up table with window size of 14 days with Rg VPD Tair
.......45
Look up table with window size of 7 days with Rg
.......724
Mean diurnal course with window size of 0 days: .
9
Mean diurnal course with window size of 1 days: .
7
Finished gap filling of 'LE' in 2 seconds. Artificial gaps filled: 6158, real gaps filled: 14231, unfilled (long) gaps: 11361.
Ustar filtering (u * Th_1 = 0.140164834402856), marked 57% of the data as gap
Initialized variable 'LE' with 14316 real gaps for gap filling of all 6158 values (to estimate uncertainties).
Full MDS algorithm for gap filling of 'LE.Ustar_U50_fqc_0' with LUT(Rg, VPD, Tair) and MDC.
Look up table with window size of 7 days with Rg VPD Tair
............................................................
..5369
Look up table with window size of 14 days with Rg VPD Tair
.......44
Look up table with window size of 7 days with Rg
.......729
Mean diurnal course with window size of 0 days: .
9
Mean diurnal course with window size of 1 days: .
7
Finished gap filling of 'LE' in 2 seconds. Artificial gaps filled: 6158, real gaps filled: 14316, unfilled (long) gaps: 11361.
Ustar filtering (u * Th_1 = 0.187574718979498), marked 60% of the data as gap
Initialized variable 'LE' with 14535 real gaps for gap filling of all 6158 values (to estimate uncertainties).
Full MDS algorithm for gap filling of 'LE.Ustar_U95_fqc_0' with LUT(Rg, VPD, Tair) and MDC.
Look up table with window size of 7 days with Rg VPD Tair
............................................................
..5366
Look up table with window size of 14 days with Rg VPD Tair
.......44
Look up table with window size of 7 days with Rg
.......732
Mean diurnal course with window size of 0 days: .
9
Mean diurnal course with window size of 1 days: .
7
Finished gap filling of 'LE' in 2 seconds. Artificial gaps filled: 6158, real gaps filled: 14535, unfilled (long) gaps: 11361.
Ustar filtering (u * Th_1 = 0.160486198465029), marked 58% of the data as gap
Initialized variable 'H' with 14212 real gaps for gap filling of all 6159 values (to estimate uncertainties).
Full MDS algorithm for gap filling of 'H.Ustar_uStar_fqc_0' with LUT(Rg, VPD, Tair) and MDC.
Look up table with window size of 7 days with Rg VPD Tair
............................................................
..5384
Look up table with window size of 14 days with Rg VPD Tair
.......33
Look up table with window size of 7 days with Rg
.......725
Mean diurnal course with window size of 0 days: .
12
Mean diurnal course with window size of 1 days: .
5
Finished gap filling of 'H' in 2 seconds. Artificial gaps filled: 6159, real gaps filled: 14212, unfilled (long) gaps: 11360.
Ustar filtering (u * Th_1 = 0.105576113178616), marked 55% of the data as gap
Initialized variable 'H' with 14020 real gaps for gap filling of all 6159 values (to estimate uncertainties).
Full MDS algorithm for gap filling of 'H.Ustar_U05_fqc_0' with LUT(Rg, VPD, Tair) and MDC.
Look up table with window size of 7 days with Rg VPD Tair
............................................................
..5388
Look up table with window size of 14 days with Rg VPD Tair
.......35
Look up table with window size of 7 days with Rg
.......719
Mean diurnal course with window size of 0 days: .
12
Mean diurnal course with window size of 1 days: .
5
Finished gap filling of 'H' in 2 seconds. Artificial gaps filled: 6159, real gaps filled: 14020, unfilled (long) gaps: 11360.
Ustar filtering (u * Th_1 = 0.140164834402856), marked 57% of the data as gap
Initialized variable 'H' with 14117 real gaps for gap filling of all 6159 values (to estimate uncertainties).
Full MDS algorithm for gap filling of 'H.Ustar_U50_fqc_0' with LUT(Rg, VPD, Tair) and MDC.
Look up table with window size of 7 days with Rg VPD Tair
............................................................
..5385
Look up table with window size of 14 days with Rg VPD Tair
.......33
Look up table with window size of 7 days with Rg
.......724
Mean diurnal course with window size of 0 days: .
12
Mean diurnal course with window size of 1 days: .
5
Finished gap filling of 'H' in 2 seconds. Artificial gaps filled: 6159, real gaps filled: 14117, unfilled (long) gaps: 11360.
Ustar filtering (u * Th_1 = 0.187574718979498), marked 60% of the data as gap
Initialized variable 'H' with 14370 real gaps for gap filling of all 6159 values (to estimate uncertainties).
Full MDS algorithm for gap filling of 'H.Ustar_U95_fqc_0' with LUT(Rg, VPD, Tair) and MDC.
Look up table with window size of 7 days with Rg VPD Tair
............................................................
..5382
Look up table with window size of 14 days with Rg VPD Tair
.......33
Look up table with window size of 7 days with Rg
.......727
Mean diurnal course with window size of 0 days: .
12
Mean diurnal course with window size of 1 days: .
5
Finished gap filling of 'H' in 2 seconds. Artificial gaps filled: 6159, real gaps filled: 14370, unfilled (long) gaps: 11360.
Start flux partitioning for variable NEE_U05_f with temperature Tair_f.
Estimate of the temperature sensitivity E_0 from short term data: 135.4.
Regression of reference temperature R_ref for 30 periods.
Start flux partitioning for variable NEE_U50_f with temperature Tair_f.
Estimate of the temperature sensitivity E_0 from short term data: 138.33.
Regression of reference temperature R_ref for 30 periods.
Start flux partitioning for variable NEE_U95_f with temperature Tair_f.
Estimate of the temperature sensitivity E_0 from short term data: 158.78.
Regression of reference temperature R_ref for 30 periods.
Start flux partitioning for variable NEE_uStar_f with temperature Tair_f.
Estimate of the temperature sensitivity E_0 from short term data: 140.56.
Regression of reference temperature R_ref for 30 periods.
Start daytime flux partitioning for variable NEE_U05_f with temperature Tair_f.
  Estimating temperature sensitivity from night time NEE , 1, 3, 5, 7, 9, 11, 13, 15, 17, 19, 21, 23, 25, 27, 29, 31, 33, 35, 37, 39, 41, 43, 45, 47, 49, 51, 53, 55, 57, 59, 61, 63, 65, 67, 69, 71, 73, 75, 77, 79, 81, 83, 85, 87, 89, 91, 93, 95, 97, 99, 101, 103, 105, 107, 109, 111, 113, 115, 117, 119, 121, 123, 125, 127, 129, 131, 133, 135, 137, 139, 141, 143, 145, 147, 149, 151, 153, 155, 157, 159, 161, 163, 165, 167, 169, 171, 173, 175, 177, 179, 181, 183, 185, 187, 189, 191, 193, 195, 197, 199, 201, 203, 205, 207, 209, 211, 213, 215, 217, 219, 221, 223, 225, 227, 229, 231, 233, 235, 237, 239, 241, 243, 245, 247, 249, 251, 253, 255, 257, 259, 261, 263, 265, 267, 269, 271, 273, 275, 277, 279, 281, 283, 285, 287, 289, 291, 293, 295, 297, 299, 301, 303, 305, 307, 309, 311, 313, 315, 317, 319, 321, 323, 325, 327, 329, 331, 333, 335, 337, 339, 341, 343, 345, 347, 349, 351, 353, 355, 357, 359, 361, 363
    increase window size to 24, 1, 3, 5, 7, 9, 11, 13, 15, 17, 19, 21, 23, 25, 27, 29, 31, 33, 35, 37, 39, 41, 43, 45, 47, 49, 51, 53, 55, 57, 59, 61, 63, 65, 67, 69, 71, 73, 75, 77, 79, 81, 83, 85, 87, 89, 91, 93, 95, 97, 99, 101, 103, 105, 107, 109, 111, 113, 115, 117, 119, 121, 123, 125, 127, 129, 131, 133, 135, 137, 139, 141, 143, 145, 147, 149, 151, 153, 155, 157, 159, 161, 163, 165, 167, 169, 171, 173, 175, 177, 179, 181, 183, 185, 187, 189, 191, 193, 195, 197, 199, 201, 203, 205, 207, 209, 211, 213, 215, 217, 219, 221, 223, 225, 227, 229, 231, 233, 235, 237, 239, 241, 243, 245, 247, 249, 251, 253, 255, 257, 259, 261, 263, 265, 267, 269, 271, 273, 275, 277, 279, 281, 283, 285, 287, 289, 291, 293, 295, 297, 299, 301, 303, 305, 307, 309, 311, 313, 315, 317, 319, 321, 323, 325, 327, 329, 331, 333, 335, 337, 339, 341, 343, 345, 347, 349, 351, 353, 355, 357, 359, 361, 363
    increase window size to 48, 1, 3, 5, 7, 9, 11, 13, 15, 17, 19, 21, 23, 25, 27, 29, 31, 33, 35, 37, 39, 41, 43, 45, 47, 49, 51, 53, 55, 57, 59, 61, 63, 65, 67, 69, 71, 73, 75, 77, 79, 81, 83, 85, 87, 89, 91, 93, 95, 97, 99, 101, 103, 105, 107, 109, 111, 113, 115, 117, 119, 121, 123, 125, 127, 129, 131, 133, 135, 137, 139, 141, 143, 145, 147, 149, 151, 153, 155, 157, 159, 161, 163, 165, 167, 169, 171, 173, 175, 177, 179, 181, 183, 185, 187, 189, 191, 193, 195, 197, 199, 201, 203, 205, 207, 209, 211, 213, 215, 217, 219, 221, 223, 225, 227, 229, 231, 233, 235, 237, 239, 241, 243, 245, 247, 249, 251, 253, 255, 257, 259, 261, 263, 265, 267, 269, 271, 273, 275, 277, 279, 281, 283, 285, 287, 289, 291, 293, 295, 297, 299, 301, 303, 305, 307, 309, 311, 313, 315, 317, 319, 321, 323, 325, 327, 329, 331, 333, 335, 337, 339, 341, 343, 345, 347, 349, 351, 353, 355, 357, 359, 361, 363
  Smoothing temperature sensitivity estimates
Loading required namespace: mlegp
  Estimating respiration at reference temperature for smoothed temperature sensitivity from night time NEE , 1, 3, 5, 7, 9, 11, 13, 15, 17, 19, 21, 23, 25, 27, 29, 31, 33, 35, 37, 39, 41, 43, 45, 47, 49, 51, 53, 55, 57, 59, 61, 63, 65, 67, 69, 71, 73, 75, 77, 79, 81, 83, 85, 87, 89, 91, 93, 95, 97, 99, 101, 103, 105, 107, 109, 111, 113, 115, 117, 119, 121, 123, 125, 127, 129, 131, 133, 135, 137, 139, 141, 143, 145, 147, 149, 151, 153, 155, 157, 159, 161, 163, 165, 167, 169, 171, 173, 175, 177, 179, 181, 183, 185, 187, 189, 191, 193, 195, 197, 199, 201, 203, 205, 207, 209, 211, 213, 215, 217, 219, 221, 223, 225, 227, 229, 231, 233, 235, 237, 239, 241, 243, 245, 247, 249, 251, 253, 255, 257, 259, 261, 263, 265, 267, 269, 271, 273, 275, 277, 279, 281, 283, 285, 287, 289, 291, 293, 295, 297, 299, 301, 303, 305, 307, 309, 311, 313, 315, 317, 319, 321, 323, 325, 327, 329, 331, 333, 335, 337, 339, 341, 343, 345, 347, 349, 351, 353, 355, 357, 359, 361, 363
  Estimating light response curve parameters from day time NEE , 1, 3, 5, 7, 9, 11, 13, 15, 17, 19, 21, 23, 25, 27, 29, 31, 33, 35, 37, 39, 41, 43, 45, 47, 49, 51, 53, 55, 57, 59, 61, 63, 65, 67, 69, 71, 73, 75, 77, 79, 81, 83, 85, 87, 89, 91, 93, 95, 97, 99, 101, 103, 105, 107, 109, 111, 113, 115, 117, 119, 121, 123, 125, 127, 129, 131, 133, 135, 137, 139, 141, 143, 145, 147, 149, 151, 153, 155, 157, 159, 161, 163, 165, 167, 169, 171, 173, 175, 177, 179, 181, 183, 185, 187, 189, 191, 193, 195, 197, 199, 201, 203, 205, 207, 209, 211, 213, 215, 217, 219, 221, 223, 225, 227, 229, 231, 233, 235, 237, 239, 241, 243, 245, 247, 249, 251, 253, 255, 257, 259, 261, 263, 265, 267, 269, 271, 273, 275, 277, 279, 281, 283, 285, 287, 289, 291, 293, 295, 297, 299, 301, 303, 305, 307, 309, 311, 313, 315, 317, 319, 321, 323, 325, 327, 329, 331, 333, 335, 337, 339, 341, 343, 345, 347, 349, 351, 353, 355, 357, 359, 361, 363
  could not predict GPP in 11359 cases due to missing VPD.
    Therefore refitting LightResponseCurve with option isNeglectVPDEffect = TRUE
  Estimating light response curve parameters from day time NEE , 1, 3, 5, 7, 9, 11, 13, 15, 17, 19, 21, 23, 25, 27, 29, 31, 33, 35, 37, 39, 41, 43, 45, 47, 49, 51, 53, 55, 57, 59, 61, 63, 65, 67, 69, 71, 73, 75, 77, 79, 81, 83, 85, 87, 89, 91, 93, 95, 97, 99, 101, 103, 105, 107, 109, 111, 113, 115, 117, 119, 121, 123, 125, 127, 129, 131, 133, 135, 137, 139, 141, 143, 145, 147, 149, 151, 153, 155, 157, 159, 161, 163, 165, 167, 169, 171, 173, 175, 177, 179, 181, 183, 185, 187, 189, 191, 193, 195, 197, 199, 201, 203, 205, 207, 209, 211, 213, 215, 217, 219, 221, 223, 225, 227, 229, 231, 233, 235, 237, 239, 241, 243, 245, 247, 249, 251, 253, 255, 257, 259, 261, 263, 265, 267, 269, 271, 273, 275, 277, 279, 281, 283, 285, 287, 289, 291, 293, 295, 297, 299, 301, 303, 305, 307, 309, 311, 313, 315, 317, 319, 321, 323, 325, 327, 329, 331, 333, 335, 337, 339, 341, 343, 345, 347, 349, 351, 353, 355, 357, 359, 361, 363
Start daytime flux partitioning for variable NEE_U50_f with temperature Tair_f.
  Estimating temperature sensitivity from night time NEE , 1, 3, 5, 7, 9, 11, 13, 15, 17, 19, 21, 23, 25, 27, 29, 31, 33, 35, 37, 39, 41, 43, 45, 47, 49, 51, 53, 55, 57, 59, 61, 63, 65, 67, 69, 71, 73, 75, 77, 79, 81, 83, 85, 87, 89, 91, 93, 95, 97, 99, 101, 103, 105, 107, 109, 111, 113, 115, 117, 119, 121, 123, 125, 127, 129, 131, 133, 135, 137, 139, 141, 143, 145, 147, 149, 151, 153, 155, 157, 159, 161, 163, 165, 167, 169, 171, 173, 175, 177, 179, 181, 183, 185, 187, 189, 191, 193, 195, 197, 199, 201, 203, 205, 207, 209, 211, 213, 215, 217, 219, 221, 223, 225, 227, 229, 231, 233, 235, 237, 239, 241, 243, 245, 247, 249, 251, 253, 255, 257, 259, 261, 263, 265, 267, 269, 271, 273, 275, 277, 279, 281, 283, 285, 287, 289, 291, 293, 295, 297, 299, 301, 303, 305, 307, 309, 311, 313, 315, 317, 319, 321, 323, 325, 327, 329, 331, 333, 335, 337, 339, 341, 343, 345, 347, 349, 351, 353, 355, 357, 359, 361, 363
    increase window size to 24, 1, 3, 5, 7, 9, 11, 13, 15, 17, 19, 21, 23, 25, 27, 29, 31, 33, 35, 37, 39, 41, 43, 45, 47, 49, 51, 53, 55, 57, 59, 61, 63, 65, 67, 69, 71, 73, 75, 77, 79, 81, 83, 85, 87, 89, 91, 93, 95, 97, 99, 101, 103, 105, 107, 109, 111, 113, 115, 117, 119, 121, 123, 125, 127, 129, 131, 133, 135, 137, 139, 141, 143, 145, 147, 149, 151, 153, 155, 157, 159, 161, 163, 165, 167, 169, 171, 173, 175, 177, 179, 181, 183, 185, 187, 189, 191, 193, 195, 197, 199, 201, 203, 205, 207, 209, 211, 213, 215, 217, 219, 221, 223, 225, 227, 229, 231, 233, 235, 237, 239, 241, 243, 245, 247, 249, 251, 253, 255, 257, 259, 261, 263, 265, 267, 269, 271, 273, 275, 277, 279, 281, 283, 285, 287, 289, 291, 293, 295, 297, 299, 301, 303, 305, 307, 309, 311, 313, 315, 317, 319, 321, 323, 325, 327, 329, 331, 333, 335, 337, 339, 341, 343, 345, 347, 349, 351, 353, 355, 357, 359, 361, 363
    increase window size to 48, 1, 3, 5, 7, 9, 11, 13, 15, 17, 19, 21, 23, 25, 27, 29, 31, 33, 35, 37, 39, 41, 43, 45, 47, 49, 51, 53, 55, 57, 59, 61, 63, 65, 67, 69, 71, 73, 75, 77, 79, 81, 83, 85, 87, 89, 91, 93, 95, 97, 99, 101, 103, 105, 107, 109, 111, 113, 115, 117, 119, 121, 123, 125, 127, 129, 131, 133, 135, 137, 139, 141, 143, 145, 147, 149, 151, 153, 155, 157, 159, 161, 163, 165, 167, 169, 171, 173, 175, 177, 179, 181, 183, 185, 187, 189, 191, 193, 195, 197, 199, 201, 203, 205, 207, 209, 211, 213, 215, 217, 219, 221, 223, 225, 227, 229, 231, 233, 235, 237, 239, 241, 243, 245, 247, 249, 251, 253, 255, 257, 259, 261, 263, 265, 267, 269, 271, 273, 275, 277, 279, 281, 283, 285, 287, 289, 291, 293, 295, 297, 299, 301, 303, 305, 307, 309, 311, 313, 315, 317, 319, 321, 323, 325, 327, 329, 331, 333, 335, 337, 339, 341, 343, 345, 347, 349, 351, 353, 355, 357, 359, 361, 363
  Smoothing temperature sensitivity estimates
  Estimating respiration at reference temperature for smoothed temperature sensitivity from night time NEE , 1, 3, 5, 7, 9, 11, 13, 15, 17, 19, 21, 23, 25, 27, 29, 31, 33, 35, 37, 39, 41, 43, 45, 47, 49, 51, 53, 55, 57, 59, 61, 63, 65, 67, 69, 71, 73, 75, 77, 79, 81, 83, 85, 87, 89, 91, 93, 95, 97, 99, 101, 103, 105, 107, 109, 111, 113, 115, 117, 119, 121, 123, 125, 127, 129, 131, 133, 135, 137, 139, 141, 143, 145, 147, 149, 151, 153, 155, 157, 159, 161, 163, 165, 167, 169, 171, 173, 175, 177, 179, 181, 183, 185, 187, 189, 191, 193, 195, 197, 199, 201, 203, 205, 207, 209, 211, 213, 215, 217, 219, 221, 223, 225, 227, 229, 231, 233, 235, 237, 239, 241, 243, 245, 247, 249, 251, 253, 255, 257, 259, 261, 263, 265, 267, 269, 271, 273, 275, 277, 279, 281, 283, 285, 287, 289, 291, 293, 295, 297, 299, 301, 303, 305, 307, 309, 311, 313, 315, 317, 319, 321, 323, 325, 327, 329, 331, 333, 335, 337, 339, 341, 343, 345, 347, 349, 351, 353, 355, 357, 359, 361, 363
  Estimating light response curve parameters from day time NEE , 1, 3, 5, 7, 9, 11, 13, 15, 17, 19, 21, 23, 25, 27, 29, 31, 33, 35, 37, 39, 41, 43, 45, 47, 49, 51, 53, 55, 57, 59, 61, 63, 65, 67, 69, 71, 73, 75, 77, 79, 81, 83, 85, 87, 89, 91, 93, 95, 97, 99, 101, 103, 105, 107, 109, 111, 113, 115, 117, 119, 121, 123, 125, 127, 129, 131, 133, 135, 137, 139, 141, 143, 145, 147, 149, 151, 153, 155, 157, 159, 161, 163, 165, 167, 169, 171, 173, 175, 177, 179, 181, 183, 185, 187, 189, 191, 193, 195, 197, 199, 201, 203, 205, 207, 209, 211, 213, 215, 217, 219, 221, 223, 225, 227, 229, 231, 233, 235, 237, 239, 241, 243, 245, 247, 249, 251, 253, 255, 257, 259, 261, 263, 265, 267, 269, 271, 273, 275, 277, 279, 281, 283, 285, 287, 289, 291, 293, 295, 297, 299, 301, 303, 305, 307, 309, 311, 313, 315, 317, 319, 321, 323, 325, 327, 329, 331, 333, 335, 337, 339, 341, 343, 345, 347, 349, 351, 353, 355, 357, 359, 361, 363
  could not predict GPP in 6078 cases due to missing VPD.
    Therefore refitting LightResponseCurve with option isNeglectVPDEffect = TRUE
  Estimating light response curve parameters from day time NEE , 1, 3, 5, 7, 9, 11, 13, 15, 17, 19, 21, 23, 25, 27, 29, 31, 33, 35, 37, 39, 41, 43, 45, 47, 49, 51, 53, 55, 57, 59, 61, 63, 65, 67, 69, 71, 73, 75, 77, 79, 81, 83, 85, 87, 89, 91, 93, 95, 97, 99, 101, 103, 105, 107, 109, 111, 113, 115, 117, 119, 121, 123, 125, 127, 129, 131, 133, 135, 137, 139, 141, 143, 145, 147, 149, 151, 153, 155, 157, 159, 161, 163, 165, 167, 169, 171, 173, 175, 177, 179, 181, 183, 185, 187, 189, 191, 193, 195, 197, 199, 201, 203, 205, 207, 209, 211, 213, 215, 217, 219, 221, 223, 225, 227, 229, 231, 233, 235, 237, 239, 241, 243, 245, 247, 249, 251, 253, 255, 257, 259, 261, 263, 265, 267, 269, 271, 273, 275, 277, 279, 281, 283, 285, 287, 289, 291, 293, 295, 297, 299, 301, 303, 305, 307, 309, 311, 313, 315, 317, 319, 321, 323, 325, 327, 329, 331, 333, 335, 337, 339, 341, 343, 345, 347, 349, 351, 353, 355, 357, 359, 361, 363
Start daytime flux partitioning for variable NEE_U95_f with temperature Tair_f.
  Estimating temperature sensitivity from night time NEE , 1, 3, 5, 7, 9, 11, 13, 15, 17, 19, 21, 23, 25, 27, 29, 31, 33, 35, 37, 39, 41, 43, 45, 47, 49, 51, 53, 55, 57, 59, 61, 63, 65, 67, 69, 71, 73, 75, 77, 79, 81, 83, 85, 87, 89, 91, 93, 95, 97, 99, 101, 103, 105, 107, 109, 111, 113, 115, 117, 119, 121, 123, 125, 127, 129, 131, 133, 135, 137, 139, 141, 143, 145, 147, 149, 151, 153, 155, 157, 159, 161, 163, 165, 167, 169, 171, 173, 175, 177, 179, 181, 183, 185, 187, 189, 191, 193, 195, 197, 199, 201, 203, 205, 207, 209, 211, 213, 215, 217, 219, 221, 223, 225, 227, 229, 231, 233, 235, 237, 239, 241, 243, 245, 247, 249, 251, 253, 255, 257, 259, 261, 263, 265, 267, 269, 271, 273, 275, 277, 279, 281, 283, 285, 287, 289, 291, 293, 295, 297, 299, 301, 303, 305, 307, 309, 311, 313, 315, 317, 319, 321, 323, 325, 327, 329, 331, 333, 335, 337, 339, 341, 343, 345, 347, 349, 351, 353, 355, 357, 359, 361, 363
    increase window size to 24, 1, 3, 5, 7, 9, 11, 13, 15, 17, 19, 21, 23, 25, 27, 29, 31, 33, 35, 37, 39, 41, 43, 45, 47, 49, 51, 53, 55, 57, 59, 61, 63, 65, 67, 69, 71, 73, 75, 77, 79, 81, 83, 85, 87, 89, 91, 93, 95, 97, 99, 101, 103, 105, 107, 109, 111, 113, 115, 117, 119, 121, 123, 125, 127, 129, 131, 133, 135, 137, 139, 141, 143, 145, 147, 149, 151, 153, 155, 157, 159, 161, 163, 165, 167, 169, 171, 173, 175, 177, 179, 181, 183, 185, 187, 189, 191, 193, 195, 197, 199, 201, 203, 205, 207, 209, 211, 213, 215, 217, 219, 221, 223, 225, 227, 229, 231, 233, 235, 237, 239, 241, 243, 245, 247, 249, 251, 253, 255, 257, 259, 261, 263, 265, 267, 269, 271, 273, 275, 277, 279, 281, 283, 285, 287, 289, 291, 293, 295, 297, 299, 301, 303, 305, 307, 309, 311, 313, 315, 317, 319, 321, 323, 325, 327, 329, 331, 333, 335, 337, 339, 341, 343, 345, 347, 349, 351, 353, 355, 357, 359, 361, 363
    increase window size to 48, 1, 3, 5, 7, 9, 11, 13, 15, 17, 19, 21, 23, 25, 27, 29, 31, 33, 35, 37, 39, 41, 43, 45, 47, 49, 51, 53, 55, 57, 59, 61, 63, 65, 67, 69, 71, 73, 75, 77, 79, 81, 83, 85, 87, 89, 91, 93, 95, 97, 99, 101, 103, 105, 107, 109, 111, 113, 115, 117, 119, 121, 123, 125, 127, 129, 131, 133, 135, 137, 139, 141, 143, 145, 147, 149, 151, 153, 155, 157, 159, 161, 163, 165, 167, 169, 171, 173, 175, 177, 179, 181, 183, 185, 187, 189, 191, 193, 195, 197, 199, 201, 203, 205, 207, 209, 211, 213, 215, 217, 219, 221, 223, 225, 227, 229, 231, 233, 235, 237, 239, 241, 243, 245, 247, 249, 251, 253, 255, 257, 259, 261, 263, 265, 267, 269, 271, 273, 275, 277, 279, 281, 283, 285, 287, 289, 291, 293, 295, 297, 299, 301, 303, 305, 307, 309, 311, 313, 315, 317, 319, 321, 323, 325, 327, 329, 331, 333, 335, 337, 339, 341, 343, 345, 347, 349, 351, 353, 355, 357, 359, 361, 363
  Smoothing temperature sensitivity estimates
  Estimating respiration at reference temperature for smoothed temperature sensitivity from night time NEE , 1, 3, 5, 7, 9, 11, 13, 15, 17, 19, 21, 23, 25, 27, 29, 31, 33, 35, 37, 39, 41, 43, 45, 47, 49, 51, 53, 55, 57, 59, 61, 63, 65, 67, 69, 71, 73, 75, 77, 79, 81, 83, 85, 87, 89, 91, 93, 95, 97, 99, 101, 103, 105, 107, 109, 111, 113, 115, 117, 119, 121, 123, 125, 127, 129, 131, 133, 135, 137, 139, 141, 143, 145, 147, 149, 151, 153, 155, 157, 159, 161, 163, 165, 167, 169, 171, 173, 175, 177, 179, 181, 183, 185, 187, 189, 191, 193, 195, 197, 199, 201, 203, 205, 207, 209, 211, 213, 215, 217, 219, 221, 223, 225, 227, 229, 231, 233, 235, 237, 239, 241, 243, 245, 247, 249, 251, 253, 255, 257, 259, 261, 263, 265, 267, 269, 271, 273, 275, 277, 279, 281, 283, 285, 287, 289, 291, 293, 295, 297, 299, 301, 303, 305, 307, 309, 311, 313, 315, 317, 319, 321, 323, 325, 327, 329, 331, 333, 335, 337, 339, 341, 343, 345, 347, 349, 351, 353, 355, 357, 359, 361, 363
  Estimating light response curve parameters from day time NEE , 1, 3, 5, 7, 9, 11, 13, 15, 17, 19, 21, 23, 25, 27, 29, 31, 33, 35, 37, 39, 41, 43, 45, 47, 49, 51, 53, 55, 57, 59, 61, 63, 65, 67, 69, 71, 73, 75, 77, 79, 81, 83, 85, 87, 89, 91, 93, 95, 97, 99, 101, 103, 105, 107, 109, 111, 113, 115, 117, 119, 121, 123, 125, 127, 129, 131, 133, 135, 137, 139, 141, 143, 145, 147, 149, 151, 153, 155, 157, 159, 161, 163, 165, 167, 169, 171, 173, 175, 177, 179, 181, 183, 185, 187, 189, 191, 193, 195, 197, 199, 201, 203, 205, 207, 209, 211, 213, 215, 217, 219, 221, 223, 225, 227, 229, 231, 233, 235, 237, 239, 241, 243, 245, 247, 249, 251, 253, 255, 257, 259, 261, 263, 265, 267, 269, 271, 273, 275, 277, 279, 281, 283, 285, 287, 289, 291, 293, 295, 297, 299, 301, 303, 305, 307, 309, 311, 313, 315, 317, 319, 321, 323, 325, 327, 329, 331, 333, 335, 337, 339, 341, 343, 345, 347, 349, 351, 353, 355, 357, 359, 361, 363
  could not predict GPP in 11359 cases due to missing VPD.
    Therefore refitting LightResponseCurve with option isNeglectVPDEffect = TRUE
  Estimating light response curve parameters from day time NEE , 1, 3, 5, 7, 9, 11, 13, 15, 17, 19, 21, 23, 25, 27, 29, 31, 33, 35, 37, 39, 41, 43, 45, 47, 49, 51, 53, 55, 57, 59, 61, 63, 65, 67, 69, 71, 73, 75, 77, 79, 81, 83, 85, 87, 89, 91, 93, 95, 97, 99, 101, 103, 105, 107, 109, 111, 113, 115, 117, 119, 121, 123, 125, 127, 129, 131, 133, 135, 137, 139, 141, 143, 145, 147, 149, 151, 153, 155, 157, 159, 161, 163, 165, 167, 169, 171, 173, 175, 177, 179, 181, 183, 185, 187, 189, 191, 193, 195, 197, 199, 201, 203, 205, 207, 209, 211, 213, 215, 217, 219, 221, 223, 225, 227, 229, 231, 233, 235, 237, 239, 241, 243, 245, 247, 249, 251, 253, 255, 257, 259, 261, 263, 265, 267, 269, 271, 273, 275, 277, 279, 281, 283, 285, 287, 289, 291, 293, 295, 297, 299, 301, 303, 305, 307, 309, 311, 313, 315, 317, 319, 321, 323, 325, 327, 329, 331, 333, 335, 337, 339, 341, 343, 345, 347, 349, 351, 353, 355, 357, 359, 361, 363
Start daytime flux partitioning for variable NEE_uStar_f with temperature Tair_f.
  Estimating temperature sensitivity from night time NEE , 1, 3, 5, 7, 9, 11, 13, 15, 17, 19, 21, 23, 25, 27, 29, 31, 33, 35, 37, 39, 41, 43, 45, 47, 49, 51, 53, 55, 57, 59, 61, 63, 65, 67, 69, 71, 73, 75, 77, 79, 81, 83, 85, 87, 89, 91, 93, 95, 97, 99, 101, 103, 105, 107, 109, 111, 113, 115, 117, 119, 121, 123, 125, 127, 129, 131, 133, 135, 137, 139, 141, 143, 145, 147, 149, 151, 153, 155, 157, 159, 161, 163, 165, 167, 169, 171, 173, 175, 177, 179, 181, 183, 185, 187, 189, 191, 193, 195, 197, 199, 201, 203, 205, 207, 209, 211, 213, 215, 217, 219, 221, 223, 225, 227, 229, 231, 233, 235, 237, 239, 241, 243, 245, 247, 249, 251, 253, 255, 257, 259, 261, 263, 265, 267, 269, 271, 273, 275, 277, 279, 281, 283, 285, 287, 289, 291, 293, 295, 297, 299, 301, 303, 305, 307, 309, 311, 313, 315, 317, 319, 321, 323, 325, 327, 329, 331, 333, 335, 337, 339, 341, 343, 345, 347, 349, 351, 353, 355, 357, 359, 361, 363
    increase window size to 24, 1, 3, 5, 7, 9, 11, 13, 15, 17, 19, 21, 23, 25, 27, 29, 31, 33, 35, 37, 39, 41, 43, 45, 47, 49, 51, 53, 55, 57, 59, 61, 63, 65, 67, 69, 71, 73, 75, 77, 79, 81, 83, 85, 87, 89, 91, 93, 95, 97, 99, 101, 103, 105, 107, 109, 111, 113, 115, 117, 119, 121, 123, 125, 127, 129, 131, 133, 135, 137, 139, 141, 143, 145, 147, 149, 151, 153, 155, 157, 159, 161, 163, 165, 167, 169, 171, 173, 175, 177, 179, 181, 183, 185, 187, 189, 191, 193, 195, 197, 199, 201, 203, 205, 207, 209, 211, 213, 215, 217, 219, 221, 223, 225, 227, 229, 231, 233, 235, 237, 239, 241, 243, 245, 247, 249, 251, 253, 255, 257, 259, 261, 263, 265, 267, 269, 271, 273, 275, 277, 279, 281, 283, 285, 287, 289, 291, 293, 295, 297, 299, 301, 303, 305, 307, 309, 311, 313, 315, 317, 319, 321, 323, 325, 327, 329, 331, 333, 335, 337, 339, 341, 343, 345, 347, 349, 351, 353, 355, 357, 359, 361, 363
    increase window size to 48, 1, 3, 5, 7, 9, 11, 13, 15, 17, 19, 21, 23, 25, 27, 29, 31, 33, 35, 37, 39, 41, 43, 45, 47, 49, 51, 53, 55, 57, 59, 61, 63, 65, 67, 69, 71, 73, 75, 77, 79, 81, 83, 85, 87, 89, 91, 93, 95, 97, 99, 101, 103, 105, 107, 109, 111, 113, 115, 117, 119, 121, 123, 125, 127, 129, 131, 133, 135, 137, 139, 141, 143, 145, 147, 149, 151, 153, 155, 157, 159, 161, 163, 165, 167, 169, 171, 173, 175, 177, 179, 181, 183, 185, 187, 189, 191, 193, 195, 197, 199, 201, 203, 205, 207, 209, 211, 213, 215, 217, 219, 221, 223, 225, 227, 229, 231, 233, 235, 237, 239, 241, 243, 245, 247, 249, 251, 253, 255, 257, 259, 261, 263, 265, 267, 269, 271, 273, 275, 277, 279, 281, 283, 285, 287, 289, 291, 293, 295, 297, 299, 301, 303, 305, 307, 309, 311, 313, 315, 317, 319, 321, 323, 325, 327, 329, 331, 333, 335, 337, 339, 341, 343, 345, 347, 349, 351, 353, 355, 357, 359, 361, 363
  Smoothing temperature sensitivity estimates
  Estimating respiration at reference temperature for smoothed temperature sensitivity from night time NEE , 1, 3, 5, 7, 9, 11, 13, 15, 17, 19, 21, 23, 25, 27, 29, 31, 33, 35, 37, 39, 41, 43, 45, 47, 49, 51, 53, 55, 57, 59, 61, 63, 65, 67, 69, 71, 73, 75, 77, 79, 81, 83, 85, 87, 89, 91, 93, 95, 97, 99, 101, 103, 105, 107, 109, 111, 113, 115, 117, 119, 121, 123, 125, 127, 129, 131, 133, 135, 137, 139, 141, 143, 145, 147, 149, 151, 153, 155, 157, 159, 161, 163, 165, 167, 169, 171, 173, 175, 177, 179, 181, 183, 185, 187, 189, 191, 193, 195, 197, 199, 201, 203, 205, 207, 209, 211, 213, 215, 217, 219, 221, 223, 225, 227, 229, 231, 233, 235, 237, 239, 241, 243, 245, 247, 249, 251, 253, 255, 257, 259, 261, 263, 265, 267, 269, 271, 273, 275, 277, 279, 281, 283, 285, 287, 289, 291, 293, 295, 297, 299, 301, 303, 305, 307, 309, 311, 313, 315, 317, 319, 321, 323, 325, 327, 329, 331, 333, 335, 337, 339, 341, 343, 345, 347, 349, 351, 353, 355, 357, 359, 361, 363
  Estimating light response curve parameters from day time NEE , 1, 3, 5, 7, 9, 11, 13, 15, 17, 19, 21, 23, 25, 27, 29, 31, 33, 35, 37, 39, 41, 43, 45, 47, 49, 51, 53, 55, 57, 59, 61, 63, 65, 67, 69, 71, 73, 75, 77, 79, 81, 83, 85, 87, 89, 91, 93, 95, 97, 99, 101, 103, 105, 107, 109, 111, 113, 115, 117, 119, 121, 123, 125, 127, 129, 131, 133, 135, 137, 139, 141, 143, 145, 147, 149, 151, 153, 155, 157, 159, 161, 163, 165, 167, 169, 171, 173, 175, 177, 179, 181, 183, 185, 187, 189, 191, 193, 195, 197, 199, 201, 203, 205, 207, 209, 211, 213, 215, 217, 219, 221, 223, 225, 227, 229, 231, 233, 235, 237, 239, 241, 243, 245, 247, 249, 251, 253, 255, 257, 259, 261, 263, 265, 267, 269, 271, 273, 275, 277, 279, 281, 283, 285, 287, 289, 291, 293, 295, 297, 299, 301, 303, 305, 307, 309, 311, 313, 315, 317, 319, 321, 323, 325, 327, 329, 331, 333, 335, 337, 339, 341, 343, 345, 347, 349, 351, 353, 355, 357, 359, 361, 363
  could not predict GPP in 11359 cases due to missing VPD.
    Therefore refitting LightResponseCurve with option isNeglectVPDEffect = TRUE
  Estimating light response curve parameters from day time NEE , 1, 3, 5, 7, 9, 11, 13, 15, 17, 19, 21, 23, 25, 27, 29, 31, 33, 35, 37, 39, 41, 43, 45, 47, 49, 51, 53, 55, 57, 59, 61, 63, 65, 67, 69, 71, 73, 75, 77, 79, 81, 83, 85, 87, 89, 91, 93, 95, 97, 99, 101, 103, 105, 107, 109, 111, 113, 115, 117, 119, 121, 123, 125, 127, 129, 131, 133, 135, 137, 139, 141, 143, 145, 147, 149, 151, 153, 155, 157, 159, 161, 163, 165, 167, 169, 171, 173, 175, 177, 179, 181, 183, 185, 187, 189, 191, 193, 195, 197, 199, 201, 203, 205, 207, 209, 211, 213, 215, 217, 219, 221, 223, 225, 227, 229, 231, 233, 235, 237, 239, 241, 243, 245, 247, 249, 251, 253, 255, 257, 259, 261, 263, 265, 267, 269, 271, 273, 275, 277, 279, 281, 283, 285, 287, 289, 291, 293, 295, 297, 299, 301, 303, 305, 307, 309, 311, 313, 315, 317, 319, 321, 323, 325, 327, 329, 331, 333, 335, 337, 339, 341, 343, 345, 347, 349, 351, 353, 355, 357, 359, 361, 363
[1] "Writing 2021"
[1] "Writing DateTime"
[1] "Writing season"
[1] "Writing SW_IN_1_1_1_PI_RP_orig"
[1] "Writing SW_IN_1_1_1_PI_RP_f"
[1] "Writing SW_IN_1_1_1_PI_RP_fqc"
[1] "Writing SW_IN_1_1_1_PI_RP_fall"
[1] "Writing SW_IN_1_1_1_PI_RP_fall_qc"
[1] "Writing SW_IN_1_1_1_PI_RP_fnum"
[1] "Writing SW_IN_1_1_1_PI_RP_fsd"
[1] "Writing SW_IN_1_1_1_PI_RP_fmeth"
[1] "Writing SW_IN_1_1_1_PI_RP_fwin"
[1] "Writing TA_1_1_1_PI_RP_orig"
[1] "Writing TA_1_1_1_PI_RP_f"
[1] "Writing TA_1_1_1_PI_RP_fqc"
[1] "Writing TA_1_1_1_PI_RP_fall"
[1] "Writing TA_1_1_1_PI_RP_fall_qc"
[1] "Writing TA_1_1_1_PI_RP_fnum"
[1] "Writing TA_1_1_1_PI_RP_fsd"
[1] "Writing TA_1_1_1_PI_RP_fmeth"
[1] "Writing TA_1_1_1_PI_RP_fwin"
[1] "Writing VPD_1_1_1_PI_RP_orig"
[1] "Writing VPD_1_1_1_PI_RP_f"
[1] "Writing VPD_1_1_1_PI_RP_fqc"
[1] "Writing VPD_1_1_1_PI_RP_fall"
[1] "Writing VPD_1_1_1_PI_RP_fall_qc"
[1] "Writing VPD_1_1_1_PI_RP_fnum"
[1] "Writing VPD_1_1_1_PI_RP_fsd"
[1] "Writing VPD_1_1_1_PI_RP_fmeth"
[1] "Writing VPD_1_1_1_PI_RP_fwin"
[1] "Writing RH_1_1_1_PI_RP_orig"
[1] "Writing RH_1_1_1_PI_RP_f"
[1] "Writing RH_1_1_1_PI_RP_fqc"
[1] "Writing RH_1_1_1_PI_RP_fall"
[1] "Writing RH_1_1_1_PI_RP_fall_qc"
[1] "Writing RH_1_1_1_PI_RP_fnum"
[1] "Writing RH_1_1_1_PI_RP_fsd"
[1] "Writing RH_1_1_1_PI_RP_fmeth"
[1] "Writing RH_1_1_1_PI_RP_fwin"
[1] "Writing USTAR_uStar_Thres"
[1] "Writing USTAR_uStar_fqc"
[1] "Writing NEE_PI_JSZ_MAD_RP_uStar_orig"
[1] "Writing NEE_PI_JSZ_MAD_RP_uStar_f"
[1] "Writing NEE_PI_JSZ_MAD_RP_uStar_fqc"
[1] "Writing NEE_PI_JSZ_MAD_RP_uStar_fall"
[1] "Writing NEE_PI_JSZ_MAD_RP_uStar_fall_qc"
[1] "Writing NEE_PI_JSZ_MAD_RP_uStar_fnum"
[1] "Writing NEE_PI_JSZ_MAD_RP_uStar_fsd"
[1] "Writing NEE_PI_JSZ_MAD_RP_uStar_fmeth"
[1] "Writing NEE_PI_JSZ_MAD_RP_uStar_fwin"
[1] "Writing USTAR_U05_Thres"
[1] "Writing USTAR_U05_fqc"
[1] "Writing NEE_PI_JSZ_MAD_RP_U05_orig"
[1] "Writing NEE_PI_JSZ_MAD_RP_U05_f"
[1] "Writing NEE_PI_JSZ_MAD_RP_U05_fqc"
[1] "Writing NEE_PI_JSZ_MAD_RP_U05_fall"
[1] "Writing NEE_PI_JSZ_MAD_RP_U05_fall_qc"
[1] "Writing NEE_PI_JSZ_MAD_RP_U05_fnum"
[1] "Writing NEE_PI_JSZ_MAD_RP_U05_fsd"
[1] "Writing NEE_PI_JSZ_MAD_RP_U05_fmeth"
[1] "Writing NEE_PI_JSZ_MAD_RP_U05_fwin"
[1] "Writing USTAR_U50_Thres"
[1] "Writing USTAR_U50_fqc"
[1] "Writing NEE_PI_JSZ_MAD_RP_U50_orig"
[1] "Writing NEE_PI_JSZ_MAD_RP_U50_f"
[1] "Writing NEE_PI_JSZ_MAD_RP_U50_fqc"
[1] "Writing NEE_PI_JSZ_MAD_RP_U50_fall"
[1] "Writing NEE_PI_JSZ_MAD_RP_U50_fall_qc"
[1] "Writing NEE_PI_JSZ_MAD_RP_U50_fnum"
[1] "Writing NEE_PI_JSZ_MAD_RP_U50_fsd"
[1] "Writing NEE_PI_JSZ_MAD_RP_U50_fmeth"
[1] "Writing NEE_PI_JSZ_MAD_RP_U50_fwin"
[1] "Writing USTAR_U95_Thres"
[1] "Writing USTAR_U95_fqc"
[1] "Writing NEE_PI_JSZ_MAD_RP_U95_orig"
[1] "Writing NEE_PI_JSZ_MAD_RP_U95_f"
[1] "Writing NEE_PI_JSZ_MAD_RP_U95_fqc"
[1] "Writing NEE_PI_JSZ_MAD_RP_U95_fall"
[1] "Writing NEE_PI_JSZ_MAD_RP_U95_fall_qc"
[1] "Writing NEE_PI_JSZ_MAD_RP_U95_fnum"
[1] "Writing NEE_PI_JSZ_MAD_RP_U95_fsd"
[1] "Writing NEE_PI_JSZ_MAD_RP_U95_fmeth"
[1] "Writing NEE_PI_JSZ_MAD_RP_U95_fwin"
[1] "Writing LE_PI_JSZ_MAD_RP_uStar_orig"
[1] "Writing LE_PI_JSZ_MAD_RP_uStar_f"
[1] "Writing LE_PI_JSZ_MAD_RP_uStar_fqc"
[1] "Writing LE_PI_JSZ_MAD_RP_uStar_fall"
[1] "Writing LE_PI_JSZ_MAD_RP_uStar_fall_qc"
[1] "Writing LE_PI_JSZ_MAD_RP_uStar_fnum"
[1] "Writing LE_PI_JSZ_MAD_RP_uStar_fsd"
[1] "Writing LE_PI_JSZ_MAD_RP_uStar_fmeth"
[1] "Writing LE_PI_JSZ_MAD_RP_uStar_fwin"
[1] "Writing LE_PI_JSZ_MAD_RP_U05_orig"
[1] "Writing LE_PI_JSZ_MAD_RP_U05_f"
[1] "Writing LE_PI_JSZ_MAD_RP_U05_fqc"
[1] "Writing LE_PI_JSZ_MAD_RP_U05_fall"
[1] "Writing LE_PI_JSZ_MAD_RP_U05_fall_qc"
[1] "Writing LE_PI_JSZ_MAD_RP_U05_fnum"
[1] "Writing LE_PI_JSZ_MAD_RP_U05_fsd"
[1] "Writing LE_PI_JSZ_MAD_RP_U05_fmeth"
[1] "Writing LE_PI_JSZ_MAD_RP_U05_fwin"
[1] "Writing LE_PI_JSZ_MAD_RP_U50_orig"
[1] "Writing LE_PI_JSZ_MAD_RP_U50_f"
[1] "Writing LE_PI_JSZ_MAD_RP_U50_fqc"
[1] "Writing LE_PI_JSZ_MAD_RP_U50_fall"
[1] "Writing LE_PI_JSZ_MAD_RP_U50_fall_qc"
[1] "Writing LE_PI_JSZ_MAD_RP_U50_fnum"
[1] "Writing LE_PI_JSZ_MAD_RP_U50_fsd"
[1] "Writing LE_PI_JSZ_MAD_RP_U50_fmeth"
[1] "Writing LE_PI_JSZ_MAD_RP_U50_fwin"
[1] "Writing LE_PI_JSZ_MAD_RP_U95_orig"
[1] "Writing LE_PI_JSZ_MAD_RP_U95_f"
[1] "Writing LE_PI_JSZ_MAD_RP_U95_fqc"
[1] "Writing LE_PI_JSZ_MAD_RP_U95_fall"
[1] "Writing LE_PI_JSZ_MAD_RP_U95_fall_qc"
[1] "Writing LE_PI_JSZ_MAD_RP_U95_fnum"
[1] "Writing LE_PI_JSZ_MAD_RP_U95_fsd"
[1] "Writing LE_PI_JSZ_MAD_RP_U95_fmeth"
[1] "Writing LE_PI_JSZ_MAD_RP_U95_fwin"
[1] "Writing H_PI_JSZ_MAD_RP_uStar_orig"
[1] "Writing H_PI_JSZ_MAD_RP_uStar_f"
[1] "Writing H_PI_JSZ_MAD_RP_uStar_fqc"
[1] "Writing H_PI_JSZ_MAD_RP_uStar_fall"
[1] "Writing H_PI_JSZ_MAD_RP_uStar_fall_qc"
[1] "Writing H_PI_JSZ_MAD_RP_uStar_fnum"
[1] "Writing H_PI_JSZ_MAD_RP_uStar_fsd"
[1] "Writing H_PI_JSZ_MAD_RP_uStar_fmeth"
[1] "Writing H_PI_JSZ_MAD_RP_uStar_fwin"
[1] "Writing H_PI_JSZ_MAD_RP_U05_orig"
[1] "Writing H_PI_JSZ_MAD_RP_U05_f"
[1] "Writing H_PI_JSZ_MAD_RP_U05_fqc"
[1] "Writing H_PI_JSZ_MAD_RP_U05_fall"
[1] "Writing H_PI_JSZ_MAD_RP_U05_fall_qc"
[1] "Writing H_PI_JSZ_MAD_RP_U05_fnum"
[1] "Writing H_PI_JSZ_MAD_RP_U05_fsd"
[1] "Writing H_PI_JSZ_MAD_RP_U05_fmeth"
[1] "Writing H_PI_JSZ_MAD_RP_U05_fwin"
[1] "Writing H_PI_JSZ_MAD_RP_U50_orig"
[1] "Writing H_PI_JSZ_MAD_RP_U50_f"
[1] "Writing H_PI_JSZ_MAD_RP_U50_fqc"
[1] "Writing H_PI_JSZ_MAD_RP_U50_fall"
[1] "Writing H_PI_JSZ_MAD_RP_U50_fall_qc"
[1] "Writing H_PI_JSZ_MAD_RP_U50_fnum"
[1] "Writing H_PI_JSZ_MAD_RP_U50_fsd"
[1] "Writing H_PI_JSZ_MAD_RP_U50_fmeth"
[1] "Writing H_PI_JSZ_MAD_RP_U50_fwin"
[1] "Writing H_PI_JSZ_MAD_RP_U95_orig"
[1] "Writing H_PI_JSZ_MAD_RP_U95_f"
[1] "Writing H_PI_JSZ_MAD_RP_U95_fqc"
[1] "Writing H_PI_JSZ_MAD_RP_U95_fall"
[1] "Writing H_PI_JSZ_MAD_RP_U95_fall_qc"
[1] "Writing H_PI_JSZ_MAD_RP_U95_fnum"
[1] "Writing H_PI_JSZ_MAD_RP_U95_fsd"
[1] "Writing H_PI_JSZ_MAD_RP_U95_fmeth"
[1] "Writing H_PI_JSZ_MAD_RP_U95_fwin"
[1] "Writing PotRad_U05"
[1] "Writing FP_NEEnight_U05"
[1] "Writing FP_Temp_U05"
[1] "Writing E_0_U05"
[1] "Writing R_ref_U05"
[1] "Writing Reco_U05"
[1] "Writing GPP_U05_f"
[1] "Writing GPP_U05_fqc"
[1] "Writing PotRad_U50"
[1] "Writing FP_NEEnight_U50"
[1] "Writing FP_Temp_U50"
[1] "Writing E_0_U50"
[1] "Writing R_ref_U50"
[1] "Writing Reco_U50"
[1] "Writing GPP_U50_f"
[1] "Writing GPP_U50_fqc"
[1] "Writing PotRad_U95"
[1] "Writing FP_NEEnight_U95"
[1] "Writing FP_Temp_U95"
[1] "Writing E_0_U95"
[1] "Writing R_ref_U95"
[1] "Writing Reco_U95"
[1] "Writing GPP_U95_f"
[1] "Writing GPP_U95_fqc"
[1] "Writing PotRad_uStar"
[1] "Writing FP_NEEnight_uStar"
[1] "Writing FP_Temp_uStar"
[1] "Writing E_0_uStar"
[1] "Writing R_ref_uStar"
[1] "Writing Reco_uStar_f"
[1] "Writing GPP_uStar_f"
[1] "Writing GPP_uStar_fqc"
[1] "Writing PotRad_NEW"
[1] "Writing Reco_DT_U05"
[1] "Writing GPP_DT_U05"
[1] "Writing Reco_DT_U05_SD"
[1] "Writing GPP_DT_U05_SD"
[1] "Writing Reco_DT_U50"
[1] "Writing GPP_DT_U50"
[1] "Writing Reco_DT_U50_SD"
[1] "Writing GPP_DT_U50_SD"
[1] "Writing Reco_DT_U95"
[1] "Writing GPP_DT_U95"
[1] "Writing Reco_DT_U95_SD"
[1] "Writing GPP_DT_U95_SD"
[1] "Writing FP_VARnight"
[1] "Writing FP_VARday"
[1] "Writing NEW_FP_Temp"
[1] "Writing NEW_FP_VPD"
[1] "Writing FP_RRef_Night"
[1] "Writing FP_qc"
[1] "Writing FP_dRecPar"
[1] "Writing FP_errorcode"
[1] "Writing FP_GPP2000"
[1] "Writing FP_k"
[1] "Writing FP_beta"
[1] "Writing FP_alpha"
[1] "Writing FP_RRef"
[1] "Writing FP_E0"
[1] "Writing FP_k_sd"
[1] "Writing FP_beta_sd"
[1] "Writing FP_alpha_sd"
[1] "Writing FP_RRef_sd"
[1] "Writing FP_E0_sd"
[1] "Writing Reco_DT_uStar"
[1] "Writing GPP_DT_uStar"
[1] "Writing Reco_DT_uStar_SD"
[1] "Writing GPP_DT_uStar_SD"
[1] "Copying NEE_PI_JSZ_MAD_RP_uStar_orig from Clean/ThirdStage_Default_Ustar to Clean/ThirdStage"
[1] "Copying LE_PI_JSZ_MAD_RP_uStar_orig from Clean/ThirdStage_Default_Ustar to Clean/ThirdStage"
[1] "Copying H_PI_JSZ_MAD_RP_uStar_orig from Clean/ThirdStage_Default_Ustar to Clean/ThirdStage"
[1] "Copying NEE_PI_JSZ_MAD_RP_uStar_f from Clean/ThirdStage_Default_Ustar to Clean/ThirdStage"
[1] "Copying LE_PI_JSZ_MAD_RP_uStar_f from Clean/ThirdStage_Default_Ustar to Clean/ThirdStage"
[1] "Copying H_PI_JSZ_MAD_RP_uStar_f from Clean/ThirdStage_Default_Ustar to Clean/ThirdStage"
[1] "Copying Reco_uStar_f from Clean/ThirdStage_Default_Ustar to Clean/ThirdStage"
[1] "Copying GPP_uStar_f from Clean/ThirdStage_Default_Ustar to Clean/ThirdStage"
[1] "Copying PotRad_uStar from Clean/ThirdStage_Default_Ustar to Clean/ThirdStage"
[1] "Copying FP_NEEnight_uStar from Clean/ThirdStage_Default_Ustar to Clean/ThirdStage"
[1] "Copying FP_Temp_uStar from Clean/ThirdStage_Default_Ustar to Clean/ThirdStage"
[1] "Copying E_0_uStar from Clean/ThirdStage_Default_Ustar to Clean/ThirdStage"
[1] "Copying R_ref_uStar from Clean/ThirdStage_Default_Ustar to Clean/ThirdStage"
[1] "Copying Reco_DT_uStar from Clean/ThirdStage_Default_Ustar to Clean/ThirdStage"
[1] "Copying GPP_DT_uStar from Clean/ThirdStage_Default_Ustar to Clean/ThirdStage"
[1] "Copying NEE_PI_JSZ_MAD_RP_U95_orig from Clean/ThirdStage_Default_Ustar to Clean/ThirdStage"
[1] "Copying LE_PI_JSZ_MAD_RP_U95_orig from Clean/ThirdStage_Default_Ustar to Clean/ThirdStage"
[1] "Copying H_PI_JSZ_MAD_RP_U95_orig from Clean/ThirdStage_Default_Ustar to Clean/ThirdStage"
[1] "Copying NEE_PI_JSZ_MAD_RP_U95_f from Clean/ThirdStage_Default_Ustar to Clean/ThirdStage"
[1] "Copying LE_PI_JSZ_MAD_RP_U95_f from Clean/ThirdStage_Default_Ustar to Clean/ThirdStage"
[1] "Copying H_PI_JSZ_MAD_RP_U95_f from Clean/ThirdStage_Default_Ustar to Clean/ThirdStage"
[1] "Copying GPP_U95_f from Clean/ThirdStage_Default_Ustar to Clean/ThirdStage"
[1] "Copying PotRad_U95 from Clean/ThirdStage_Default_Ustar to Clean/ThirdStage"
[1] "Copying FP_NEEnight_U95 from Clean/ThirdStage_Default_Ustar to Clean/ThirdStage"
[1] "Copying FP_Temp_U95 from Clean/ThirdStage_Default_Ustar to Clean/ThirdStage"
[1] "Copying E_0_U95 from Clean/ThirdStage_Default_Ustar to Clean/ThirdStage"
[1] "Copying R_ref_U95 from Clean/ThirdStage_Default_Ustar to Clean/ThirdStage"
[1] "Copying Reco_U95 from Clean/ThirdStage_Default_Ustar to Clean/ThirdStage"
[1] "Copying Reco_DT_U95 from Clean/ThirdStage_Default_Ustar to Clean/ThirdStage"
[1] "Copying GPP_DT_U95 from Clean/ThirdStage_Default_Ustar to Clean/ThirdStage"
There were 33 warnings (use warnings() to see them)
[1] "Skipping RF_GapFilling"
[1] "Stage 3 Complete, total run time:"
Time difference of 2.280394 mins
=============================================================
Completed running Third Stage Rscript: C:\Program Files\R\R-4.4.3\bin\Rscript.exe
=============================================================


Command output:





=============================================================
Rscript:      C:\Program Files\R\R-4.4.3\bin\Rscript.exe
Command line: "C:\Program Files\R\R-4.4.3\bin\Rscript.exe" --vanilla "C:\Users\Marcella Cross\Desktop\HeatDome_Ameriflux_Cleaning\MicroMet\Projects\Biomet.net\R\database_functions\ThirdStage.R" "/Users/Marcella Cross/Desktop/HeatDome_Ameriflux_Cleaning/MicroMet/Projects/My_Micromet/Database" CF3 2021 2021 2> "\Users\Marcella Cross\Desktop\HeatDome_Ameriflux_Cleaning\MicroMet\Projects\My_Micromet\Database\Calculation_Procedures\TraceAnalysis_ini\CF3\log\CF3_ThirdStageCleaning.log" 1>&2
Start:        31-Mar-2025 16:25:27
End:          31-Mar-2025 16:27:48
Elapsed time:    2.3 min
==============================================================
